2024-12-09 10:09:07,705 INFO: 
Version Information: 
OpenStory
	PyTorch: 2.3.1+cu121
	TorchVision: 0.18.1+cu121
2024-12-09 10:09:07,705 INFO: 
  name: dog6
  model_type: EDLoraModel
  world_size: 1
  num_gpu: 1
  manual_seed: 0
  datasets:[
    train:[
      name: LoraDataset
      type: LoraDataset
      concept_list: /content/Data/jsons/dog6.json
      use_caption: True
      instance_transform: [OrderedDict([('type', 'Resize'), ('size', 512)]), OrderedDict([('type', 'HumanResizeCropFinal'), ('size', 512), ('crop_p', 0.5)]), OrderedDict([('type', 'ToTensor')]), OrderedDict([('type', 'Normalize'), ('mean', [0.5]), ('std', [0.5])]), OrderedDict([('type', 'ShuffleCaption'), ('keep_token_num', 1)]), OrderedDict([('type', 'EnhanceText'), ('enhance_type', 'human')])]
      replace_mapping:[
        <TOK>: <dog6_1> <dog6_2>
      ]
      dataset_enlarge_ratio: 100
      use_shuffle: True
      num_worker_per_gpu: 2
      batch_size_per_gpu: 1
      pin_memory: True
      prefetch_mode: cuda
      phase: train
    ]
    val_vis:[
      name: PromptDataset
      type: PromptDataset
      prompts: /content/dlcv_final/Mix-of-Show/datasets/validation_prompts/val.txt
      num_samples_per_prompt: 1
      latent_size: [4, 64, 64]
      replace_mapping:[
        <TOK>: <dog6_1> <dog6_2>
      ]
      use_shuffle: False
      num_worker_per_gpu: 2
      batch_size_per_gpu: 1
      phase: val
    ]
  ]
  network_g:[
    type: EDLoRA
    pretrained_path: experiments/pretrained_models/stable-diffusion-v1-4
    finetune_cfg:[
      text_embedding:[
        enable_tuning: True
        lr: 0.001
      ]
      text_encoder:[
        enable_tuning: True
        lora_cfg:[
          rank: 4
          alpha: 1
          where: CLIPSdpaAttention
        ]
        lr: 1e-05
      ]
      unet:[
        enable_tuning: True
        lora_cfg:[
          rank: 4
          alpha: 1
          where: CrossAttention
        ]
        lr: 0.0001
      ]
    ]
    new_concept_token: <dog6_1>+<dog6_2>
    noise_offset: 0.01
    initializer_token: <rand-0.013>+dog
    sd_version: v1
    test_sampler_type: ddim
  ]
  path:[
    pretrain_network_g: None
    experiments_root: /content/dlcv_final/Mix-of-Show/experiments/dog6
    models: /content/dlcv_final/Mix-of-Show/experiments/dog6/models
    training_states: /content/dlcv_final/Mix-of-Show/experiments/dog6/training_states
    log: /content/dlcv_final/Mix-of-Show/experiments/dog6
    visualization: /content/dlcv_final/Mix-of-Show/experiments/dog6/visualization
  ]
  train:[
    optim_g:[
      type: AdamW
      lr: 0.0
      scale_lr: False
      weight_decay: 0.01
      betas: [0.9, 0.999]
    ]
    kde_opt:[
      type: KDELoss
      loss_weight: 0.002
      bandwidth: 0.5
    ]
    drop_start_iter: -1
    unet_kv_drop_rate: 0.0
    scheduler:[
      type: LinearLR
      num_epochs: 1000
    ]
    total_iter: 1000
    warmup_iter: -1
  ]
  val:[
    val_freq: 1000.0
    save_img: True
    compose_visualize: True
    pbar: True
    suffix: None
    sample:[
      num_inference_steps: 50
      guidance_scale: 7.5
    ]
    metrics: None
  ]
  logger:[
    print_freq: 10
    save_checkpoint_freq: 200.0
    use_tb_logger: False
    wandb:[
      project: None
      resume_id: None
    ]
  ]
  dist_params:[
    backend: nccl
    port: 29500
  ]
  dist: True
  rank: 0
  auto_resume: False
  is_train: True
  root_path: /content/dlcv_final/Mix-of-Show

2024-12-09 10:09:07,706 INFO: Transform [Resize] is created.
2024-12-09 10:09:07,706 INFO: Transform [HumanResizeCropFinal] is created.
2024-12-09 10:09:07,706 INFO: Transform [ToTensor] is created.
2024-12-09 10:09:07,706 INFO: Transform [Normalize] is created.
2024-12-09 10:09:07,706 INFO: Transform [ShuffleCaption] is created.
2024-12-09 10:09:07,706 INFO: Transform [EnhanceText] is created.
2024-12-09 10:09:07,706 INFO: Dataset [LoraDataset] - LoraDataset is built.
2024-12-09 10:09:07,707 INFO: Training statistics:
	Number of train images: 5
	Dataset enlarge ratio: 100
	Batch size per gpu: 1
	World size (gpu number): 1
	Require iter number per epoch: 500
	Total epochs: 2; iters: 1000.
2024-12-09 10:09:07,707 INFO: Dataset [PromptDataset] - PromptDataset is built.
2024-12-09 10:09:07,707 INFO: Number of val images/folders in PromptDataset: 1
2024-12-09 10:09:09,120 INFO: 49408 is random initialized by: <rand-0.013>
2024-12-09 10:09:09,120 INFO: 49409 is random initialized by: <rand-0.013>
2024-12-09 10:09:09,120 INFO: 49410 is random initialized by: <rand-0.013>
2024-12-09 10:09:09,120 INFO: 49411 is random initialized by: <rand-0.013>
2024-12-09 10:09:09,120 INFO: 49412 is random initialized by: <rand-0.013>
2024-12-09 10:09:09,121 INFO: 49413 is random initialized by: <rand-0.013>
2024-12-09 10:09:09,121 INFO: 49414 is random initialized by: <rand-0.013>
2024-12-09 10:09:09,121 INFO: 49415 is random initialized by: <rand-0.013>
2024-12-09 10:09:09,121 INFO: 49416 is random initialized by: <rand-0.013>
2024-12-09 10:09:09,121 INFO: 49417 is random initialized by: <rand-0.013>
2024-12-09 10:09:09,121 INFO: 49418 is random initialized by: <rand-0.013>
2024-12-09 10:09:09,121 INFO: 49419 is random initialized by: <rand-0.013>
2024-12-09 10:09:09,121 INFO: 49420 is random initialized by: <rand-0.013>
2024-12-09 10:09:09,121 INFO: 49421 is random initialized by: <rand-0.013>
2024-12-09 10:09:09,122 INFO: 49422 is random initialized by: <rand-0.013>
2024-12-09 10:09:09,122 INFO: 49423 is random initialized by: <rand-0.013>
2024-12-09 10:09:10,029 INFO: 49424 is random initialized by: dog, 1929
2024-12-09 10:09:10,030 INFO: 49425 is random initialized by: dog, 1929
2024-12-09 10:09:10,030 INFO: 49426 is random initialized by: dog, 1929
2024-12-09 10:09:10,030 INFO: 49427 is random initialized by: dog, 1929
2024-12-09 10:09:10,030 INFO: 49428 is random initialized by: dog, 1929
2024-12-09 10:09:10,031 INFO: 49429 is random initialized by: dog, 1929
2024-12-09 10:09:10,031 INFO: 49430 is random initialized by: dog, 1929
2024-12-09 10:09:10,031 INFO: 49431 is random initialized by: dog, 1929
2024-12-09 10:09:10,031 INFO: 49432 is random initialized by: dog, 1929
2024-12-09 10:09:10,031 INFO: 49433 is random initialized by: dog, 1929
2024-12-09 10:09:10,032 INFO: 49434 is random initialized by: dog, 1929
2024-12-09 10:09:10,032 INFO: 49435 is random initialized by: dog, 1929
2024-12-09 10:09:10,032 INFO: 49436 is random initialized by: dog, 1929
2024-12-09 10:09:10,032 INFO: 49437 is random initialized by: dog, 1929
2024-12-09 10:09:10,033 INFO: 49438 is random initialized by: dog, 1929
2024-12-09 10:09:10,033 INFO: 49439 is random initialized by: dog, 1929
2024-12-09 10:09:10,037 INFO: optimizing embedding using lr: 0.001
2024-12-09 10:09:10,051 INFO: optimizing text_encoder (48 LoRAs), using lr: 1e-05
2024-12-09 10:09:10,091 INFO: optimizing unet (128 LoRAs), using lr: 0.0001
2024-12-09 10:09:10,091 INFO: Network [EDLoRA] is created.
2024-12-09 10:09:11,856 INFO: Network: DistributedDataParallel - EDLoRA, with parameters: 1,067,351,979
2024-12-09 10:09:11,856 INFO: EDLoRA(
  (vae): AutoencoderKL(
    (encoder): Encoder(
      (conv_in): Conv2d(3, 128, kernel_size=(3, 3), stride=(1, 1), padding=(1, 1))
      (down_blocks): ModuleList(
        (0): DownEncoderBlock2D(
          (resnets): ModuleList(
            (0-1): 2 x ResnetBlock2D(
              (norm1): GroupNorm(32, 128, eps=1e-06, affine=True)
              (conv1): Conv2d(128, 128, kernel_size=(3, 3), stride=(1, 1), padding=(1, 1))
              (norm2): GroupNorm(32, 128, eps=1e-06, affine=True)
              (dropout): Dropout(p=0.0, inplace=False)
              (conv2): Conv2d(128, 128, kernel_size=(3, 3), stride=(1, 1), padding=(1, 1))
              (nonlinearity): SiLU()
            )
          )
          (downsamplers): ModuleList(
            (0): Downsample2D(
              (conv): Conv2d(128, 128, kernel_size=(3, 3), stride=(2, 2))
            )
          )
        )
        (1): DownEncoderBlock2D(
          (resnets): ModuleList(
            (0): ResnetBlock2D(
              (norm1): GroupNorm(32, 128, eps=1e-06, affine=True)
              (conv1): Conv2d(128, 256, kernel_size=(3, 3), stride=(1, 1), padding=(1, 1))
              (norm2): GroupNorm(32, 256, eps=1e-06, affine=True)
              (dropout): Dropout(p=0.0, inplace=False)
              (conv2): Conv2d(256, 256, kernel_size=(3, 3), stride=(1, 1), padding=(1, 1))
              (nonlinearity): SiLU()
              (conv_shortcut): Conv2d(128, 256, kernel_size=(1, 1), stride=(1, 1))
            )
            (1): ResnetBlock2D(
              (norm1): GroupNorm(32, 256, eps=1e-06, affine=True)
              (conv1): Conv2d(256, 256, kernel_size=(3, 3), stride=(1, 1), padding=(1, 1))
              (norm2): GroupNorm(32, 256, eps=1e-06, affine=True)
              (dropout): Dropout(p=0.0, inplace=False)
              (conv2): Conv2d(256, 256, kernel_size=(3, 3), stride=(1, 1), padding=(1, 1))
              (nonlinearity): SiLU()
            )
          )
          (downsamplers): ModuleList(
            (0): Downsample2D(
              (conv): Conv2d(256, 256, kernel_size=(3, 3), stride=(2, 2))
            )
          )
        )
        (2): DownEncoderBlock2D(
          (resnets): ModuleList(
            (0): ResnetBlock2D(
              (norm1): GroupNorm(32, 256, eps=1e-06, affine=True)
              (conv1): Conv2d(256, 512, kernel_size=(3, 3), stride=(1, 1), padding=(1, 1))
              (norm2): GroupNorm(32, 512, eps=1e-06, affine=True)
              (dropout): Dropout(p=0.0, inplace=False)
              (conv2): Conv2d(512, 512, kernel_size=(3, 3), stride=(1, 1), padding=(1, 1))
              (nonlinearity): SiLU()
              (conv_shortcut): Conv2d(256, 512, kernel_size=(1, 1), stride=(1, 1))
            )
            (1): ResnetBlock2D(
              (norm1): GroupNorm(32, 512, eps=1e-06, affine=True)
              (conv1): Conv2d(512, 512, kernel_size=(3, 3), stride=(1, 1), padding=(1, 1))
              (norm2): GroupNorm(32, 512, eps=1e-06, affine=True)
              (dropout): Dropout(p=0.0, inplace=False)
              (conv2): Conv2d(512, 512, kernel_size=(3, 3), stride=(1, 1), padding=(1, 1))
              (nonlinearity): SiLU()
            )
          )
          (downsamplers): ModuleList(
            (0): Downsample2D(
              (conv): Conv2d(512, 512, kernel_size=(3, 3), stride=(2, 2))
            )
          )
        )
        (3): DownEncoderBlock2D(
          (resnets): ModuleList(
            (0-1): 2 x ResnetBlock2D(
              (norm1): GroupNorm(32, 512, eps=1e-06, affine=True)
              (conv1): Conv2d(512, 512, kernel_size=(3, 3), stride=(1, 1), padding=(1, 1))
              (norm2): GroupNorm(32, 512, eps=1e-06, affine=True)
              (dropout): Dropout(p=0.0, inplace=False)
              (conv2): Conv2d(512, 512, kernel_size=(3, 3), stride=(1, 1), padding=(1, 1))
              (nonlinearity): SiLU()
            )
          )
        )
      )
      (mid_block): UNetMidBlock2D(
        (attentions): ModuleList(
          (0): AttentionBlock(
            (group_norm): GroupNorm(32, 512, eps=1e-06, affine=True)
            (query): Linear(in_features=512, out_features=512, bias=True)
            (key): Linear(in_features=512, out_features=512, bias=True)
            (value): Linear(in_features=512, out_features=512, bias=True)
            (proj_attn): Linear(in_features=512, out_features=512, bias=True)
          )
        )
        (resnets): ModuleList(
          (0-1): 2 x ResnetBlock2D(
            (norm1): GroupNorm(32, 512, eps=1e-06, affine=True)
            (conv1): Conv2d(512, 512, kernel_size=(3, 3), stride=(1, 1), padding=(1, 1))
            (norm2): GroupNorm(32, 512, eps=1e-06, affine=True)
            (dropout): Dropout(p=0.0, inplace=False)
            (conv2): Conv2d(512, 512, kernel_size=(3, 3), stride=(1, 1), padding=(1, 1))
            (nonlinearity): SiLU()
          )
        )
      )
      (conv_norm_out): GroupNorm(32, 512, eps=1e-06, affine=True)
      (conv_act): SiLU()
      (conv_out): Conv2d(512, 8, kernel_size=(3, 3), stride=(1, 1), padding=(1, 1))
    )
    (decoder): Decoder(
      (conv_in): Conv2d(4, 512, kernel_size=(3, 3), stride=(1, 1), padding=(1, 1))
      (up_blocks): ModuleList(
        (0-1): 2 x UpDecoderBlock2D(
          (resnets): ModuleList(
            (0-2): 3 x ResnetBlock2D(
              (norm1): GroupNorm(32, 512, eps=1e-06, affine=True)
              (conv1): Conv2d(512, 512, kernel_size=(3, 3), stride=(1, 1), padding=(1, 1))
              (norm2): GroupNorm(32, 512, eps=1e-06, affine=True)
              (dropout): Dropout(p=0.0, inplace=False)
              (conv2): Conv2d(512, 512, kernel_size=(3, 3), stride=(1, 1), padding=(1, 1))
              (nonlinearity): SiLU()
            )
          )
          (upsamplers): ModuleList(
            (0): Upsample2D(
              (conv): Conv2d(512, 512, kernel_size=(3, 3), stride=(1, 1), padding=(1, 1))
            )
          )
        )
        (2): UpDecoderBlock2D(
          (resnets): ModuleList(
            (0): ResnetBlock2D(
              (norm1): GroupNorm(32, 512, eps=1e-06, affine=True)
              (conv1): Conv2d(512, 256, kernel_size=(3, 3), stride=(1, 1), padding=(1, 1))
              (norm2): GroupNorm(32, 256, eps=1e-06, affine=True)
              (dropout): Dropout(p=0.0, inplace=False)
              (conv2): Conv2d(256, 256, kernel_size=(3, 3), stride=(1, 1), padding=(1, 1))
              (nonlinearity): SiLU()
              (conv_shortcut): Conv2d(512, 256, kernel_size=(1, 1), stride=(1, 1))
            )
            (1-2): 2 x ResnetBlock2D(
              (norm1): GroupNorm(32, 256, eps=1e-06, affine=True)
              (conv1): Conv2d(256, 256, kernel_size=(3, 3), stride=(1, 1), padding=(1, 1))
              (norm2): GroupNorm(32, 256, eps=1e-06, affine=True)
              (dropout): Dropout(p=0.0, inplace=False)
              (conv2): Conv2d(256, 256, kernel_size=(3, 3), stride=(1, 1), padding=(1, 1))
              (nonlinearity): SiLU()
            )
          )
          (upsamplers): ModuleList(
            (0): Upsample2D(
              (conv): Conv2d(256, 256, kernel_size=(3, 3), stride=(1, 1), padding=(1, 1))
            )
          )
        )
        (3): UpDecoderBlock2D(
          (resnets): ModuleList(
            (0): ResnetBlock2D(
              (norm1): GroupNorm(32, 256, eps=1e-06, affine=True)
              (conv1): Conv2d(256, 128, kernel_size=(3, 3), stride=(1, 1), padding=(1, 1))
              (norm2): GroupNorm(32, 128, eps=1e-06, affine=True)
              (dropout): Dropout(p=0.0, inplace=False)
              (conv2): Conv2d(128, 128, kernel_size=(3, 3), stride=(1, 1), padding=(1, 1))
              (nonlinearity): SiLU()
              (conv_shortcut): Conv2d(256, 128, kernel_size=(1, 1), stride=(1, 1))
            )
            (1-2): 2 x ResnetBlock2D(
              (norm1): GroupNorm(32, 128, eps=1e-06, affine=True)
              (conv1): Conv2d(128, 128, kernel_size=(3, 3), stride=(1, 1), padding=(1, 1))
              (norm2): GroupNorm(32, 128, eps=1e-06, affine=True)
              (dropout): Dropout(p=0.0, inplace=False)
              (conv2): Conv2d(128, 128, kernel_size=(3, 3), stride=(1, 1), padding=(1, 1))
              (nonlinearity): SiLU()
            )
          )
        )
      )
      (mid_block): UNetMidBlock2D(
        (attentions): ModuleList(
          (0): AttentionBlock(
            (group_norm): GroupNorm(32, 512, eps=1e-06, affine=True)
            (query): Linear(in_features=512, out_features=512, bias=True)
            (key): Linear(in_features=512, out_features=512, bias=True)
            (value): Linear(in_features=512, out_features=512, bias=True)
            (proj_attn): Linear(in_features=512, out_features=512, bias=True)
          )
        )
        (resnets): ModuleList(
          (0-1): 2 x ResnetBlock2D(
            (norm1): GroupNorm(32, 512, eps=1e-06, affine=True)
            (conv1): Conv2d(512, 512, kernel_size=(3, 3), stride=(1, 1), padding=(1, 1))
            (norm2): GroupNorm(32, 512, eps=1e-06, affine=True)
            (dropout): Dropout(p=0.0, inplace=False)
            (conv2): Conv2d(512, 512, kernel_size=(3, 3), stride=(1, 1), padding=(1, 1))
            (nonlinearity): SiLU()
          )
        )
      )
      (conv_norm_out): GroupNorm(32, 128, eps=1e-06, affine=True)
      (conv_act): SiLU()
      (conv_out): Conv2d(128, 3, kernel_size=(3, 3), stride=(1, 1), padding=(1, 1))
    )
    (quant_conv): Conv2d(8, 8, kernel_size=(1, 1), stride=(1, 1))
    (post_quant_conv): Conv2d(4, 4, kernel_size=(1, 1), stride=(1, 1))
  )
  (text_encoder): CLIPTextModel(
    (text_model): CLIPTextTransformer(
      (embeddings): CLIPTextEmbeddings(
        (token_embedding): Embedding(49440, 768)
        (position_embedding): Embedding(77, 768)
      )
      (encoder): CLIPEncoder(
        (layers): ModuleList(
          (0-11): 12 x CLIPEncoderLayer(
            (self_attn): CLIPSdpaAttention(
              (k_proj): Linear(in_features=768, out_features=768, bias=True)
              (v_proj): Linear(in_features=768, out_features=768, bias=True)
              (q_proj): Linear(in_features=768, out_features=768, bias=True)
              (out_proj): Linear(in_features=768, out_features=768, bias=True)
            )
            (layer_norm1): LayerNorm((768,), eps=1e-05, elementwise_affine=True)
            (mlp): CLIPMLP(
              (activation_fn): QuickGELUActivation()
              (fc1): Linear(in_features=768, out_features=3072, bias=True)
              (fc2): Linear(in_features=3072, out_features=768, bias=True)
            )
            (layer_norm2): LayerNorm((768,), eps=1e-05, elementwise_affine=True)
          )
        )
      )
      (final_layer_norm): LayerNorm((768,), eps=1e-05, elementwise_affine=True)
    )
  )
  (unet): UNet2DConditionModel(
    (conv_in): Conv2d(4, 320, kernel_size=(3, 3), stride=(1, 1), padding=(1, 1))
    (time_proj): Timesteps()
    (time_embedding): TimestepEmbedding(
      (linear_1): Linear(in_features=320, out_features=1280, bias=True)
      (act): SiLU()
      (linear_2): Linear(in_features=1280, out_features=1280, bias=True)
    )
    (down_blocks): ModuleList(
      (0): CrossAttnDownBlock2D(
        (attentions): ModuleList(
          (0-1): 2 x Transformer2DModel(
            (norm): GroupNorm(32, 320, eps=1e-06, affine=True)
            (proj_in): Conv2d(320, 320, kernel_size=(1, 1), stride=(1, 1))
            (transformer_blocks): ModuleList(
              (0): BasicTransformerBlock(
                (attn1): CrossAttention(
                  (to_q): Linear(in_features=320, out_features=320, bias=False)
                  (to_k): Linear(in_features=320, out_features=320, bias=False)
                  (to_v): Linear(in_features=320, out_features=320, bias=False)
                  (to_out): ModuleList(
                    (0): Linear(in_features=320, out_features=320, bias=True)
                    (1): Dropout(p=0.0, inplace=False)
                  )
                )
                (ff): FeedForward(
                  (net): ModuleList(
                    (0): GEGLU(
                      (proj): Linear(in_features=320, out_features=2560, bias=True)
                    )
                    (1): Dropout(p=0.0, inplace=False)
                    (2): Linear(in_features=1280, out_features=320, bias=True)
                  )
                )
                (attn2): CrossAttention(
                  (to_q): Linear(in_features=320, out_features=320, bias=False)
                  (to_k): Linear(in_features=768, out_features=320, bias=False)
                  (to_v): Linear(in_features=768, out_features=320, bias=False)
                  (to_out): ModuleList(
                    (0): Linear(in_features=320, out_features=320, bias=True)
                    (1): Dropout(p=0.0, inplace=False)
                  )
                )
                (norm1): LayerNorm((320,), eps=1e-05, elementwise_affine=True)
                (norm2): LayerNorm((320,), eps=1e-05, elementwise_affine=True)
                (norm3): LayerNorm((320,), eps=1e-05, elementwise_affine=True)
              )
            )
            (proj_out): Conv2d(320, 320, kernel_size=(1, 1), stride=(1, 1))
          )
        )
        (resnets): ModuleList(
          (0-1): 2 x ResnetBlock2D(
            (norm1): GroupNorm(32, 320, eps=1e-05, affine=True)
            (conv1): Conv2d(320, 320, kernel_size=(3, 3), stride=(1, 1), padding=(1, 1))
            (time_emb_proj): Linear(in_features=1280, out_features=320, bias=True)
            (norm2): GroupNorm(32, 320, eps=1e-05, affine=True)
            (dropout): Dropout(p=0.0, inplace=False)
            (conv2): Conv2d(320, 320, kernel_size=(3, 3), stride=(1, 1), padding=(1, 1))
            (nonlinearity): SiLU()
          )
        )
        (downsamplers): ModuleList(
          (0): Downsample2D(
            (conv): Conv2d(320, 320, kernel_size=(3, 3), stride=(2, 2), padding=(1, 1))
          )
        )
      )
      (1): CrossAttnDownBlock2D(
        (attentions): ModuleList(
          (0-1): 2 x Transformer2DModel(
            (norm): GroupNorm(32, 640, eps=1e-06, affine=True)
            (proj_in): Conv2d(640, 640, kernel_size=(1, 1), stride=(1, 1))
            (transformer_blocks): ModuleList(
              (0): BasicTransformerBlock(
                (attn1): CrossAttention(
                  (to_q): Linear(in_features=640, out_features=640, bias=False)
                  (to_k): Linear(in_features=640, out_features=640, bias=False)
                  (to_v): Linear(in_features=640, out_features=640, bias=False)
                  (to_out): ModuleList(
                    (0): Linear(in_features=640, out_features=640, bias=True)
                    (1): Dropout(p=0.0, inplace=False)
                  )
                )
                (ff): FeedForward(
                  (net): ModuleList(
                    (0): GEGLU(
                      (proj): Linear(in_features=640, out_features=5120, bias=True)
                    )
                    (1): Dropout(p=0.0, inplace=False)
                    (2): Linear(in_features=2560, out_features=640, bias=True)
                  )
                )
                (attn2): CrossAttention(
                  (to_q): Linear(in_features=640, out_features=640, bias=False)
                  (to_k): Linear(in_features=768, out_features=640, bias=False)
                  (to_v): Linear(in_features=768, out_features=640, bias=False)
                  (to_out): ModuleList(
                    (0): Linear(in_features=640, out_features=640, bias=True)
                    (1): Dropout(p=0.0, inplace=False)
                  )
                )
                (norm1): LayerNorm((640,), eps=1e-05, elementwise_affine=True)
                (norm2): LayerNorm((640,), eps=1e-05, elementwise_affine=True)
                (norm3): LayerNorm((640,), eps=1e-05, elementwise_affine=True)
              )
            )
            (proj_out): Conv2d(640, 640, kernel_size=(1, 1), stride=(1, 1))
          )
        )
        (resnets): ModuleList(
          (0): ResnetBlock2D(
            (norm1): GroupNorm(32, 320, eps=1e-05, affine=True)
            (conv1): Conv2d(320, 640, kernel_size=(3, 3), stride=(1, 1), padding=(1, 1))
            (time_emb_proj): Linear(in_features=1280, out_features=640, bias=True)
            (norm2): GroupNorm(32, 640, eps=1e-05, affine=True)
            (dropout): Dropout(p=0.0, inplace=False)
            (conv2): Conv2d(640, 640, kernel_size=(3, 3), stride=(1, 1), padding=(1, 1))
            (nonlinearity): SiLU()
            (conv_shortcut): Conv2d(320, 640, kernel_size=(1, 1), stride=(1, 1))
          )
          (1): ResnetBlock2D(
            (norm1): GroupNorm(32, 640, eps=1e-05, affine=True)
            (conv1): Conv2d(640, 640, kernel_size=(3, 3), stride=(1, 1), padding=(1, 1))
            (time_emb_proj): Linear(in_features=1280, out_features=640, bias=True)
            (norm2): GroupNorm(32, 640, eps=1e-05, affine=True)
            (dropout): Dropout(p=0.0, inplace=False)
            (conv2): Conv2d(640, 640, kernel_size=(3, 3), stride=(1, 1), padding=(1, 1))
            (nonlinearity): SiLU()
          )
        )
        (downsamplers): ModuleList(
          (0): Downsample2D(
            (conv): Conv2d(640, 640, kernel_size=(3, 3), stride=(2, 2), padding=(1, 1))
          )
        )
      )
      (2): CrossAttnDownBlock2D(
        (attentions): ModuleList(
          (0-1): 2 x Transformer2DModel(
            (norm): GroupNorm(32, 1280, eps=1e-06, affine=True)
            (proj_in): Conv2d(1280, 1280, kernel_size=(1, 1), stride=(1, 1))
            (transformer_blocks): ModuleList(
              (0): BasicTransformerBlock(
                (attn1): CrossAttention(
                  (to_q): Linear(in_features=1280, out_features=1280, bias=False)
                  (to_k): Linear(in_features=1280, out_features=1280, bias=False)
                  (to_v): Linear(in_features=1280, out_features=1280, bias=False)
                  (to_out): ModuleList(
                    (0): Linear(in_features=1280, out_features=1280, bias=True)
                    (1): Dropout(p=0.0, inplace=False)
                  )
                )
                (ff): FeedForward(
                  (net): ModuleList(
                    (0): GEGLU(
                      (proj): Linear(in_features=1280, out_features=10240, bias=True)
                    )
                    (1): Dropout(p=0.0, inplace=False)
                    (2): Linear(in_features=5120, out_features=1280, bias=True)
                  )
                )
                (attn2): CrossAttention(
                  (to_q): Linear(in_features=1280, out_features=1280, bias=False)
                  (to_k): Linear(in_features=768, out_features=1280, bias=False)
                  (to_v): Linear(in_features=768, out_features=1280, bias=False)
                  (to_out): ModuleList(
                    (0): Linear(in_features=1280, out_features=1280, bias=True)
                    (1): Dropout(p=0.0, inplace=False)
                  )
                )
                (norm1): LayerNorm((1280,), eps=1e-05, elementwise_affine=True)
                (norm2): LayerNorm((1280,), eps=1e-05, elementwise_affine=True)
                (norm3): LayerNorm((1280,), eps=1e-05, elementwise_affine=True)
              )
            )
            (proj_out): Conv2d(1280, 1280, kernel_size=(1, 1), stride=(1, 1))
          )
        )
        (resnets): ModuleList(
          (0): ResnetBlock2D(
            (norm1): GroupNorm(32, 640, eps=1e-05, affine=True)
            (conv1): Conv2d(640, 1280, kernel_size=(3, 3), stride=(1, 1), padding=(1, 1))
            (time_emb_proj): Linear(in_features=1280, out_features=1280, bias=True)
            (norm2): GroupNorm(32, 1280, eps=1e-05, affine=True)
            (dropout): Dropout(p=0.0, inplace=False)
            (conv2): Conv2d(1280, 1280, kernel_size=(3, 3), stride=(1, 1), padding=(1, 1))
            (nonlinearity): SiLU()
            (conv_shortcut): Conv2d(640, 1280, kernel_size=(1, 1), stride=(1, 1))
          )
          (1): ResnetBlock2D(
            (norm1): GroupNorm(32, 1280, eps=1e-05, affine=True)
            (conv1): Conv2d(1280, 1280, kernel_size=(3, 3), stride=(1, 1), padding=(1, 1))
            (time_emb_proj): Linear(in_features=1280, out_features=1280, bias=True)
            (norm2): GroupNorm(32, 1280, eps=1e-05, affine=True)
            (dropout): Dropout(p=0.0, inplace=False)
            (conv2): Conv2d(1280, 1280, kernel_size=(3, 3), stride=(1, 1), padding=(1, 1))
            (nonlinearity): SiLU()
          )
        )
        (downsamplers): ModuleList(
          (0): Downsample2D(
            (conv): Conv2d(1280, 1280, kernel_size=(3, 3), stride=(2, 2), padding=(1, 1))
          )
        )
      )
      (3): DownBlock2D(
        (resnets): ModuleList(
          (0-1): 2 x ResnetBlock2D(
            (norm1): GroupNorm(32, 1280, eps=1e-05, affine=True)
            (conv1): Conv2d(1280, 1280, kernel_size=(3, 3), stride=(1, 1), padding=(1, 1))
            (time_emb_proj): Linear(in_features=1280, out_features=1280, bias=True)
            (norm2): GroupNorm(32, 1280, eps=1e-05, affine=True)
            (dropout): Dropout(p=0.0, inplace=False)
            (conv2): Conv2d(1280, 1280, kernel_size=(3, 3), stride=(1, 1), padding=(1, 1))
            (nonlinearity): SiLU()
          )
        )
      )
    )
    (up_blocks): ModuleList(
      (0): UpBlock2D(
        (resnets): ModuleList(
          (0-2): 3 x ResnetBlock2D(
            (norm1): GroupNorm(32, 2560, eps=1e-05, affine=True)
            (conv1): Conv2d(2560, 1280, kernel_size=(3, 3), stride=(1, 1), padding=(1, 1))
            (time_emb_proj): Linear(in_features=1280, out_features=1280, bias=True)
            (norm2): GroupNorm(32, 1280, eps=1e-05, affine=True)
            (dropout): Dropout(p=0.0, inplace=False)
            (conv2): Conv2d(1280, 1280, kernel_size=(3, 3), stride=(1, 1), padding=(1, 1))
            (nonlinearity): SiLU()
            (conv_shortcut): Conv2d(2560, 1280, kernel_size=(1, 1), stride=(1, 1))
          )
        )
        (upsamplers): ModuleList(
          (0): Upsample2D(
            (conv): Conv2d(1280, 1280, kernel_size=(3, 3), stride=(1, 1), padding=(1, 1))
          )
        )
      )
      (1): CrossAttnUpBlock2D(
        (attentions): ModuleList(
          (0-2): 3 x Transformer2DModel(
            (norm): GroupNorm(32, 1280, eps=1e-06, affine=True)
            (proj_in): Conv2d(1280, 1280, kernel_size=(1, 1), stride=(1, 1))
            (transformer_blocks): ModuleList(
              (0): BasicTransformerBlock(
                (attn1): CrossAttention(
                  (to_q): Linear(in_features=1280, out_features=1280, bias=False)
                  (to_k): Linear(in_features=1280, out_features=1280, bias=False)
                  (to_v): Linear(in_features=1280, out_features=1280, bias=False)
                  (to_out): ModuleList(
                    (0): Linear(in_features=1280, out_features=1280, bias=True)
                    (1): Dropout(p=0.0, inplace=False)
                  )
                )
                (ff): FeedForward(
                  (net): ModuleList(
                    (0): GEGLU(
                      (proj): Linear(in_features=1280, out_features=10240, bias=True)
                    )
                    (1): Dropout(p=0.0, inplace=False)
                    (2): Linear(in_features=5120, out_features=1280, bias=True)
                  )
                )
                (attn2): CrossAttention(
                  (to_q): Linear(in_features=1280, out_features=1280, bias=False)
                  (to_k): Linear(in_features=768, out_features=1280, bias=False)
                  (to_v): Linear(in_features=768, out_features=1280, bias=False)
                  (to_out): ModuleList(
                    (0): Linear(in_features=1280, out_features=1280, bias=True)
                    (1): Dropout(p=0.0, inplace=False)
                  )
                )
                (norm1): LayerNorm((1280,), eps=1e-05, elementwise_affine=True)
                (norm2): LayerNorm((1280,), eps=1e-05, elementwise_affine=True)
                (norm3): LayerNorm((1280,), eps=1e-05, elementwise_affine=True)
              )
            )
            (proj_out): Conv2d(1280, 1280, kernel_size=(1, 1), stride=(1, 1))
          )
        )
        (resnets): ModuleList(
          (0-1): 2 x ResnetBlock2D(
            (norm1): GroupNorm(32, 2560, eps=1e-05, affine=True)
            (conv1): Conv2d(2560, 1280, kernel_size=(3, 3), stride=(1, 1), padding=(1, 1))
            (time_emb_proj): Linear(in_features=1280, out_features=1280, bias=True)
            (norm2): GroupNorm(32, 1280, eps=1e-05, affine=True)
            (dropout): Dropout(p=0.0, inplace=False)
            (conv2): Conv2d(1280, 1280, kernel_size=(3, 3), stride=(1, 1), padding=(1, 1))
            (nonlinearity): SiLU()
            (conv_shortcut): Conv2d(2560, 1280, kernel_size=(1, 1), stride=(1, 1))
          )
          (2): ResnetBlock2D(
            (norm1): GroupNorm(32, 1920, eps=1e-05, affine=True)
            (conv1): Conv2d(1920, 1280, kernel_size=(3, 3), stride=(1, 1), padding=(1, 1))
            (time_emb_proj): Linear(in_features=1280, out_features=1280, bias=True)
            (norm2): GroupNorm(32, 1280, eps=1e-05, affine=True)
            (dropout): Dropout(p=0.0, inplace=False)
            (conv2): Conv2d(1280, 1280, kernel_size=(3, 3), stride=(1, 1), padding=(1, 1))
            (nonlinearity): SiLU()
            (conv_shortcut): Conv2d(1920, 1280, kernel_size=(1, 1), stride=(1, 1))
          )
        )
        (upsamplers): ModuleList(
          (0): Upsample2D(
            (conv): Conv2d(1280, 1280, kernel_size=(3, 3), stride=(1, 1), padding=(1, 1))
          )
        )
      )
      (2): CrossAttnUpBlock2D(
        (attentions): ModuleList(
          (0-2): 3 x Transformer2DModel(
            (norm): GroupNorm(32, 640, eps=1e-06, affine=True)
            (proj_in): Conv2d(640, 640, kernel_size=(1, 1), stride=(1, 1))
            (transformer_blocks): ModuleList(
              (0): BasicTransformerBlock(
                (attn1): CrossAttention(
                  (to_q): Linear(in_features=640, out_features=640, bias=False)
                  (to_k): Linear(in_features=640, out_features=640, bias=False)
                  (to_v): Linear(in_features=640, out_features=640, bias=False)
                  (to_out): ModuleList(
                    (0): Linear(in_features=640, out_features=640, bias=True)
                    (1): Dropout(p=0.0, inplace=False)
                  )
                )
                (ff): FeedForward(
                  (net): ModuleList(
                    (0): GEGLU(
                      (proj): Linear(in_features=640, out_features=5120, bias=True)
                    )
                    (1): Dropout(p=0.0, inplace=False)
                    (2): Linear(in_features=2560, out_features=640, bias=True)
                  )
                )
                (attn2): CrossAttention(
                  (to_q): Linear(in_features=640, out_features=640, bias=False)
                  (to_k): Linear(in_features=768, out_features=640, bias=False)
                  (to_v): Linear(in_features=768, out_features=640, bias=False)
                  (to_out): ModuleList(
                    (0): Linear(in_features=640, out_features=640, bias=True)
                    (1): Dropout(p=0.0, inplace=False)
                  )
                )
                (norm1): LayerNorm((640,), eps=1e-05, elementwise_affine=True)
                (norm2): LayerNorm((640,), eps=1e-05, elementwise_affine=True)
                (norm3): LayerNorm((640,), eps=1e-05, elementwise_affine=True)
              )
            )
            (proj_out): Conv2d(640, 640, kernel_size=(1, 1), stride=(1, 1))
          )
        )
        (resnets): ModuleList(
          (0): ResnetBlock2D(
            (norm1): GroupNorm(32, 1920, eps=1e-05, affine=True)
            (conv1): Conv2d(1920, 640, kernel_size=(3, 3), stride=(1, 1), padding=(1, 1))
            (time_emb_proj): Linear(in_features=1280, out_features=640, bias=True)
            (norm2): GroupNorm(32, 640, eps=1e-05, affine=True)
            (dropout): Dropout(p=0.0, inplace=False)
            (conv2): Conv2d(640, 640, kernel_size=(3, 3), stride=(1, 1), padding=(1, 1))
            (nonlinearity): SiLU()
            (conv_shortcut): Conv2d(1920, 640, kernel_size=(1, 1), stride=(1, 1))
          )
          (1): ResnetBlock2D(
            (norm1): GroupNorm(32, 1280, eps=1e-05, affine=True)
            (conv1): Conv2d(1280, 640, kernel_size=(3, 3), stride=(1, 1), padding=(1, 1))
            (time_emb_proj): Linear(in_features=1280, out_features=640, bias=True)
            (norm2): GroupNorm(32, 640, eps=1e-05, affine=True)
            (dropout): Dropout(p=0.0, inplace=False)
            (conv2): Conv2d(640, 640, kernel_size=(3, 3), stride=(1, 1), padding=(1, 1))
            (nonlinearity): SiLU()
            (conv_shortcut): Conv2d(1280, 640, kernel_size=(1, 1), stride=(1, 1))
          )
          (2): ResnetBlock2D(
            (norm1): GroupNorm(32, 960, eps=1e-05, affine=True)
            (conv1): Conv2d(960, 640, kernel_size=(3, 3), stride=(1, 1), padding=(1, 1))
            (time_emb_proj): Linear(in_features=1280, out_features=640, bias=True)
            (norm2): GroupNorm(32, 640, eps=1e-05, affine=True)
            (dropout): Dropout(p=0.0, inplace=False)
            (conv2): Conv2d(640, 640, kernel_size=(3, 3), stride=(1, 1), padding=(1, 1))
            (nonlinearity): SiLU()
            (conv_shortcut): Conv2d(960, 640, kernel_size=(1, 1), stride=(1, 1))
          )
        )
        (upsamplers): ModuleList(
          (0): Upsample2D(
            (conv): Conv2d(640, 640, kernel_size=(3, 3), stride=(1, 1), padding=(1, 1))
          )
        )
      )
      (3): CrossAttnUpBlock2D(
        (attentions): ModuleList(
          (0-2): 3 x Transformer2DModel(
            (norm): GroupNorm(32, 320, eps=1e-06, affine=True)
            (proj_in): Conv2d(320, 320, kernel_size=(1, 1), stride=(1, 1))
            (transformer_blocks): ModuleList(
              (0): BasicTransformerBlock(
                (attn1): CrossAttention(
                  (to_q): Linear(in_features=320, out_features=320, bias=False)
                  (to_k): Linear(in_features=320, out_features=320, bias=False)
                  (to_v): Linear(in_features=320, out_features=320, bias=False)
                  (to_out): ModuleList(
                    (0): Linear(in_features=320, out_features=320, bias=True)
                    (1): Dropout(p=0.0, inplace=False)
                  )
                )
                (ff): FeedForward(
                  (net): ModuleList(
                    (0): GEGLU(
                      (proj): Linear(in_features=320, out_features=2560, bias=True)
                    )
                    (1): Dropout(p=0.0, inplace=False)
                    (2): Linear(in_features=1280, out_features=320, bias=True)
                  )
                )
                (attn2): CrossAttention(
                  (to_q): Linear(in_features=320, out_features=320, bias=False)
                  (to_k): Linear(in_features=768, out_features=320, bias=False)
                  (to_v): Linear(in_features=768, out_features=320, bias=False)
                  (to_out): ModuleList(
                    (0): Linear(in_features=320, out_features=320, bias=True)
                    (1): Dropout(p=0.0, inplace=False)
                  )
                )
                (norm1): LayerNorm((320,), eps=1e-05, elementwise_affine=True)
                (norm2): LayerNorm((320,), eps=1e-05, elementwise_affine=True)
                (norm3): LayerNorm((320,), eps=1e-05, elementwise_affine=True)
              )
            )
            (proj_out): Conv2d(320, 320, kernel_size=(1, 1), stride=(1, 1))
          )
        )
        (resnets): ModuleList(
          (0): ResnetBlock2D(
            (norm1): GroupNorm(32, 960, eps=1e-05, affine=True)
            (conv1): Conv2d(960, 320, kernel_size=(3, 3), stride=(1, 1), padding=(1, 1))
            (time_emb_proj): Linear(in_features=1280, out_features=320, bias=True)
            (norm2): GroupNorm(32, 320, eps=1e-05, affine=True)
            (dropout): Dropout(p=0.0, inplace=False)
            (conv2): Conv2d(320, 320, kernel_size=(3, 3), stride=(1, 1), padding=(1, 1))
            (nonlinearity): SiLU()
            (conv_shortcut): Conv2d(960, 320, kernel_size=(1, 1), stride=(1, 1))
          )
          (1-2): 2 x ResnetBlock2D(
            (norm1): GroupNorm(32, 640, eps=1e-05, affine=True)
            (conv1): Conv2d(640, 320, kernel_size=(3, 3), stride=(1, 1), padding=(1, 1))
            (time_emb_proj): Linear(in_features=1280, out_features=320, bias=True)
            (norm2): GroupNorm(32, 320, eps=1e-05, affine=True)
            (dropout): Dropout(p=0.0, inplace=False)
            (conv2): Conv2d(320, 320, kernel_size=(3, 3), stride=(1, 1), padding=(1, 1))
            (nonlinearity): SiLU()
            (conv_shortcut): Conv2d(640, 320, kernel_size=(1, 1), stride=(1, 1))
          )
        )
      )
    )
    (mid_block): UNetMidBlock2DCrossAttn(
      (attentions): ModuleList(
        (0): Transformer2DModel(
          (norm): GroupNorm(32, 1280, eps=1e-06, affine=True)
          (proj_in): Conv2d(1280, 1280, kernel_size=(1, 1), stride=(1, 1))
          (transformer_blocks): ModuleList(
            (0): BasicTransformerBlock(
              (attn1): CrossAttention(
                (to_q): Linear(in_features=1280, out_features=1280, bias=False)
                (to_k): Linear(in_features=1280, out_features=1280, bias=False)
                (to_v): Linear(in_features=1280, out_features=1280, bias=False)
                (to_out): ModuleList(
                  (0): Linear(in_features=1280, out_features=1280, bias=True)
                  (1): Dropout(p=0.0, inplace=False)
                )
              )
              (ff): FeedForward(
                (net): ModuleList(
                  (0): GEGLU(
                    (proj): Linear(in_features=1280, out_features=10240, bias=True)
                  )
                  (1): Dropout(p=0.0, inplace=False)
                  (2): Linear(in_features=5120, out_features=1280, bias=True)
                )
              )
              (attn2): CrossAttention(
                (to_q): Linear(in_features=1280, out_features=1280, bias=False)
                (to_k): Linear(in_features=768, out_features=1280, bias=False)
                (to_v): Linear(in_features=768, out_features=1280, bias=False)
                (to_out): ModuleList(
                  (0): Linear(in_features=1280, out_features=1280, bias=True)
                  (1): Dropout(p=0.0, inplace=False)
                )
              )
              (norm1): LayerNorm((1280,), eps=1e-05, elementwise_affine=True)
              (norm2): LayerNorm((1280,), eps=1e-05, elementwise_affine=True)
              (norm3): LayerNorm((1280,), eps=1e-05, elementwise_affine=True)
            )
          )
          (proj_out): Conv2d(1280, 1280, kernel_size=(1, 1), stride=(1, 1))
        )
      )
      (resnets): ModuleList(
        (0-1): 2 x ResnetBlock2D(
          (norm1): GroupNorm(32, 1280, eps=1e-05, affine=True)
          (conv1): Conv2d(1280, 1280, kernel_size=(3, 3), stride=(1, 1), padding=(1, 1))
          (time_emb_proj): Linear(in_features=1280, out_features=1280, bias=True)
          (norm2): GroupNorm(32, 1280, eps=1e-05, affine=True)
          (dropout): Dropout(p=0.0, inplace=False)
          (conv2): Conv2d(1280, 1280, kernel_size=(3, 3), stride=(1, 1), padding=(1, 1))
          (nonlinearity): SiLU()
        )
      )
    )
    (conv_norm_out): GroupNorm(32, 320, eps=1e-05, affine=True)
    (conv_act): SiLU()
    (conv_out): Conv2d(320, 4, kernel_size=(3, 3), stride=(1, 1), padding=(1, 1))
  )
  (text_encoder_lora): ModuleList(
    (0-47): 48 x LoRALinearLayer(
      (down): Linear(in_features=768, out_features=4, bias=False)
      (up): Linear(in_features=4, out_features=768, bias=False)
    )
  )
  (unet_lora): ModuleList(
    (0-4): 5 x LoRALinearLayer(
      (down): Linear(in_features=320, out_features=4, bias=False)
      (up): Linear(in_features=4, out_features=320, bias=False)
    )
    (5-6): 2 x LoRALinearLayer(
      (down): Linear(in_features=768, out_features=4, bias=False)
      (up): Linear(in_features=4, out_features=320, bias=False)
    )
    (7-12): 6 x LoRALinearLayer(
      (down): Linear(in_features=320, out_features=4, bias=False)
      (up): Linear(in_features=4, out_features=320, bias=False)
    )
    (13-14): 2 x LoRALinearLayer(
      (down): Linear(in_features=768, out_features=4, bias=False)
      (up): Linear(in_features=4, out_features=320, bias=False)
    )
    (15): LoRALinearLayer(
      (down): Linear(in_features=320, out_features=4, bias=False)
      (up): Linear(in_features=4, out_features=320, bias=False)
    )
    (16-20): 5 x LoRALinearLayer(
      (down): Linear(in_features=640, out_features=4, bias=False)
      (up): Linear(in_features=4, out_features=640, bias=False)
    )
    (21-22): 2 x LoRALinearLayer(
      (down): Linear(in_features=768, out_features=4, bias=False)
      (up): Linear(in_features=4, out_features=640, bias=False)
    )
    (23-28): 6 x LoRALinearLayer(
      (down): Linear(in_features=640, out_features=4, bias=False)
      (up): Linear(in_features=4, out_features=640, bias=False)
    )
    (29-30): 2 x LoRALinearLayer(
      (down): Linear(in_features=768, out_features=4, bias=False)
      (up): Linear(in_features=4, out_features=640, bias=False)
    )
    (31): LoRALinearLayer(
      (down): Linear(in_features=640, out_features=4, bias=False)
      (up): Linear(in_features=4, out_features=640, bias=False)
    )
    (32-36): 5 x LoRALinearLayer(
      (down): Linear(in_features=1280, out_features=4, bias=False)
      (up): Linear(in_features=4, out_features=1280, bias=False)
    )
    (37-38): 2 x LoRALinearLayer(
      (down): Linear(in_features=768, out_features=4, bias=False)
      (up): Linear(in_features=4, out_features=1280, bias=False)
    )
    (39-44): 6 x LoRALinearLayer(
      (down): Linear(in_features=1280, out_features=4, bias=False)
      (up): Linear(in_features=4, out_features=1280, bias=False)
    )
    (45-46): 2 x LoRALinearLayer(
      (down): Linear(in_features=768, out_features=4, bias=False)
      (up): Linear(in_features=4, out_features=1280, bias=False)
    )
    (47-52): 6 x LoRALinearLayer(
      (down): Linear(in_features=1280, out_features=4, bias=False)
      (up): Linear(in_features=4, out_features=1280, bias=False)
    )
    (53-54): 2 x LoRALinearLayer(
      (down): Linear(in_features=768, out_features=4, bias=False)
      (up): Linear(in_features=4, out_features=1280, bias=False)
    )
    (55-60): 6 x LoRALinearLayer(
      (down): Linear(in_features=1280, out_features=4, bias=False)
      (up): Linear(in_features=4, out_features=1280, bias=False)
    )
    (61-62): 2 x LoRALinearLayer(
      (down): Linear(in_features=768, out_features=4, bias=False)
      (up): Linear(in_features=4, out_features=1280, bias=False)
    )
    (63-68): 6 x LoRALinearLayer(
      (down): Linear(in_features=1280, out_features=4, bias=False)
      (up): Linear(in_features=4, out_features=1280, bias=False)
    )
    (69-70): 2 x LoRALinearLayer(
      (down): Linear(in_features=768, out_features=4, bias=False)
      (up): Linear(in_features=4, out_features=1280, bias=False)
    )
    (71): LoRALinearLayer(
      (down): Linear(in_features=1280, out_features=4, bias=False)
      (up): Linear(in_features=4, out_features=1280, bias=False)
    )
    (72-76): 5 x LoRALinearLayer(
      (down): Linear(in_features=640, out_features=4, bias=False)
      (up): Linear(in_features=4, out_features=640, bias=False)
    )
    (77-78): 2 x LoRALinearLayer(
      (down): Linear(in_features=768, out_features=4, bias=False)
      (up): Linear(in_features=4, out_features=640, bias=False)
    )
    (79-84): 6 x LoRALinearLayer(
      (down): Linear(in_features=640, out_features=4, bias=False)
      (up): Linear(in_features=4, out_features=640, bias=False)
    )
    (85-86): 2 x LoRALinearLayer(
      (down): Linear(in_features=768, out_features=4, bias=False)
      (up): Linear(in_features=4, out_features=640, bias=False)
    )
    (87-92): 6 x LoRALinearLayer(
      (down): Linear(in_features=640, out_features=4, bias=False)
      (up): Linear(in_features=4, out_features=640, bias=False)
    )
    (93-94): 2 x LoRALinearLayer(
      (down): Linear(in_features=768, out_features=4, bias=False)
      (up): Linear(in_features=4, out_features=640, bias=False)
    )
    (95): LoRALinearLayer(
      (down): Linear(in_features=640, out_features=4, bias=False)
      (up): Linear(in_features=4, out_features=640, bias=False)
    )
    (96-100): 5 x LoRALinearLayer(
      (down): Linear(in_features=320, out_features=4, bias=False)
      (up): Linear(in_features=4, out_features=320, bias=False)
    )
    (101-102): 2 x LoRALinearLayer(
      (down): Linear(in_features=768, out_features=4, bias=False)
      (up): Linear(in_features=4, out_features=320, bias=False)
    )
    (103-108): 6 x LoRALinearLayer(
      (down): Linear(in_features=320, out_features=4, bias=False)
      (up): Linear(in_features=4, out_features=320, bias=False)
    )
    (109-110): 2 x LoRALinearLayer(
      (down): Linear(in_features=768, out_features=4, bias=False)
      (up): Linear(in_features=4, out_features=320, bias=False)
    )
    (111-116): 6 x LoRALinearLayer(
      (down): Linear(in_features=320, out_features=4, bias=False)
      (up): Linear(in_features=4, out_features=320, bias=False)
    )
    (117-118): 2 x LoRALinearLayer(
      (down): Linear(in_features=768, out_features=4, bias=False)
      (up): Linear(in_features=4, out_features=320, bias=False)
    )
    (119): LoRALinearLayer(
      (down): Linear(in_features=320, out_features=4, bias=False)
      (up): Linear(in_features=4, out_features=320, bias=False)
    )
    (120-124): 5 x LoRALinearLayer(
      (down): Linear(in_features=1280, out_features=4, bias=False)
      (up): Linear(in_features=4, out_features=1280, bias=False)
    )
    (125-126): 2 x LoRALinearLayer(
      (down): Linear(in_features=768, out_features=4, bias=False)
      (up): Linear(in_features=4, out_features=1280, bias=False)
    )
    (127): LoRALinearLayer(
      (down): Linear(in_features=1280, out_features=4, bias=False)
      (up): Linear(in_features=4, out_features=1280, bias=False)
    )
  )
)
2024-12-09 10:09:11,901 INFO: Loss [KDELoss] is created.
2024-12-09 10:09:11,901 INFO: Scale learning rate to: 0.00e+00
2024-12-09 10:09:11,903 INFO: Model [EDLoraModel] is created.
2024-12-09 10:09:18,311 INFO: Use cuda prefetch dataloader
2024-12-09 10:09:18,311 INFO: Start training from epoch: 0, iter: 0
2024-12-09 10:09:42,566 INFO: [dog6..][epoch:  0, iter:      10, lr:(9.910e-04,9.910e-06,9.910e-05,)] [eta: 0:16:41, time (data): 2.425 (0.650)] loss: -3.9083e-01 token_reg: -4.1070e-01 Norm_mean: 3.7702e-01 
2024-12-09 10:09:55,035 INFO: [dog6..][epoch:  0, iter:      20, lr:(9.810e-04,9.810e-06,9.810e-05,)] [eta: 0:18:20, time (data): 1.836 (0.325)] loss: -3.6670e-01 token_reg: -4.1070e-01 Norm_mean: 3.8958e-01 
2024-12-09 10:10:07,517 INFO: [dog6..][epoch:  0, iter:      30, lr:(9.710e-04,9.710e-06,9.710e-05,)] [eta: 0:18:48, time (data): 1.640 (0.217)] loss: -2.6798e-01 token_reg: -4.1070e-01 Norm_mean: 4.0081e-01 
2024-12-09 10:10:19,953 INFO: [dog6..][epoch:  0, iter:      40, lr:(9.610e-04,9.610e-06,9.610e-05,)] [eta: 0:18:55, time (data): 1.541 (0.163)] loss: 2.6274e-01 token_reg: -4.1070e-01 Norm_mean: 4.1005e-01 
2024-12-09 10:10:32,344 INFO: [dog6..][epoch:  0, iter:      50, lr:(9.510e-04,9.510e-06,9.510e-05,)] [eta: 0:18:53, time (data): 1.481 (0.130)] loss: -3.6408e-01 token_reg: -4.1070e-01 Norm_mean: 4.1837e-01 
2024-12-09 10:10:44,724 INFO: [dog6..][epoch:  0, iter:      60, lr:(9.410e-04,9.410e-06,9.410e-05,)] [eta: 0:18:48, time (data): 1.440 (0.109)] loss: 4.2560e-01 token_reg: -4.1070e-01 Norm_mean: 4.2575e-01 
2024-12-09 10:10:57,105 INFO: [dog6..][epoch:  0, iter:      70, lr:(9.310e-04,9.310e-06,9.310e-05,)] [eta: 0:18:41, time (data): 1.411 (0.093)] loss: -3.0542e-01 token_reg: -4.1070e-01 Norm_mean: 4.3442e-01 
2024-12-09 10:11:09,493 INFO: [dog6..][epoch:  0, iter:      80, lr:(9.210e-04,9.210e-06,9.210e-05,)] [eta: 0:18:32, time (data): 1.390 (0.082)] loss: -3.9387e-01 token_reg: -4.1069e-01 Norm_mean: 4.4270e-01 
2024-12-09 10:11:21,913 INFO: [dog6..][epoch:  0, iter:      90, lr:(9.110e-04,9.110e-06,9.110e-05,)] [eta: 0:18:23, time (data): 1.373 (0.073)] loss: -3.8839e-01 token_reg: -4.1069e-01 Norm_mean: 4.5001e-01 
2024-12-09 10:11:34,331 INFO: [dog6..][epoch:  0, iter:     100, lr:(9.010e-04,9.010e-06,9.010e-05,)] [eta: 0:18:14, time (data): 1.360 (0.065)] loss: -1.7631e-01 token_reg: -4.1069e-01 Norm_mean: 4.5591e-01 
2024-12-09 10:11:46,746 INFO: [dog6..][epoch:  0, iter:     110, lr:(8.910e-04,8.910e-06,8.910e-05,)] [eta: 0:18:03, time (data): 1.349 (0.060)] loss: -2.5215e-01 token_reg: -4.1069e-01 Norm_mean: 4.6199e-01 
2024-12-09 10:11:59,162 INFO: [dog6..][epoch:  0, iter:     120, lr:(8.810e-04,8.810e-06,8.810e-05,)] [eta: 0:17:53, time (data): 1.340 (0.055)] loss: -2.9213e-01 token_reg: -4.1069e-01 Norm_mean: 4.6739e-01 
2024-12-09 10:12:11,557 INFO: [dog6..][epoch:  0, iter:     130, lr:(8.710e-04,8.710e-06,8.710e-05,)] [eta: 0:17:42, time (data): 1.333 (0.050)] loss: -1.3702e-01 token_reg: -4.1069e-01 Norm_mean: 4.7178e-01 
2024-12-09 10:12:23,965 INFO: [dog6..][epoch:  0, iter:     140, lr:(8.610e-04,8.610e-06,8.610e-05,)] [eta: 0:17:31, time (data): 1.326 (0.047)] loss: -3.9753e-01 token_reg: -4.1069e-01 Norm_mean: 4.7602e-01 
2024-12-09 10:12:36,385 INFO: [dog6..][epoch:  0, iter:     150, lr:(8.510e-04,8.510e-06,8.510e-05,)] [eta: 0:17:19, time (data): 1.320 (0.044)] loss: -3.5480e-01 token_reg: -4.1069e-01 Norm_mean: 4.8003e-01 
2024-12-09 10:12:48,805 INFO: [dog6..][epoch:  0, iter:     160, lr:(8.410e-04,8.410e-06,8.410e-05,)] [eta: 0:17:08, time (data): 1.315 (0.041)] loss: -3.9394e-01 token_reg: -4.1069e-01 Norm_mean: 4.8442e-01 
2024-12-09 10:13:01,201 INFO: [dog6..][epoch:  0, iter:     170, lr:(8.310e-04,8.310e-06,8.310e-05,)] [eta: 0:16:57, time (data): 1.311 (0.039)] loss: -4.0084e-01 token_reg: -4.1069e-01 Norm_mean: 4.8778e-01 
2024-12-09 10:13:13,598 INFO: [dog6..][epoch:  0, iter:     180, lr:(8.210e-04,8.210e-06,8.210e-05,)] [eta: 0:16:45, time (data): 1.307 (0.037)] loss: -3.6109e-01 token_reg: -4.1069e-01 Norm_mean: 4.9094e-01 
2024-12-09 10:13:25,993 INFO: [dog6..][epoch:  0, iter:     190, lr:(8.110e-04,8.110e-06,8.110e-05,)] [eta: 0:16:33, time (data): 1.303 (0.035)] loss: -3.9623e-01 token_reg: -4.1069e-01 Norm_mean: 4.9433e-01 
2024-12-09 10:13:38,412 INFO: [dog6..][epoch:  0, iter:     200, lr:(8.010e-04,8.010e-06,8.010e-05,)] [eta: 0:16:21, time (data): 1.300 (0.033)] loss: 1.5839e-01 token_reg: -4.1069e-01 Norm_mean: 4.9720e-01 
2024-12-09 10:13:38,413 INFO: Saving models and training states.
2024-12-09 10:13:38,433 INFO: text_encoder moved: 5.9722093283198774e-05
2024-12-09 10:13:38,484 INFO: unet moved: 0.0007455877346274065
2024-12-09 10:13:51,537 INFO: [dog6..][epoch:  0, iter:     210, lr:(7.910e-04,7.910e-06,7.910e-05,)] [eta: 0:16:12, time (data): 1.239 (0.001)] loss: 1.8662e-02 token_reg: -4.1069e-01 Norm_mean: 4.9997e-01 
2024-12-09 10:14:03,942 INFO: [dog6..][epoch:  0, iter:     220, lr:(7.810e-04,7.810e-06,7.810e-05,)] [eta: 0:16:00, time (data): 1.240 (0.001)] loss: 5.6701e-01 token_reg: -4.1068e-01 Norm_mean: 5.0298e-01 
2024-12-09 10:14:16,340 INFO: [dog6..][epoch:  0, iter:     230, lr:(7.710e-04,7.710e-06,7.710e-05,)] [eta: 0:15:48, time (data): 1.240 (0.001)] loss: -1.3838e-01 token_reg: -4.1068e-01 Norm_mean: 5.0620e-01 
2024-12-09 10:14:28,746 INFO: [dog6..][epoch:  0, iter:     240, lr:(7.610e-04,7.610e-06,7.610e-05,)] [eta: 0:15:36, time (data): 1.240 (0.001)] loss: 4.0728e-01 token_reg: -4.1068e-01 Norm_mean: 5.0981e-01 
2024-12-09 10:14:41,149 INFO: [dog6..][epoch:  0, iter:     250, lr:(7.510e-04,7.510e-06,7.510e-05,)] [eta: 0:15:24, time (data): 1.240 (0.001)] loss: 6.0274e-01 token_reg: -4.1068e-01 Norm_mean: 5.1389e-01 
2024-12-09 10:14:53,545 INFO: [dog6..][epoch:  0, iter:     260, lr:(7.410e-04,7.410e-06,7.410e-05,)] [eta: 0:15:12, time (data): 1.240 (0.001)] loss: -1.2648e-01 token_reg: -4.1068e-01 Norm_mean: 5.1827e-01 
2024-12-09 10:15:05,941 INFO: [dog6..][epoch:  0, iter:     270, lr:(7.310e-04,7.310e-06,7.310e-05,)] [eta: 0:14:59, time (data): 1.240 (0.001)] loss: 3.4680e-01 token_reg: -4.1068e-01 Norm_mean: 5.2256e-01 
2024-12-09 10:15:18,337 INFO: [dog6..][epoch:  0, iter:     280, lr:(7.210e-04,7.210e-06,7.210e-05,)] [eta: 0:14:47, time (data): 1.240 (0.001)] loss: -3.2949e-01 token_reg: -4.1068e-01 Norm_mean: 5.2663e-01 
2024-12-09 10:15:30,733 INFO: [dog6..][epoch:  0, iter:     290, lr:(7.110e-04,7.110e-06,7.110e-05,)] [eta: 0:14:35, time (data): 1.240 (0.001)] loss: -1.3320e-01 token_reg: -4.1068e-01 Norm_mean: 5.2988e-01 
2024-12-09 10:15:43,129 INFO: [dog6..][epoch:  0, iter:     300, lr:(7.010e-04,7.010e-06,7.010e-05,)] [eta: 0:14:23, time (data): 1.240 (0.001)] loss: -8.3162e-02 token_reg: -4.1068e-01 Norm_mean: 5.3259e-01 
2024-12-09 10:15:55,526 INFO: [dog6..][epoch:  0, iter:     310, lr:(6.910e-04,6.910e-06,6.910e-05,)] [eta: 0:14:10, time (data): 1.240 (0.001)] loss: -3.7110e-01 token_reg: -4.1068e-01 Norm_mean: 5.3536e-01 
2024-12-09 10:16:07,921 INFO: [dog6..][epoch:  0, iter:     320, lr:(6.810e-04,6.810e-06,6.810e-05,)] [eta: 0:13:58, time (data): 1.240 (0.001)] loss: -2.1781e-01 token_reg: -4.1068e-01 Norm_mean: 5.3839e-01 
2024-12-09 10:16:20,317 INFO: [dog6..][epoch:  0, iter:     330, lr:(6.710e-04,6.710e-06,6.710e-05,)] [eta: 0:13:46, time (data): 1.240 (0.001)] loss: -3.9612e-01 token_reg: -4.1068e-01 Norm_mean: 5.4084e-01 
2024-12-09 10:16:32,713 INFO: [dog6..][epoch:  0, iter:     340, lr:(6.610e-04,6.610e-06,6.610e-05,)] [eta: 0:13:34, time (data): 1.240 (0.001)] loss: 6.1947e-01 token_reg: -4.1068e-01 Norm_mean: 5.4250e-01 
2024-12-09 10:16:45,109 INFO: [dog6..][epoch:  0, iter:     350, lr:(6.510e-04,6.510e-06,6.510e-05,)] [eta: 0:13:21, time (data): 1.240 (0.001)] loss: -2.7734e-02 token_reg: -4.1068e-01 Norm_mean: 5.4421e-01 
2024-12-09 10:16:57,515 INFO: [dog6..][epoch:  0, iter:     360, lr:(6.410e-04,6.410e-06,6.410e-05,)] [eta: 0:13:09, time (data): 1.240 (0.001)] loss: -2.8761e-01 token_reg: -4.1068e-01 Norm_mean: 5.4659e-01 
2024-12-09 10:17:09,920 INFO: [dog6..][epoch:  0, iter:     370, lr:(6.310e-04,6.310e-06,6.310e-05,)] [eta: 0:12:57, time (data): 1.240 (0.001)] loss: -3.9393e-01 token_reg: -4.1068e-01 Norm_mean: 5.4896e-01 
2024-12-09 10:17:22,318 INFO: [dog6..][epoch:  0, iter:     380, lr:(6.210e-04,6.210e-06,6.210e-05,)] [eta: 0:12:45, time (data): 1.240 (0.001)] loss: -3.9004e-01 token_reg: -4.1068e-01 Norm_mean: 5.5091e-01 
2024-12-09 10:17:34,713 INFO: [dog6..][epoch:  0, iter:     390, lr:(6.110e-04,6.110e-06,6.110e-05,)] [eta: 0:12:32, time (data): 1.240 (0.001)] loss: 2.4650e-01 token_reg: -4.1068e-01 Norm_mean: 5.5298e-01 
2024-12-09 10:17:47,127 INFO: [dog6..][epoch:  0, iter:     400, lr:(6.010e-04,6.010e-06,6.010e-05,)] [eta: 0:12:20, time (data): 1.240 (0.001)] loss: -3.8116e-01 token_reg: -4.1068e-01 Norm_mean: 5.5507e-01 
2024-12-09 10:17:47,128 INFO: Saving models and training states.
2024-12-09 10:17:47,143 INFO: text_encoder moved: 8.301344746541872e-05
2024-12-09 10:17:47,187 INFO: unet moved: 0.001039965702148038
2024-12-09 10:18:00,233 INFO: [dog6..][epoch:  0, iter:     410, lr:(5.910e-04,5.910e-06,5.910e-05,)] [eta: 0:12:09, time (data): 1.239 (0.001)] loss: -3.6203e-01 token_reg: -4.1068e-01 Norm_mean: 5.5758e-01 
2024-12-09 10:18:12,643 INFO: [dog6..][epoch:  0, iter:     420, lr:(5.810e-04,5.810e-06,5.810e-05,)] [eta: 0:11:56, time (data): 1.240 (0.001)] loss: 5.7868e-02 token_reg: -4.1067e-01 Norm_mean: 5.6064e-01 
2024-12-09 10:18:25,059 INFO: [dog6..][epoch:  0, iter:     430, lr:(5.710e-04,5.710e-06,5.710e-05,)] [eta: 0:11:44, time (data): 1.240 (0.001)] loss: -3.8625e-01 token_reg: -4.1067e-01 Norm_mean: 5.6364e-01 
2024-12-09 10:18:37,454 INFO: [dog6..][epoch:  0, iter:     440, lr:(5.610e-04,5.610e-06,5.610e-05,)] [eta: 0:11:32, time (data): 1.240 (0.001)] loss: -3.7672e-01 token_reg: -4.1067e-01 Norm_mean: 5.6597e-01 
2024-12-09 10:18:49,849 INFO: [dog6..][epoch:  0, iter:     450, lr:(5.510e-04,5.510e-06,5.510e-05,)] [eta: 0:11:19, time (data): 1.240 (0.001)] loss: -3.8422e-01 token_reg: -4.1067e-01 Norm_mean: 5.6791e-01 
2024-12-09 10:19:02,245 INFO: [dog6..][epoch:  0, iter:     460, lr:(5.410e-04,5.410e-06,5.410e-05,)] [eta: 0:11:07, time (data): 1.240 (0.001)] loss: -3.6642e-01 token_reg: -4.1067e-01 Norm_mean: 5.6989e-01 
2024-12-09 10:19:14,639 INFO: [dog6..][epoch:  0, iter:     470, lr:(5.310e-04,5.310e-06,5.310e-05,)] [eta: 0:10:55, time (data): 1.240 (0.001)] loss: -3.0080e-01 token_reg: -4.1067e-01 Norm_mean: 5.7216e-01 
2024-12-09 10:19:27,036 INFO: [dog6..][epoch:  0, iter:     480, lr:(5.210e-04,5.210e-06,5.210e-05,)] [eta: 0:10:42, time (data): 1.240 (0.001)] loss: -3.8259e-01 token_reg: -4.1067e-01 Norm_mean: 5.7448e-01 
2024-12-09 10:19:39,434 INFO: [dog6..][epoch:  0, iter:     490, lr:(5.110e-04,5.110e-06,5.110e-05,)] [eta: 0:10:30, time (data): 1.240 (0.001)] loss: -2.8798e-01 token_reg: -4.1067e-01 Norm_mean: 5.7662e-01 
2024-12-09 10:19:53,178 INFO: [dog6..][epoch:  0, iter:     500, lr:(5.010e-04,5.010e-06,5.010e-05,)] [eta: 0:10:19, time (data): 1.253 (0.014)] loss: 1.4363e-01 token_reg: -4.1067e-01 Norm_mean: 5.7811e-01 
2024-12-09 10:20:11,941 INFO: [dog6..][epoch:  1, iter:     510, lr:(4.910e-04,4.910e-06,4.910e-05,)] [eta: 0:10:12, time (data): 1.311 (0.072)] loss: 3.1573e-01 token_reg: -4.1067e-01 Norm_mean: 5.7941e-01 
2024-12-09 10:20:24,358 INFO: [dog6..][epoch:  1, iter:     520, lr:(4.810e-04,4.810e-06,4.810e-05,)] [eta: 0:10:00, time (data): 1.305 (0.066)] loss: 1.0742e+00 token_reg: -4.1067e-01 Norm_mean: 5.8064e-01 
2024-12-09 10:20:36,899 INFO: [dog6..][epoch:  1, iter:     530, lr:(4.710e-04,4.710e-06,4.710e-05,)] [eta: 0:09:47, time (data): 1.301 (0.061)] loss: -1.0107e-01 token_reg: -4.1067e-01 Norm_mean: 5.8208e-01 
2024-12-09 10:20:49,331 INFO: [dog6..][epoch:  1, iter:     540, lr:(4.610e-04,4.610e-06,4.610e-05,)] [eta: 0:09:35, time (data): 1.297 (0.057)] loss: 2.1462e-01 token_reg: -4.1067e-01 Norm_mean: 5.8360e-01 
2024-12-09 10:21:01,725 INFO: [dog6..][epoch:  1, iter:     550, lr:(4.510e-04,4.510e-06,4.510e-05,)] [eta: 0:09:22, time (data): 1.293 (0.053)] loss: 2.9141e-01 token_reg: -4.1067e-01 Norm_mean: 5.8508e-01 
2024-12-09 10:21:14,118 INFO: [dog6..][epoch:  1, iter:     560, lr:(4.410e-04,4.410e-06,4.410e-05,)] [eta: 0:09:09, time (data): 1.290 (0.050)] loss: 2.7064e-01 token_reg: -4.1067e-01 Norm_mean: 5.8631e-01 
2024-12-09 10:21:26,519 INFO: [dog6..][epoch:  1, iter:     570, lr:(4.310e-04,4.310e-06,4.310e-05,)] [eta: 0:08:57, time (data): 1.287 (0.047)] loss: -3.9632e-01 token_reg: -4.1067e-01 Norm_mean: 5.8755e-01 
2024-12-09 10:21:38,947 INFO: [dog6..][epoch:  1, iter:     580, lr:(4.210e-04,4.210e-06,4.210e-05,)] [eta: 0:08:44, time (data): 1.284 (0.044)] loss: -2.9552e-01 token_reg: -4.1067e-01 Norm_mean: 5.8865e-01 
2024-12-09 10:21:51,350 INFO: [dog6..][epoch:  1, iter:     590, lr:(4.110e-04,4.110e-06,4.110e-05,)] [eta: 0:08:32, time (data): 1.282 (0.042)] loss: 4.2081e-02 token_reg: -4.1067e-01 Norm_mean: 5.8982e-01 
2024-12-09 10:22:03,766 INFO: [dog6..][epoch:  1, iter:     600, lr:(4.010e-04,4.010e-06,4.010e-05,)] [eta: 0:08:19, time (data): 1.280 (0.040)] loss: 2.0037e-01 token_reg: -4.1067e-01 Norm_mean: 5.9071e-01 
2024-12-09 10:22:03,767 INFO: Saving models and training states.
2024-12-09 10:22:03,782 INFO: text_encoder moved: 9.882386893877992e-05
2024-12-09 10:22:03,815 INFO: unet moved: 0.0012353510337561602
2024-12-09 10:22:16,860 INFO: [dog6..][epoch:  1, iter:     610, lr:(3.910e-04,3.910e-06,3.910e-05,)] [eta: 0:08:07, time (data): 1.239 (0.001)] loss: -3.9664e-01 token_reg: -4.1067e-01 Norm_mean: 5.9163e-01 
2024-12-09 10:22:29,258 INFO: [dog6..][epoch:  1, iter:     620, lr:(3.810e-04,3.810e-06,3.810e-05,)] [eta: 0:07:54, time (data): 1.240 (0.001)] loss: 1.6446e-01 token_reg: -4.1067e-01 Norm_mean: 5.9236e-01 
2024-12-09 10:22:41,654 INFO: [dog6..][epoch:  1, iter:     630, lr:(3.710e-04,3.710e-06,3.710e-05,)] [eta: 0:07:42, time (data): 1.240 (0.001)] loss: -2.3479e-01 token_reg: -4.1067e-01 Norm_mean: 5.9319e-01 
2024-12-09 10:22:54,051 INFO: [dog6..][epoch:  1, iter:     640, lr:(3.610e-04,3.610e-06,3.610e-05,)] [eta: 0:07:29, time (data): 1.240 (0.000)] loss: -5.0608e-02 token_reg: -4.1067e-01 Norm_mean: 5.9399e-01 
2024-12-09 10:23:06,445 INFO: [dog6..][epoch:  1, iter:     650, lr:(3.510e-04,3.510e-06,3.510e-05,)] [eta: 0:07:16, time (data): 1.239 (0.000)] loss: 1.1563e+00 token_reg: -4.1067e-01 Norm_mean: 5.9477e-01 
2024-12-09 10:23:18,843 INFO: [dog6..][epoch:  1, iter:     660, lr:(3.410e-04,3.410e-06,3.410e-05,)] [eta: 0:07:04, time (data): 1.240 (0.001)] loss: -3.3004e-01 token_reg: -4.1067e-01 Norm_mean: 5.9544e-01 
2024-12-09 10:23:31,240 INFO: [dog6..][epoch:  1, iter:     670, lr:(3.310e-04,3.310e-06,3.310e-05,)] [eta: 0:06:51, time (data): 1.240 (0.000)] loss: -4.0062e-01 token_reg: -4.1067e-01 Norm_mean: 5.9600e-01 
2024-12-09 10:23:43,654 INFO: [dog6..][epoch:  1, iter:     680, lr:(3.210e-04,3.210e-06,3.210e-05,)] [eta: 0:06:39, time (data): 1.240 (0.000)] loss: 4.1222e-01 token_reg: -4.1067e-01 Norm_mean: 5.9656e-01 
2024-12-09 10:23:56,051 INFO: [dog6..][epoch:  1, iter:     690, lr:(3.110e-04,3.110e-06,3.110e-05,)] [eta: 0:06:26, time (data): 1.240 (0.000)] loss: -2.8487e-01 token_reg: -4.1067e-01 Norm_mean: 5.9719e-01 
2024-12-09 10:24:08,447 INFO: [dog6..][epoch:  1, iter:     700, lr:(3.010e-04,3.010e-06,3.010e-05,)] [eta: 0:06:14, time (data): 1.240 (0.000)] loss: -3.2130e-01 token_reg: -4.1067e-01 Norm_mean: 5.9794e-01 
2024-12-09 10:24:20,842 INFO: [dog6..][epoch:  1, iter:     710, lr:(2.910e-04,2.910e-06,2.910e-05,)] [eta: 0:06:01, time (data): 1.240 (0.000)] loss: -1.5334e-01 token_reg: -4.1067e-01 Norm_mean: 5.9846e-01 
2024-12-09 10:24:33,239 INFO: [dog6..][epoch:  1, iter:     720, lr:(2.810e-04,2.810e-06,2.810e-05,)] [eta: 0:05:48, time (data): 1.240 (0.000)] loss: -9.9722e-02 token_reg: -4.1067e-01 Norm_mean: 5.9891e-01 
2024-12-09 10:24:45,632 INFO: [dog6..][epoch:  1, iter:     730, lr:(2.710e-04,2.710e-06,2.710e-05,)] [eta: 0:05:36, time (data): 1.240 (0.000)] loss: -3.9359e-01 token_reg: -4.1067e-01 Norm_mean: 5.9937e-01 
2024-12-09 10:24:58,029 INFO: [dog6..][epoch:  1, iter:     740, lr:(2.610e-04,2.610e-06,2.610e-05,)] [eta: 0:05:23, time (data): 1.240 (0.000)] loss: -3.6485e-01 token_reg: -4.1067e-01 Norm_mean: 5.9984e-01 
2024-12-09 10:25:10,427 INFO: [dog6..][epoch:  1, iter:     750, lr:(2.510e-04,2.510e-06,2.510e-05,)] [eta: 0:05:11, time (data): 1.240 (0.000)] loss: -3.4527e-01 token_reg: -4.1067e-01 Norm_mean: 6.0025e-01 
2024-12-09 10:25:22,822 INFO: [dog6..][epoch:  1, iter:     760, lr:(2.410e-04,2.410e-06,2.410e-05,)] [eta: 0:04:58, time (data): 1.240 (0.000)] loss: 1.1808e+00 token_reg: -4.1067e-01 Norm_mean: 6.0064e-01 
2024-12-09 10:25:35,218 INFO: [dog6..][epoch:  1, iter:     770, lr:(2.310e-04,2.310e-06,2.310e-05,)] [eta: 0:04:46, time (data): 1.240 (0.000)] loss: -3.6798e-01 token_reg: -4.1067e-01 Norm_mean: 6.0103e-01 
2024-12-09 10:25:47,614 INFO: [dog6..][epoch:  1, iter:     780, lr:(2.210e-04,2.210e-06,2.210e-05,)] [eta: 0:04:33, time (data): 1.240 (0.000)] loss: -3.8073e-01 token_reg: -4.1067e-01 Norm_mean: 6.0136e-01 
2024-12-09 10:26:00,030 INFO: [dog6..][epoch:  1, iter:     790, lr:(2.110e-04,2.110e-06,2.110e-05,)] [eta: 0:04:21, time (data): 1.240 (0.000)] loss: -3.2889e-01 token_reg: -4.1067e-01 Norm_mean: 6.0159e-01 
2024-12-09 10:26:12,426 INFO: [dog6..][epoch:  1, iter:     800, lr:(2.010e-04,2.010e-06,2.010e-05,)] [eta: 0:04:08, time (data): 1.240 (0.000)] loss: -2.2763e-01 token_reg: -4.1067e-01 Norm_mean: 6.0187e-01 
2024-12-09 10:26:12,428 INFO: Saving models and training states.
2024-12-09 10:26:12,443 INFO: text_encoder moved: 0.00010487501306973475
2024-12-09 10:26:12,485 INFO: unet moved: 0.0013152773176443588
2024-12-09 10:26:25,520 INFO: [dog6..][epoch:  1, iter:     810, lr:(1.910e-04,1.910e-06,1.910e-05,)] [eta: 0:03:56, time (data): 1.238 (0.000)] loss: -3.2951e-02 token_reg: -4.1067e-01 Norm_mean: 6.0207e-01 
2024-12-09 10:26:37,916 INFO: [dog6..][epoch:  1, iter:     820, lr:(1.810e-04,1.810e-06,1.810e-05,)] [eta: 0:03:43, time (data): 1.239 (0.000)] loss: -4.0073e-01 token_reg: -4.1067e-01 Norm_mean: 6.0234e-01 
2024-12-09 10:26:50,313 INFO: [dog6..][epoch:  1, iter:     830, lr:(1.710e-04,1.710e-06,1.710e-05,)] [eta: 0:03:31, time (data): 1.239 (0.000)] loss: -7.1679e-02 token_reg: -4.1067e-01 Norm_mean: 6.0254e-01 
2024-12-09 10:27:02,708 INFO: [dog6..][epoch:  1, iter:     840, lr:(1.610e-04,1.610e-06,1.610e-05,)] [eta: 0:03:18, time (data): 1.239 (0.001)] loss: -3.4537e-01 token_reg: -4.1067e-01 Norm_mean: 6.0267e-01 
2024-12-09 10:27:15,106 INFO: [dog6..][epoch:  1, iter:     850, lr:(1.510e-04,1.510e-06,1.510e-05,)] [eta: 0:03:06, time (data): 1.239 (0.001)] loss: 1.5257e+00 token_reg: -4.1067e-01 Norm_mean: 6.0284e-01 
2024-12-09 10:27:27,513 INFO: [dog6..][epoch:  1, iter:     860, lr:(1.410e-04,1.410e-06,1.410e-05,)] [eta: 0:02:53, time (data): 1.240 (0.001)] loss: -3.4748e-01 token_reg: -4.1067e-01 Norm_mean: 6.0301e-01 
2024-12-09 10:27:39,919 INFO: [dog6..][epoch:  1, iter:     870, lr:(1.310e-04,1.310e-06,1.310e-05,)] [eta: 0:02:41, time (data): 1.240 (0.001)] loss: -2.8453e-01 token_reg: -4.1067e-01 Norm_mean: 6.0319e-01 
2024-12-09 10:27:52,313 INFO: [dog6..][epoch:  1, iter:     880, lr:(1.210e-04,1.210e-06,1.210e-05,)] [eta: 0:02:28, time (data): 1.240 (0.001)] loss: -1.9193e-01 token_reg: -4.1067e-01 Norm_mean: 6.0328e-01 
2024-12-09 10:28:04,710 INFO: [dog6..][epoch:  1, iter:     890, lr:(1.110e-04,1.110e-06,1.110e-05,)] [eta: 0:02:16, time (data): 1.240 (0.001)] loss: 8.5778e-01 token_reg: -4.1067e-01 Norm_mean: 6.0335e-01 
2024-12-09 10:28:17,107 INFO: [dog6..][epoch:  1, iter:     900, lr:(1.010e-04,1.010e-06,1.010e-05,)] [eta: 0:02:03, time (data): 1.240 (0.001)] loss: 7.4063e-01 token_reg: -4.1067e-01 Norm_mean: 6.0340e-01 
2024-12-09 10:28:29,503 INFO: [dog6..][epoch:  1, iter:     910, lr:(9.100e-05,9.100e-07,9.100e-06,)] [eta: 0:01:51, time (data): 1.240 (0.001)] loss: -1.2939e-01 token_reg: -4.1067e-01 Norm_mean: 6.0343e-01 
2024-12-09 10:28:41,897 INFO: [dog6..][epoch:  1, iter:     920, lr:(8.100e-05,8.100e-07,8.100e-06,)] [eta: 0:01:38, time (data): 1.240 (0.001)] loss: -3.0705e-01 token_reg: -4.1067e-01 Norm_mean: 6.0344e-01 
2024-12-09 10:28:54,311 INFO: [dog6..][epoch:  1, iter:     930, lr:(7.100e-05,7.100e-07,7.100e-06,)] [eta: 0:01:26, time (data): 1.240 (0.001)] loss: 3.9777e-01 token_reg: -4.1067e-01 Norm_mean: 6.0344e-01 
2024-12-09 10:29:06,710 INFO: [dog6..][epoch:  1, iter:     940, lr:(6.100e-05,6.100e-07,6.100e-06,)] [eta: 0:01:13, time (data): 1.240 (0.001)] loss: -1.9404e-01 token_reg: -4.1067e-01 Norm_mean: 6.0345e-01 
2024-12-09 10:29:19,107 INFO: [dog6..][epoch:  1, iter:     950, lr:(5.100e-05,5.100e-07,5.100e-06,)] [eta: 0:01:01, time (data): 1.240 (0.001)] loss: -2.6404e-01 token_reg: -4.1067e-01 Norm_mean: 6.0347e-01 
2024-12-09 10:29:31,504 INFO: [dog6..][epoch:  1, iter:     960, lr:(4.100e-05,4.100e-07,4.100e-06,)] [eta: 0:00:48, time (data): 1.240 (0.001)] loss: -4.0204e-01 token_reg: -4.1067e-01 Norm_mean: 6.0347e-01 
2024-12-09 10:29:43,899 INFO: [dog6..][epoch:  1, iter:     970, lr:(3.100e-05,3.100e-07,3.100e-06,)] [eta: 0:00:36, time (data): 1.240 (0.001)] loss: -1.7653e-02 token_reg: -4.1067e-01 Norm_mean: 6.0346e-01 
2024-12-09 10:29:56,306 INFO: [dog6..][epoch:  1, iter:     980, lr:(2.100e-05,2.100e-07,2.100e-06,)] [eta: 0:00:23, time (data): 1.240 (0.001)] loss: 1.4881e+00 token_reg: -4.1067e-01 Norm_mean: 6.0345e-01 
2024-12-09 10:30:08,711 INFO: [dog6..][epoch:  1, iter:     990, lr:(1.100e-05,1.100e-07,1.100e-06,)] [eta: 0:00:11, time (data): 1.240 (0.001)] loss: -2.6658e-01 token_reg: -4.1067e-01 Norm_mean: 6.0345e-01 
2024-12-09 10:30:22,439 INFO: [dog6..][epoch:  1, iter:   1,000, lr:(1.000e-06,1.000e-08,1.000e-07,)] [eta: -1 day, 23:59:59, time (data): 1.247 (0.007)] loss: -2.4472e-01 token_reg: -4.1067e-01 Norm_mean: 6.0345e-01 
2024-12-09 10:30:22,440 INFO: Saving models and training states.
2024-12-09 10:30:22,457 INFO: text_encoder moved: 0.00010706285199072833
2024-12-09 10:30:22,503 INFO: unet moved: 0.0013418646935861034
2024-12-09 10:31:08,766 INFO: End of training. Time consumed: 0:21:50
2024-12-09 10:31:08,766 INFO: Save the latest model.
2024-12-09 10:31:08,780 INFO: text_encoder moved: 0.00010706285199072833
2024-12-09 10:31:08,823 INFO: unet moved: 0.0013418646935861034
