2024-12-13 12:01:36,356 INFO: Distributed environment: NO
Num processes: 1
Process index: 0
Local process index: 0
Device: cuda

Mixed precision type: fp16

2024-12-13 12:01:36,357 INFO: 
  name: cat2
  manual_seed: 0
  mixed_precision: fp16
  gradient_accumulation_steps: 1
  datasets:[
    train:[
      name: LoraDataset
      concept_list: Data/jsons/cat2.json
      use_caption: True
      use_mask: True
      instance_transform: [{'type': 'HumanResizeCropFinalV3', 'size': 512, 'crop_p': 0.5}, {'type': 'ToTensor'}, {'type': 'Normalize', 'mean': [0.5], 'std': [0.5]}, {'type': 'ShuffleCaption', 'keep_token_num': 1}, {'type': 'EnhanceText', 'enhance_type': 'object'}]
      replace_mapping:[
        <TOK>: <cat2_1> <cat2_2>
      ]
      batch_size_per_gpu: 2
      dataset_enlarge_ratio: 500
    ]
    val_vis:[
      name: PromptDataset
      prompts: Data/val.txt
      num_samples_per_prompt: 1
      latent_size: [4, 64, 64]
      replace_mapping:[
        <TOK>: <cat2_1> <cat2_2>
      ]
      batch_size_per_gpu: 4
    ]
  ]
  models:[
    pretrained_path: experiments/pretrained_models/chilloutmix
    enable_edlora: True
    finetune_cfg:[
      text_embedding:[
        enable_tuning: True
        lr: 0.001
      ]
      text_encoder:[
        enable_tuning: True
        lora_cfg:[
          rank: 4
          alpha: 1
          where: CLIPAttention
        ]
        lr: 1e-05
      ]
      unet:[
        enable_tuning: True
        lora_cfg:[
          rank: 4
          alpha: 1
          where: Attention
        ]
        lr: 0.0001
      ]
    ]
    new_concept_token: <cat2_1>+<cat2_2>
    noise_offset: 0.01
    initializer_token: <rand-0.013>+cat
    attn_reg_weight: 0.01
    reg_full_identity: False
    use_mask_loss: True
    gradient_checkpoint: False
    enable_xformers: True
  ]
  path:[
    pretrain_network: None
    experiments_root: /home/iampoo/dlcv2024/final/Concept-Conductor/experiments/cat2
    models: /home/iampoo/dlcv2024/final/Concept-Conductor/experiments/cat2/models
    log: /home/iampoo/dlcv2024/final/Concept-Conductor/experiments/cat2
    visualization: /home/iampoo/dlcv2024/final/Concept-Conductor/experiments/cat2/visualization
  ]
  train:[
    optim_g:[
      type: AdamW
      lr: 0.0
      weight_decay: 0.01
      betas: [0.9, 0.999]
    ]
    unet_kv_drop_rate: 0
    scheduler: linear
    emb_norm_threshold: 0.55
  ]
  val:[
    val_during_save: True
    compose_visualize: True
    alpha_list: [0, 0.7, 1.0]
    sample:[
      num_inference_steps: 50
      guidance_scale: 7.5
    ]
  ]
  logger:[
    print_freq: 10
    save_checkpoint_freq: 10000.0
  ]
  is_train: True

2024-12-13 12:01:37,924 INFO: <cat2_1> (49408-49423) is random initialized by: <rand-0.013>
2024-12-13 12:01:38,243 INFO: <cat2_2> (49424-49439) is random initialized by existing token (cat): 2368
2024-12-13 12:01:38,246 INFO: optimizing embedding using lr: 0.001
2024-12-13 12:01:38,246 INFO: optimizing text_encoder (0 LoRAs), using lr: 1e-05
2024-12-13 12:01:38,258 INFO: optimizing unet (128 LoRAs), using lr: 0.0001
2024-12-13 12:01:38,746 INFO: ***** Running training *****
2024-12-13 12:01:38,746 INFO:   Num examples = 2500
2024-12-13 12:01:38,746 INFO:   Instantaneous batch size per device = 2
2024-12-13 12:01:38,746 INFO:   Total train batch size (w. parallel, distributed & accumulation) = 2
2024-12-13 12:01:38,746 INFO:   Total optimization steps = 1250.0
2024-12-13 12:01:41,318 INFO: [cat2..][Iter:      10, lr:(9.920e-04,9.920e-06,9.920e-05,)] [eta: 0:04:49] loss: 2.5063e-02 Norm_mean: 3.8442e-01 
2024-12-13 12:01:43,407 INFO: [cat2..][Iter:      20, lr:(9.840e-04,9.840e-06,9.840e-05,)] [eta: 0:04:32] loss: 2.1142e-01 Norm_mean: 3.9869e-01 
2024-12-13 12:01:45,449 INFO: [cat2..][Iter:      30, lr:(9.760e-04,9.760e-06,9.760e-05,)] [eta: 0:04:23] loss: 2.8815e-01 Norm_mean: 4.1119e-01 
2024-12-13 12:01:47,551 INFO: [cat2..][Iter:      40, lr:(9.680e-04,9.680e-06,9.680e-05,)] [eta: 0:04:19] loss: 6.7336e-01 Norm_mean: 4.2185e-01 
2024-12-13 12:01:49,645 INFO: [cat2..][Iter:      50, lr:(9.600e-04,9.600e-06,9.600e-05,)] [eta: 0:04:16] loss: 7.9558e-02 Norm_mean: 4.3266e-01 
2024-12-13 12:01:51,683 INFO: [cat2..][Iter:      60, lr:(9.520e-04,9.520e-06,9.520e-05,)] [eta: 0:04:12] loss: 3.9067e-01 Norm_mean: 4.4188e-01 
2024-12-13 12:01:53,746 INFO: [cat2..][Iter:      70, lr:(9.440e-04,9.440e-06,9.440e-05,)] [eta: 0:04:09] loss: 7.0962e-01 Norm_mean: 4.4935e-01 
2024-12-13 12:01:55,818 INFO: [cat2..][Iter:      80, lr:(9.360e-04,9.360e-06,9.360e-05,)] [eta: 0:04:06] loss: 1.1487e-01 Norm_mean: 4.5622e-01 
2024-12-13 12:01:57,878 INFO: [cat2..][Iter:      90, lr:(9.280e-04,9.280e-06,9.280e-05,)] [eta: 0:04:03] loss: 1.2444e-02 Norm_mean: 4.6345e-01 
2024-12-13 12:01:59,915 INFO: [cat2..][Iter:     100, lr:(9.200e-04,9.200e-06,9.200e-05,)] [eta: 0:04:00] loss: 2.6870e-01 Norm_mean: 4.7031e-01 
2024-12-13 12:02:01,978 INFO: [cat2..][Iter:     110, lr:(9.120e-04,9.120e-06,9.120e-05,)] [eta: 0:03:58] loss: 3.4529e-01 Norm_mean: 4.7621e-01 
2024-12-13 12:02:04,043 INFO: [cat2..][Iter:     120, lr:(9.040e-04,9.040e-06,9.040e-05,)] [eta: 0:03:56] loss: 4.3475e-01 Norm_mean: 4.8114e-01 
2024-12-13 12:02:06,108 INFO: [cat2..][Iter:     130, lr:(8.960e-04,8.960e-06,8.960e-05,)] [eta: 0:03:53] loss: 3.2417e-01 Norm_mean: 4.8561e-01 
2024-12-13 12:02:08,177 INFO: [cat2..][Iter:     140, lr:(8.880e-04,8.880e-06,8.880e-05,)] [eta: 0:03:51] loss: 1.4114e+00 Norm_mean: 4.9015e-01 
2024-12-13 12:02:10,197 INFO: [cat2..][Iter:     150, lr:(8.800e-04,8.800e-06,8.800e-05,)] [eta: 0:03:48] loss: 1.2767e-01 Norm_mean: 4.9553e-01 
2024-12-13 12:02:12,254 INFO: [cat2..][Iter:     160, lr:(8.720e-04,8.720e-06,8.720e-05,)] [eta: 0:03:46] loss: 6.1924e-01 Norm_mean: 5.0131e-01 
2024-12-13 12:02:14,319 INFO: [cat2..][Iter:     170, lr:(8.640e-04,8.640e-06,8.640e-05,)] [eta: 0:03:44] loss: 8.1901e-02 Norm_mean: 5.0536e-01 
2024-12-13 12:02:16,354 INFO: [cat2..][Iter:     180, lr:(8.560e-04,8.560e-06,8.560e-05,)] [eta: 0:03:42] loss: 3.2674e-02 Norm_mean: 5.0960e-01 
2024-12-13 12:02:18,410 INFO: [cat2..][Iter:     190, lr:(8.480e-04,8.480e-06,8.480e-05,)] [eta: 0:03:39] loss: 1.2565e-01 Norm_mean: 5.1499e-01 
2024-12-13 12:02:20,473 INFO: [cat2..][Iter:     200, lr:(8.400e-04,8.400e-06,8.400e-05,)] [eta: 0:03:37] loss: 6.2256e-01 Norm_mean: 5.1990e-01 
2024-12-13 12:02:22,552 INFO: [cat2..][Iter:     210, lr:(8.320e-04,8.320e-06,8.320e-05,)] [eta: 0:03:35] loss: 5.8986e-01 Norm_mean: 5.2443e-01 
2024-12-13 12:02:24,607 INFO: [cat2..][Iter:     220, lr:(8.240e-04,8.240e-06,8.240e-05,)] [eta: 0:03:33] loss: 9.2204e-01 Norm_mean: 5.2879e-01 
2024-12-13 12:02:26,700 INFO: [cat2..][Iter:     230, lr:(8.160e-04,8.160e-06,8.160e-05,)] [eta: 0:03:31] loss: 2.6269e-01 Norm_mean: 5.3297e-01 
2024-12-13 12:02:28,856 INFO: [cat2..][Iter:     240, lr:(8.080e-04,8.080e-06,8.080e-05,)] [eta: 0:03:29] loss: 1.0294e+00 Norm_mean: 5.3678e-01 
2024-12-13 12:02:30,937 INFO: [cat2..][Iter:     250, lr:(8.000e-04,8.000e-06,8.000e-05,)] [eta: 0:03:27] loss: 1.0183e+00 Norm_mean: 5.4025e-01 
2024-12-13 12:02:33,010 INFO: [cat2..][Iter:     260, lr:(7.920e-04,7.920e-06,7.920e-05,)] [eta: 0:03:25] loss: 2.2507e-01 Norm_mean: 5.4431e-01 
2024-12-13 12:02:35,074 INFO: [cat2..][Iter:     270, lr:(7.840e-04,7.840e-06,7.840e-05,)] [eta: 0:03:23] loss: 3.6415e-01 Norm_mean: 5.4794e-01 
2024-12-13 12:02:37,138 INFO: [cat2..][Iter:     280, lr:(7.760e-04,7.760e-06,7.760e-05,)] [eta: 0:03:21] loss: 2.9835e-01 Norm_mean: 5.5030e-01 
2024-12-13 12:02:39,200 INFO: [cat2..][Iter:     290, lr:(7.680e-04,7.680e-06,7.680e-05,)] [eta: 0:03:19] loss: 4.0684e-01 Norm_mean: 5.5030e-01 
2024-12-13 12:02:41,252 INFO: [cat2..][Iter:     300, lr:(7.600e-04,7.600e-06,7.600e-05,)] [eta: 0:03:17] loss: 2.2906e-01 Norm_mean: 5.5030e-01 
2024-12-13 12:02:43,264 INFO: [cat2..][Iter:     310, lr:(7.520e-04,7.520e-06,7.520e-05,)] [eta: 0:03:14] loss: 1.0174e-01 Norm_mean: 5.5030e-01 
2024-12-13 12:02:45,296 INFO: [cat2..][Iter:     320, lr:(7.440e-04,7.440e-06,7.440e-05,)] [eta: 0:03:12] loss: 4.4356e-01 Norm_mean: 5.5030e-01 
2024-12-13 12:02:47,347 INFO: [cat2..][Iter:     330, lr:(7.360e-04,7.360e-06,7.360e-05,)] [eta: 0:03:10] loss: 1.0727e-01 Norm_mean: 5.5030e-01 
2024-12-13 12:02:49,417 INFO: [cat2..][Iter:     340, lr:(7.280e-04,7.280e-06,7.280e-05,)] [eta: 0:03:08] loss: 5.4783e-01 Norm_mean: 5.5030e-01 
2024-12-13 12:02:51,493 INFO: [cat2..][Iter:     350, lr:(7.200e-04,7.200e-06,7.200e-05,)] [eta: 0:03:06] loss: 2.3246e-01 Norm_mean: 5.5030e-01 
2024-12-13 12:02:53,546 INFO: [cat2..][Iter:     360, lr:(7.120e-04,7.120e-06,7.120e-05,)] [eta: 0:03:04] loss: 3.3521e-01 Norm_mean: 5.5030e-01 
2024-12-13 12:02:55,598 INFO: [cat2..][Iter:     370, lr:(7.040e-04,7.040e-06,7.040e-05,)] [eta: 0:03:02] loss: 2.9530e-02 Norm_mean: 5.5030e-01 
2024-12-13 12:02:57,655 INFO: [cat2..][Iter:     380, lr:(6.960e-04,6.960e-06,6.960e-05,)] [eta: 0:02:59] loss: 2.2016e-02 Norm_mean: 5.5030e-01 
2024-12-13 12:02:59,719 INFO: [cat2..][Iter:     390, lr:(6.880e-04,6.880e-06,6.880e-05,)] [eta: 0:02:57] loss: 9.1398e-01 Norm_mean: 5.5030e-01 
2024-12-13 12:03:01,792 INFO: [cat2..][Iter:     400, lr:(6.800e-04,6.800e-06,6.800e-05,)] [eta: 0:02:55] loss: 7.9162e-02 Norm_mean: 5.5030e-01 
2024-12-13 12:03:03,826 INFO: [cat2..][Iter:     410, lr:(6.720e-04,6.720e-06,6.720e-05,)] [eta: 0:02:53] loss: 4.2467e-01 Norm_mean: 5.5030e-01 
2024-12-13 12:03:05,943 INFO: [cat2..][Iter:     420, lr:(6.640e-04,6.640e-06,6.640e-05,)] [eta: 0:02:51] loss: 4.3584e-01 Norm_mean: 5.5030e-01 
2024-12-13 12:03:07,994 INFO: [cat2..][Iter:     430, lr:(6.560e-04,6.560e-06,6.560e-05,)] [eta: 0:02:49] loss: 2.8079e-01 Norm_mean: 5.5030e-01 
2024-12-13 12:03:10,030 INFO: [cat2..][Iter:     440, lr:(6.480e-04,6.480e-06,6.480e-05,)] [eta: 0:02:47] loss: 1.7286e-01 Norm_mean: 5.5030e-01 
2024-12-13 12:03:12,092 INFO: [cat2..][Iter:     450, lr:(6.400e-04,6.400e-06,6.400e-05,)] [eta: 0:02:45] loss: 1.9865e-01 Norm_mean: 5.5030e-01 
2024-12-13 12:03:14,152 INFO: [cat2..][Iter:     460, lr:(6.320e-04,6.320e-06,6.320e-05,)] [eta: 0:02:43] loss: 1.2700e-01 Norm_mean: 5.5030e-01 
2024-12-13 12:03:16,210 INFO: [cat2..][Iter:     470, lr:(6.240e-04,6.240e-06,6.240e-05,)] [eta: 0:02:41] loss: 1.8494e-01 Norm_mean: 5.5030e-01 
2024-12-13 12:03:18,282 INFO: [cat2..][Iter:     480, lr:(6.160e-04,6.160e-06,6.160e-05,)] [eta: 0:02:39] loss: 2.6800e-01 Norm_mean: 5.5030e-01 
2024-12-13 12:03:20,336 INFO: [cat2..][Iter:     490, lr:(6.080e-04,6.080e-06,6.080e-05,)] [eta: 0:02:37] loss: 3.5133e-01 Norm_mean: 5.5030e-01 
2024-12-13 12:03:22,369 INFO: [cat2..][Iter:     500, lr:(6.000e-04,6.000e-06,6.000e-05,)] [eta: 0:02:34] loss: 6.6305e-01 Norm_mean: 5.5030e-01 
2024-12-13 12:03:24,443 INFO: [cat2..][Iter:     510, lr:(5.920e-04,5.920e-06,5.920e-05,)] [eta: 0:02:32] loss: 5.1394e-01 Norm_mean: 5.5030e-01 
2024-12-13 12:03:26,505 INFO: [cat2..][Iter:     520, lr:(5.840e-04,5.840e-06,5.840e-05,)] [eta: 0:02:30] loss: 1.2934e+00 Norm_mean: 5.5030e-01 
2024-12-13 12:03:28,560 INFO: [cat2..][Iter:     530, lr:(5.760e-04,5.760e-06,5.760e-05,)] [eta: 0:02:28] loss: 2.9438e-01 Norm_mean: 5.5030e-01 
2024-12-13 12:03:30,597 INFO: [cat2..][Iter:     540, lr:(5.680e-04,5.680e-06,5.680e-05,)] [eta: 0:02:26] loss: 3.9479e-01 Norm_mean: 5.5030e-01 
2024-12-13 12:03:32,651 INFO: [cat2..][Iter:     550, lr:(5.600e-04,5.600e-06,5.600e-05,)] [eta: 0:02:24] loss: 5.3232e-01 Norm_mean: 5.5030e-01 
2024-12-13 12:03:34,725 INFO: [cat2..][Iter:     560, lr:(5.520e-04,5.520e-06,5.520e-05,)] [eta: 0:02:22] loss: 3.3990e-01 Norm_mean: 5.5030e-01 
2024-12-13 12:03:36,782 INFO: [cat2..][Iter:     570, lr:(5.440e-04,5.440e-06,5.440e-05,)] [eta: 0:02:20] loss: 1.1066e-01 Norm_mean: 5.5030e-01 
2024-12-13 12:03:38,855 INFO: [cat2..][Iter:     580, lr:(5.360e-04,5.360e-06,5.360e-05,)] [eta: 0:02:18] loss: 2.4930e-01 Norm_mean: 5.5030e-01 
2024-12-13 12:03:40,914 INFO: [cat2..][Iter:     590, lr:(5.280e-04,5.280e-06,5.280e-05,)] [eta: 0:02:16] loss: 2.4080e-01 Norm_mean: 5.5030e-01 
2024-12-13 12:03:42,967 INFO: [cat2..][Iter:     600, lr:(5.200e-04,5.200e-06,5.200e-05,)] [eta: 0:02:14] loss: 6.7738e-01 Norm_mean: 5.5030e-01 
2024-12-13 12:03:45,035 INFO: [cat2..][Iter:     610, lr:(5.120e-04,5.120e-06,5.120e-05,)] [eta: 0:02:12] loss: 1.6802e-02 Norm_mean: 5.5030e-01 
2024-12-13 12:03:47,079 INFO: [cat2..][Iter:     620, lr:(5.040e-04,5.040e-06,5.040e-05,)] [eta: 0:02:09] loss: 3.7505e-01 Norm_mean: 5.5030e-01 
2024-12-13 12:03:49,148 INFO: [cat2..][Iter:     630, lr:(4.960e-04,4.960e-06,4.960e-05,)] [eta: 0:02:07] loss: 3.9302e-01 Norm_mean: 5.5030e-01 
2024-12-13 12:03:51,212 INFO: [cat2..][Iter:     640, lr:(4.880e-04,4.880e-06,4.880e-05,)] [eta: 0:02:05] loss: 2.2409e-01 Norm_mean: 5.5030e-01 
2024-12-13 12:03:53,248 INFO: [cat2..][Iter:     650, lr:(4.800e-04,4.800e-06,4.800e-05,)] [eta: 0:02:03] loss: 6.6613e-01 Norm_mean: 5.5030e-01 
2024-12-13 12:03:55,287 INFO: [cat2..][Iter:     660, lr:(4.720e-04,4.720e-06,4.720e-05,)] [eta: 0:02:01] loss: 2.4015e-01 Norm_mean: 5.5030e-01 
2024-12-13 12:03:57,358 INFO: [cat2..][Iter:     670, lr:(4.640e-04,4.640e-06,4.640e-05,)] [eta: 0:01:59] loss: 5.0308e-02 Norm_mean: 5.5030e-01 
2024-12-13 12:03:59,414 INFO: [cat2..][Iter:     680, lr:(4.560e-04,4.560e-06,4.560e-05,)] [eta: 0:01:57] loss: 5.5266e-01 Norm_mean: 5.5030e-01 
2024-12-13 12:04:01,495 INFO: [cat2..][Iter:     690, lr:(4.480e-04,4.480e-06,4.480e-05,)] [eta: 0:01:55] loss: 2.4941e-01 Norm_mean: 5.5030e-01 
2024-12-13 12:04:03,579 INFO: [cat2..][Iter:     700, lr:(4.400e-04,4.400e-06,4.400e-05,)] [eta: 0:01:53] loss: 9.8162e-02 Norm_mean: 5.5030e-01 
2024-12-13 12:04:05,650 INFO: [cat2..][Iter:     710, lr:(4.320e-04,4.320e-06,4.320e-05,)] [eta: 0:01:51] loss: 7.3545e-01 Norm_mean: 5.5030e-01 
2024-12-13 12:04:07,742 INFO: [cat2..][Iter:     720, lr:(4.240e-04,4.240e-06,4.240e-05,)] [eta: 0:01:49] loss: 2.0460e-01 Norm_mean: 5.5030e-01 
2024-12-13 12:04:09,796 INFO: [cat2..][Iter:     730, lr:(4.160e-04,4.160e-06,4.160e-05,)] [eta: 0:01:47] loss: 3.9950e-01 Norm_mean: 5.5030e-01 
2024-12-13 12:04:11,853 INFO: [cat2..][Iter:     740, lr:(4.080e-04,4.080e-06,4.080e-05,)] [eta: 0:01:45] loss: 1.5346e-01 Norm_mean: 5.5030e-01 
2024-12-13 12:04:13,907 INFO: [cat2..][Iter:     750, lr:(4.000e-04,4.000e-06,4.000e-05,)] [eta: 0:01:43] loss: 8.7370e-02 Norm_mean: 5.5030e-01 
2024-12-13 12:04:15,952 INFO: [cat2..][Iter:     760, lr:(3.920e-04,3.920e-06,3.920e-05,)] [eta: 0:01:41] loss: 7.1572e-01 Norm_mean: 5.5030e-01 
2024-12-13 12:04:18,046 INFO: [cat2..][Iter:     770, lr:(3.840e-04,3.840e-06,3.840e-05,)] [eta: 0:01:38] loss: 4.1676e-02 Norm_mean: 5.5030e-01 
2024-12-13 12:04:20,102 INFO: [cat2..][Iter:     780, lr:(3.760e-04,3.760e-06,3.760e-05,)] [eta: 0:01:36] loss: 6.3075e-02 Norm_mean: 5.5030e-01 
2024-12-13 12:04:22,182 INFO: [cat2..][Iter:     790, lr:(3.680e-04,3.680e-06,3.680e-05,)] [eta: 0:01:34] loss: 5.1283e-02 Norm_mean: 5.5030e-01 
2024-12-13 12:04:24,261 INFO: [cat2..][Iter:     800, lr:(3.600e-04,3.600e-06,3.600e-05,)] [eta: 0:01:32] loss: 1.8220e-01 Norm_mean: 5.5030e-01 
2024-12-13 12:04:26,333 INFO: [cat2..][Iter:     810, lr:(3.520e-04,3.520e-06,3.520e-05,)] [eta: 0:01:30] loss: 3.2307e-01 Norm_mean: 5.5030e-01 
2024-12-13 12:04:28,398 INFO: [cat2..][Iter:     820, lr:(3.440e-04,3.440e-06,3.440e-05,)] [eta: 0:01:28] loss: 9.7217e-02 Norm_mean: 5.5030e-01 
2024-12-13 12:04:30,461 INFO: [cat2..][Iter:     830, lr:(3.360e-04,3.360e-06,3.360e-05,)] [eta: 0:01:26] loss: 9.0311e-01 Norm_mean: 5.5030e-01 
2024-12-13 12:04:32,589 INFO: [cat2..][Iter:     840, lr:(3.280e-04,3.280e-06,3.280e-05,)] [eta: 0:01:24] loss: 6.7051e-02 Norm_mean: 5.5030e-01 
2024-12-13 12:04:34,669 INFO: [cat2..][Iter:     850, lr:(3.200e-04,3.200e-06,3.200e-05,)] [eta: 0:01:22] loss: 9.1754e-01 Norm_mean: 5.5030e-01 
2024-12-13 12:04:36,895 INFO: [cat2..][Iter:     860, lr:(3.120e-04,3.120e-06,3.120e-05,)] [eta: 0:01:20] loss: 7.2646e-02 Norm_mean: 5.5030e-01 
2024-12-13 12:04:38,995 INFO: [cat2..][Iter:     870, lr:(3.040e-04,3.040e-06,3.040e-05,)] [eta: 0:01:18] loss: 5.3630e-01 Norm_mean: 5.5030e-01 
2024-12-13 12:04:41,084 INFO: [cat2..][Iter:     880, lr:(2.960e-04,2.960e-06,2.960e-05,)] [eta: 0:01:16] loss: 1.7609e-01 Norm_mean: 5.5030e-01 
2024-12-13 12:04:43,120 INFO: [cat2..][Iter:     890, lr:(2.880e-04,2.880e-06,2.880e-05,)] [eta: 0:01:14] loss: 9.4055e-01 Norm_mean: 5.5030e-01 
2024-12-13 12:04:45,180 INFO: [cat2..][Iter:     900, lr:(2.800e-04,2.800e-06,2.800e-05,)] [eta: 0:01:12] loss: 1.1665e+00 Norm_mean: 5.5030e-01 
2024-12-13 12:04:47,203 INFO: [cat2..][Iter:     910, lr:(2.720e-04,2.720e-06,2.720e-05,)] [eta: 0:01:10] loss: 5.4995e-01 Norm_mean: 5.5030e-01 
2024-12-13 12:04:49,242 INFO: [cat2..][Iter:     920, lr:(2.640e-04,2.640e-06,2.640e-05,)] [eta: 0:01:08] loss: 1.2762e-01 Norm_mean: 5.5030e-01 
2024-12-13 12:04:51,299 INFO: [cat2..][Iter:     930, lr:(2.560e-04,2.560e-06,2.560e-05,)] [eta: 0:01:05] loss: 6.5967e-01 Norm_mean: 5.5030e-01 
2024-12-13 12:04:53,358 INFO: [cat2..][Iter:     940, lr:(2.480e-04,2.480e-06,2.480e-05,)] [eta: 0:01:03] loss: 1.2427e+00 Norm_mean: 5.5030e-01 
2024-12-13 12:04:55,453 INFO: [cat2..][Iter:     950, lr:(2.400e-04,2.400e-06,2.400e-05,)] [eta: 0:01:01] loss: 2.6521e-01 Norm_mean: 5.5030e-01 
2024-12-13 12:04:57,529 INFO: [cat2..][Iter:     960, lr:(2.320e-04,2.320e-06,2.320e-05,)] [eta: 0:00:59] loss: 2.1368e-02 Norm_mean: 5.5030e-01 
2024-12-13 12:04:59,599 INFO: [cat2..][Iter:     970, lr:(2.240e-04,2.240e-06,2.240e-05,)] [eta: 0:00:57] loss: 5.2794e-01 Norm_mean: 5.5030e-01 
2024-12-13 12:05:01,672 INFO: [cat2..][Iter:     980, lr:(2.160e-04,2.160e-06,2.160e-05,)] [eta: 0:00:55] loss: 1.2456e+00 Norm_mean: 5.5030e-01 
2024-12-13 12:05:03,751 INFO: [cat2..][Iter:     990, lr:(2.080e-04,2.080e-06,2.080e-05,)] [eta: 0:00:53] loss: 1.0674e-01 Norm_mean: 5.5030e-01 
2024-12-13 12:05:05,818 INFO: [cat2..][Iter:   1,000, lr:(2.000e-04,2.000e-06,2.000e-05,)] [eta: 0:00:51] loss: 1.8135e-01 Norm_mean: 5.5030e-01 
2024-12-13 12:05:07,907 INFO: [cat2..][Iter:   1,010, lr:(1.920e-04,1.920e-06,1.920e-05,)] [eta: 0:00:49] loss: 4.1459e-02 Norm_mean: 5.5030e-01 
2024-12-13 12:05:09,978 INFO: [cat2..][Iter:   1,020, lr:(1.840e-04,1.840e-06,1.840e-05,)] [eta: 0:00:47] loss: 1.0205e+00 Norm_mean: 5.5030e-01 
2024-12-13 12:05:12,064 INFO: [cat2..][Iter:   1,030, lr:(1.760e-04,1.760e-06,1.760e-05,)] [eta: 0:00:45] loss: 3.7769e-02 Norm_mean: 5.5030e-01 
2024-12-13 12:05:14,151 INFO: [cat2..][Iter:   1,040, lr:(1.680e-04,1.680e-06,1.680e-05,)] [eta: 0:00:43] loss: 8.2480e-01 Norm_mean: 5.5030e-01 
2024-12-13 12:05:16,229 INFO: [cat2..][Iter:   1,050, lr:(1.600e-04,1.600e-06,1.600e-05,)] [eta: 0:00:41] loss: 1.6628e-01 Norm_mean: 5.5030e-01 
2024-12-13 12:05:18,287 INFO: [cat2..][Iter:   1,060, lr:(1.520e-04,1.520e-06,1.520e-05,)] [eta: 0:00:39] loss: 6.1008e-01 Norm_mean: 5.5030e-01 
2024-12-13 12:05:20,341 INFO: [cat2..][Iter:   1,070, lr:(1.440e-04,1.440e-06,1.440e-05,)] [eta: 0:00:37] loss: 6.3129e-01 Norm_mean: 5.5030e-01 
2024-12-13 12:05:22,421 INFO: [cat2..][Iter:   1,080, lr:(1.360e-04,1.360e-06,1.360e-05,)] [eta: 0:00:34] loss: 2.1238e+00 Norm_mean: 5.5030e-01 
2024-12-13 12:05:24,497 INFO: [cat2..][Iter:   1,090, lr:(1.280e-04,1.280e-06,1.280e-05,)] [eta: 0:00:32] loss: 1.7613e-02 Norm_mean: 5.5030e-01 
2024-12-13 12:05:26,572 INFO: [cat2..][Iter:   1,100, lr:(1.200e-04,1.200e-06,1.200e-05,)] [eta: 0:00:30] loss: 8.0747e-02 Norm_mean: 5.5030e-01 
2024-12-13 12:05:28,660 INFO: [cat2..][Iter:   1,110, lr:(1.120e-04,1.120e-06,1.120e-05,)] [eta: 0:00:28] loss: 1.2910e-01 Norm_mean: 5.5030e-01 
2024-12-13 12:05:30,744 INFO: [cat2..][Iter:   1,120, lr:(1.040e-04,1.040e-06,1.040e-05,)] [eta: 0:00:26] loss: 2.8045e-01 Norm_mean: 5.5030e-01 
2024-12-13 12:05:32,795 INFO: [cat2..][Iter:   1,130, lr:(9.600e-05,9.600e-07,9.600e-06,)] [eta: 0:00:24] loss: 5.0171e-01 Norm_mean: 5.5030e-01 
2024-12-13 12:05:34,813 INFO: [cat2..][Iter:   1,140, lr:(8.800e-05,8.800e-07,8.800e-06,)] [eta: 0:00:22] loss: 9.3371e-02 Norm_mean: 5.5030e-01 
2024-12-13 12:05:36,893 INFO: [cat2..][Iter:   1,150, lr:(8.000e-05,8.000e-07,8.000e-06,)] [eta: 0:00:20] loss: 4.6463e-01 Norm_mean: 5.5030e-01 
2024-12-13 12:05:38,970 INFO: [cat2..][Iter:   1,160, lr:(7.200e-05,7.200e-07,7.200e-06,)] [eta: 0:00:18] loss: 1.9167e-01 Norm_mean: 5.5030e-01 
2024-12-13 12:05:41,036 INFO: [cat2..][Iter:   1,170, lr:(6.400e-05,6.400e-07,6.400e-06,)] [eta: 0:00:16] loss: 1.3037e-01 Norm_mean: 5.5030e-01 
2024-12-13 12:05:43,105 INFO: [cat2..][Iter:   1,180, lr:(5.600e-05,5.600e-07,5.600e-06,)] [eta: 0:00:14] loss: 4.6529e-01 Norm_mean: 5.5030e-01 
2024-12-13 12:05:45,177 INFO: [cat2..][Iter:   1,190, lr:(4.800e-05,4.800e-07,4.800e-06,)] [eta: 0:00:12] loss: 7.0544e-01 Norm_mean: 5.5030e-01 
2024-12-13 12:05:47,304 INFO: [cat2..][Iter:   1,200, lr:(4.000e-05,4.000e-07,4.000e-06,)] [eta: 0:00:10] loss: 1.9827e-01 Norm_mean: 5.5030e-01 
2024-12-13 12:05:49,379 INFO: [cat2..][Iter:   1,210, lr:(3.200e-05,3.200e-07,3.200e-06,)] [eta: 0:00:08] loss: 7.5539e-01 Norm_mean: 5.5030e-01 
2024-12-13 12:05:51,428 INFO: [cat2..][Iter:   1,220, lr:(2.400e-05,2.400e-07,2.400e-06,)] [eta: 0:00:06] loss: 1.4958e-01 Norm_mean: 5.5030e-01 
2024-12-13 12:05:53,480 INFO: [cat2..][Iter:   1,230, lr:(1.600e-05,1.600e-07,1.600e-06,)] [eta: 0:00:03] loss: 2.0993e+00 Norm_mean: 5.5030e-01 
2024-12-13 12:05:55,548 INFO: [cat2..][Iter:   1,240, lr:(8.000e-06,8.000e-08,8.000e-07,)] [eta: 0:00:01] loss: 8.1660e-02 Norm_mean: 5.5030e-01 
2024-12-13 12:05:57,557 INFO: [cat2..][Iter:   1,250, lr:(0.000e+00,0.000e+00,0.000e+00,)] [eta: 0:00:00] loss: 1.0261e+00 Norm_mean: 5.5030e-01 
2024-12-13 12:05:57,565 INFO: Save state to /home/iampoo/dlcv2024/final/Concept-Conductor/experiments/cat2/models/edlora_model-latest.pth
2024-12-13 12:05:57,565 INFO: Start validation /home/iampoo/dlcv2024/final/Concept-Conductor/experiments/cat2/models/edlora_model-latest.pth:
