2024-12-13 13:58:16,563 INFO: Distributed environment: NO
Num processes: 1
Process index: 0
Local process index: 0
Device: cuda

Mixed precision type: fp16

2024-12-13 13:58:16,563 INFO: 
  name: vase
  manual_seed: 0
  mixed_precision: fp16
  gradient_accumulation_steps: 1
  datasets:[
    train:[
      name: LoraDataset
      concept_list: Data/jsons/vase.json
      use_caption: True
      use_mask: True
      instance_transform: [{'type': 'HumanResizeCropFinalV3', 'size': 512, 'crop_p': 0.5}, {'type': 'ToTensor'}, {'type': 'Normalize', 'mean': [0.5], 'std': [0.5]}, {'type': 'ShuffleCaption', 'keep_token_num': 1}, {'type': 'EnhanceText', 'enhance_type': 'object'}]
      replace_mapping:[
        <TOK>: <vase_1> <vase_2>
      ]
      batch_size_per_gpu: 2
      dataset_enlarge_ratio: 500
    ]
    val_vis:[
      name: PromptDataset
      prompts: Data/val.txt
      num_samples_per_prompt: 1
      latent_size: [4, 64, 64]
      replace_mapping:[
        <TOK>: <vase_1> <vase_2>
      ]
      batch_size_per_gpu: 4
    ]
  ]
  models:[
    pretrained_path: experiments/pretrained_models/chilloutmix
    enable_edlora: True
    finetune_cfg:[
      text_embedding:[
        enable_tuning: True
        lr: 0.001
      ]
      text_encoder:[
        enable_tuning: True
        lora_cfg:[
          rank: 4
          alpha: 1
          where: CLIPAttention
        ]
        lr: 1e-05
      ]
      unet:[
        enable_tuning: True
        lora_cfg:[
          rank: 4
          alpha: 1
          where: Attention
        ]
        lr: 0.0001
      ]
    ]
    new_concept_token: <vase_1>+<vase_2>
    noise_offset: 0.01
    initializer_token: <rand-0.013>+vase
    attn_reg_weight: 0.01
    reg_full_identity: False
    use_mask_loss: True
    gradient_checkpoint: False
    enable_xformers: True
  ]
  path:[
    pretrain_network: None
    experiments_root: /home/iampoo/dlcv2024/final/Concept-Conductor/experiments/vase
    models: /home/iampoo/dlcv2024/final/Concept-Conductor/experiments/vase/models
    log: /home/iampoo/dlcv2024/final/Concept-Conductor/experiments/vase
    visualization: /home/iampoo/dlcv2024/final/Concept-Conductor/experiments/vase/visualization
  ]
  train:[
    optim_g:[
      type: AdamW
      lr: 0.0
      weight_decay: 0.01
      betas: [0.9, 0.999]
    ]
    unet_kv_drop_rate: 0
    scheduler: linear
    emb_norm_threshold: 0.55
  ]
  val:[
    val_during_save: True
    compose_visualize: True
    alpha_list: [0, 0.7, 1.0]
    sample:[
      num_inference_steps: 50
      guidance_scale: 7.5
    ]
  ]
  logger:[
    print_freq: 10
    save_checkpoint_freq: 10000.0
  ]
  is_train: True

2024-12-13 13:58:18,138 INFO: <vase_1> (49408-49423) is random initialized by: <rand-0.013>
2024-12-13 13:58:18,466 INFO: <vase_2> (49424-49439) is random initialized by existing token (vase): 20431
2024-12-13 13:58:18,470 INFO: optimizing embedding using lr: 0.001
2024-12-13 13:58:18,470 INFO: optimizing text_encoder (0 LoRAs), using lr: 1e-05
2024-12-13 13:58:18,486 INFO: optimizing unet (128 LoRAs), using lr: 0.0001
2024-12-13 13:58:18,976 INFO: ***** Running training *****
2024-12-13 13:58:18,977 INFO:   Num examples = 3000
2024-12-13 13:58:18,977 INFO:   Instantaneous batch size per device = 2
2024-12-13 13:58:18,977 INFO:   Total train batch size (w. parallel, distributed & accumulation) = 2
2024-12-13 13:58:18,977 INFO:   Total optimization steps = 1500.0
2024-12-13 13:58:21,175 INFO: [vase..][Iter:      10, lr:(9.933e-04,9.933e-06,9.933e-05,)] [eta: 0:04:57] loss: 2.4553e-02 Norm_mean: 3.9295e-01 
2024-12-13 13:58:23,055 INFO: [vase..][Iter:      20, lr:(9.867e-04,9.867e-06,9.867e-05,)] [eta: 0:04:47] loss: 1.5188e-01 Norm_mean: 4.0763e-01 
2024-12-13 13:58:24,934 INFO: [vase..][Iter:      30, lr:(9.800e-04,9.800e-06,9.800e-05,)] [eta: 0:04:42] loss: 1.9565e-01 Norm_mean: 4.1924e-01 
2024-12-13 13:58:26,817 INFO: [vase..][Iter:      40, lr:(9.733e-04,9.733e-06,9.733e-05,)] [eta: 0:04:39] loss: 5.3179e-01 Norm_mean: 4.2994e-01 
2024-12-13 13:58:28,706 INFO: [vase..][Iter:      50, lr:(9.667e-04,9.667e-06,9.667e-05,)] [eta: 0:04:36] loss: 6.3371e-02 Norm_mean: 4.4160e-01 
2024-12-13 13:58:30,583 INFO: [vase..][Iter:      60, lr:(9.600e-04,9.600e-06,9.600e-05,)] [eta: 0:04:33] loss: 4.5116e-01 Norm_mean: 4.5206e-01 
2024-12-13 13:58:32,463 INFO: [vase..][Iter:      70, lr:(9.533e-04,9.533e-06,9.533e-05,)] [eta: 0:04:31] loss: 3.3320e-01 Norm_mean: 4.6152e-01 
2024-12-13 13:58:34,347 INFO: [vase..][Iter:      80, lr:(9.467e-04,9.467e-06,9.467e-05,)] [eta: 0:04:29] loss: 1.4039e-01 Norm_mean: 4.7185e-01 
2024-12-13 13:58:36,232 INFO: [vase..][Iter:      90, lr:(9.400e-04,9.400e-06,9.400e-05,)] [eta: 0:04:27] loss: 9.8268e-03 Norm_mean: 4.8180e-01 
2024-12-13 13:58:38,124 INFO: [vase..][Iter:     100, lr:(9.333e-04,9.333e-06,9.333e-05,)] [eta: 0:04:25] loss: 1.8632e-01 Norm_mean: 4.9036e-01 
2024-12-13 13:58:40,003 INFO: [vase..][Iter:     110, lr:(9.267e-04,9.267e-06,9.267e-05,)] [eta: 0:04:23] loss: 2.4985e-01 Norm_mean: 4.9814e-01 
2024-12-13 13:58:41,885 INFO: [vase..][Iter:     120, lr:(9.200e-04,9.200e-06,9.200e-05,)] [eta: 0:04:21] loss: 4.7933e-01 Norm_mean: 5.0551e-01 
2024-12-13 13:58:43,784 INFO: [vase..][Iter:     130, lr:(9.133e-04,9.133e-06,9.133e-05,)] [eta: 0:04:19] loss: 2.0905e-01 Norm_mean: 5.1214e-01 
2024-12-13 13:58:45,674 INFO: [vase..][Iter:     140, lr:(9.067e-04,9.067e-06,9.067e-05,)] [eta: 0:04:17] loss: 1.2378e+00 Norm_mean: 5.1831e-01 
2024-12-13 13:58:47,555 INFO: [vase..][Iter:     150, lr:(9.000e-04,9.000e-06,9.000e-05,)] [eta: 0:04:15] loss: 9.3303e-02 Norm_mean: 5.2395e-01 
2024-12-13 13:58:49,434 INFO: [vase..][Iter:     160, lr:(8.933e-04,8.933e-06,8.933e-05,)] [eta: 0:04:13] loss: 7.4510e-01 Norm_mean: 5.2914e-01 
2024-12-13 13:58:51,319 INFO: [vase..][Iter:     170, lr:(8.867e-04,8.867e-06,8.867e-05,)] [eta: 0:04:11] loss: 3.4756e-02 Norm_mean: 5.3359e-01 
2024-12-13 13:58:53,226 INFO: [vase..][Iter:     180, lr:(8.800e-04,8.800e-06,8.800e-05,)] [eta: 0:04:09] loss: 3.8865e-02 Norm_mean: 5.3821e-01 
2024-12-13 13:58:55,113 INFO: [vase..][Iter:     190, lr:(8.733e-04,8.733e-06,8.733e-05,)] [eta: 0:04:07] loss: 8.6181e-02 Norm_mean: 5.4332e-01 
2024-12-13 13:58:56,998 INFO: [vase..][Iter:     200, lr:(8.667e-04,8.667e-06,8.667e-05,)] [eta: 0:04:05] loss: 4.7827e-01 Norm_mean: 5.4885e-01 
2024-12-13 13:58:58,875 INFO: [vase..][Iter:     210, lr:(8.600e-04,8.600e-06,8.600e-05,)] [eta: 0:04:03] loss: 4.4980e-01 Norm_mean: 5.5000e-01 
2024-12-13 13:59:00,781 INFO: [vase..][Iter:     220, lr:(8.533e-04,8.533e-06,8.533e-05,)] [eta: 0:04:01] loss: 7.6251e-01 Norm_mean: 5.5000e-01 
2024-12-13 13:59:02,689 INFO: [vase..][Iter:     230, lr:(8.467e-04,8.467e-06,8.467e-05,)] [eta: 0:04:00] loss: 8.8150e-02 Norm_mean: 5.5000e-01 
2024-12-13 13:59:04,577 INFO: [vase..][Iter:     240, lr:(8.400e-04,8.400e-06,8.400e-05,)] [eta: 0:03:58] loss: 6.6402e-01 Norm_mean: 5.5000e-01 
2024-12-13 13:59:06,459 INFO: [vase..][Iter:     250, lr:(8.333e-04,8.333e-06,8.333e-05,)] [eta: 0:03:56] loss: 7.7028e-01 Norm_mean: 5.5000e-01 
2024-12-13 13:59:08,344 INFO: [vase..][Iter:     260, lr:(8.267e-04,8.267e-06,8.267e-05,)] [eta: 0:03:54] loss: 1.9870e-01 Norm_mean: 5.5000e-01 
2024-12-13 13:59:10,232 INFO: [vase..][Iter:     270, lr:(8.200e-04,8.200e-06,8.200e-05,)] [eta: 0:03:52] loss: 4.4137e-01 Norm_mean: 5.5000e-01 
2024-12-13 13:59:12,109 INFO: [vase..][Iter:     280, lr:(8.133e-04,8.133e-06,8.133e-05,)] [eta: 0:03:50] loss: 2.3721e-01 Norm_mean: 5.5000e-01 
2024-12-13 13:59:14,001 INFO: [vase..][Iter:     290, lr:(8.067e-04,8.067e-06,8.067e-05,)] [eta: 0:03:48] loss: 2.0741e-01 Norm_mean: 5.5000e-01 
2024-12-13 13:59:15,884 INFO: [vase..][Iter:     300, lr:(8.000e-04,8.000e-06,8.000e-05,)] [eta: 0:03:46] loss: 2.3802e-01 Norm_mean: 5.5000e-01 
2024-12-13 13:59:17,772 INFO: [vase..][Iter:     310, lr:(7.933e-04,7.933e-06,7.933e-05,)] [eta: 0:03:44] loss: 6.6395e-02 Norm_mean: 5.5000e-01 
2024-12-13 13:59:19,658 INFO: [vase..][Iter:     320, lr:(7.867e-04,7.867e-06,7.867e-05,)] [eta: 0:03:42] loss: 2.8408e-01 Norm_mean: 5.5000e-01 
2024-12-13 13:59:21,558 INFO: [vase..][Iter:     330, lr:(7.800e-04,7.800e-06,7.800e-05,)] [eta: 0:03:41] loss: 1.0766e-01 Norm_mean: 5.5000e-01 
2024-12-13 13:59:23,436 INFO: [vase..][Iter:     340, lr:(7.733e-04,7.733e-06,7.733e-05,)] [eta: 0:03:39] loss: 4.5954e-01 Norm_mean: 5.5000e-01 
2024-12-13 13:59:25,320 INFO: [vase..][Iter:     350, lr:(7.667e-04,7.667e-06,7.667e-05,)] [eta: 0:03:37] loss: 2.7933e-01 Norm_mean: 5.5000e-01 
2024-12-13 13:59:27,218 INFO: [vase..][Iter:     360, lr:(7.600e-04,7.600e-06,7.600e-05,)] [eta: 0:03:35] loss: 3.6629e-01 Norm_mean: 5.5000e-01 
2024-12-13 13:59:29,102 INFO: [vase..][Iter:     370, lr:(7.533e-04,7.533e-06,7.533e-05,)] [eta: 0:03:33] loss: 2.0487e-02 Norm_mean: 5.5000e-01 
2024-12-13 13:59:30,990 INFO: [vase..][Iter:     380, lr:(7.467e-04,7.467e-06,7.467e-05,)] [eta: 0:03:31] loss: 1.7885e-02 Norm_mean: 5.5000e-01 
2024-12-13 13:59:32,874 INFO: [vase..][Iter:     390, lr:(7.400e-04,7.400e-06,7.400e-05,)] [eta: 0:03:29] loss: 5.0394e-01 Norm_mean: 5.5000e-01 
2024-12-13 13:59:34,769 INFO: [vase..][Iter:     400, lr:(7.333e-04,7.333e-06,7.333e-05,)] [eta: 0:03:27] loss: 4.9814e-02 Norm_mean: 5.5000e-01 
2024-12-13 13:59:36,649 INFO: [vase..][Iter:     410, lr:(7.267e-04,7.267e-06,7.267e-05,)] [eta: 0:03:25] loss: 4.1362e-01 Norm_mean: 5.5000e-01 
2024-12-13 13:59:38,529 INFO: [vase..][Iter:     420, lr:(7.200e-04,7.200e-06,7.200e-05,)] [eta: 0:03:23] loss: 2.9810e-01 Norm_mean: 5.5000e-01 
2024-12-13 13:59:40,421 INFO: [vase..][Iter:     430, lr:(7.133e-04,7.133e-06,7.133e-05,)] [eta: 0:03:22] loss: 2.8410e-01 Norm_mean: 5.5000e-01 
2024-12-13 13:59:42,310 INFO: [vase..][Iter:     440, lr:(7.067e-04,7.067e-06,7.067e-05,)] [eta: 0:03:20] loss: 9.9539e-02 Norm_mean: 5.5000e-01 
2024-12-13 13:59:44,193 INFO: [vase..][Iter:     450, lr:(7.000e-04,7.000e-06,7.000e-05,)] [eta: 0:03:18] loss: 1.0854e-01 Norm_mean: 5.5000e-01 
2024-12-13 13:59:46,081 INFO: [vase..][Iter:     460, lr:(6.933e-04,6.933e-06,6.933e-05,)] [eta: 0:03:16] loss: 6.8642e-02 Norm_mean: 5.5000e-01 
2024-12-13 13:59:47,975 INFO: [vase..][Iter:     470, lr:(6.867e-04,6.867e-06,6.867e-05,)] [eta: 0:03:14] loss: 1.3397e-01 Norm_mean: 5.5000e-01 
2024-12-13 13:59:49,865 INFO: [vase..][Iter:     480, lr:(6.800e-04,6.800e-06,6.800e-05,)] [eta: 0:03:12] loss: 2.5893e-01 Norm_mean: 5.5000e-01 
2024-12-13 13:59:51,760 INFO: [vase..][Iter:     490, lr:(6.733e-04,6.733e-06,6.733e-05,)] [eta: 0:03:10] loss: 2.1240e-01 Norm_mean: 5.5000e-01 
2024-12-13 13:59:53,649 INFO: [vase..][Iter:     500, lr:(6.667e-04,6.667e-06,6.667e-05,)] [eta: 0:03:08] loss: 4.7564e-01 Norm_mean: 5.5000e-01 
2024-12-13 13:59:55,528 INFO: [vase..][Iter:     510, lr:(6.600e-04,6.600e-06,6.600e-05,)] [eta: 0:03:06] loss: 4.8918e-01 Norm_mean: 5.5000e-01 
2024-12-13 13:59:57,413 INFO: [vase..][Iter:     520, lr:(6.533e-04,6.533e-06,6.533e-05,)] [eta: 0:03:04] loss: 1.0980e+00 Norm_mean: 5.5000e-01 
2024-12-13 13:59:59,300 INFO: [vase..][Iter:     530, lr:(6.467e-04,6.467e-06,6.467e-05,)] [eta: 0:03:03] loss: 1.0316e-01 Norm_mean: 5.5000e-01 
2024-12-13 14:00:01,188 INFO: [vase..][Iter:     540, lr:(6.400e-04,6.400e-06,6.400e-05,)] [eta: 0:03:01] loss: 3.5190e-01 Norm_mean: 5.5000e-01 
2024-12-13 14:00:03,080 INFO: [vase..][Iter:     550, lr:(6.333e-04,6.333e-06,6.333e-05,)] [eta: 0:02:59] loss: 3.2834e-01 Norm_mean: 5.5000e-01 
2024-12-13 14:00:04,962 INFO: [vase..][Iter:     560, lr:(6.267e-04,6.267e-06,6.267e-05,)] [eta: 0:02:57] loss: 3.9784e-01 Norm_mean: 5.5000e-01 
2024-12-13 14:00:06,859 INFO: [vase..][Iter:     570, lr:(6.200e-04,6.200e-06,6.200e-05,)] [eta: 0:02:55] loss: 9.6381e-02 Norm_mean: 5.5000e-01 
2024-12-13 14:00:08,743 INFO: [vase..][Iter:     580, lr:(6.133e-04,6.133e-06,6.133e-05,)] [eta: 0:02:53] loss: 1.8081e-01 Norm_mean: 5.5000e-01 
2024-12-13 14:00:10,636 INFO: [vase..][Iter:     590, lr:(6.067e-04,6.067e-06,6.067e-05,)] [eta: 0:02:51] loss: 1.7272e-01 Norm_mean: 5.5000e-01 
2024-12-13 14:00:12,514 INFO: [vase..][Iter:     600, lr:(6.000e-04,6.000e-06,6.000e-05,)] [eta: 0:02:49] loss: 4.8971e-01 Norm_mean: 5.5000e-01 
2024-12-13 14:00:14,399 INFO: [vase..][Iter:     610, lr:(5.933e-04,5.933e-06,5.933e-05,)] [eta: 0:02:47] loss: 8.6863e-03 Norm_mean: 5.5000e-01 
2024-12-13 14:00:16,285 INFO: [vase..][Iter:     620, lr:(5.867e-04,5.867e-06,5.867e-05,)] [eta: 0:02:46] loss: 4.3621e-01 Norm_mean: 5.5000e-01 
2024-12-13 14:00:18,170 INFO: [vase..][Iter:     630, lr:(5.800e-04,5.800e-06,5.800e-05,)] [eta: 0:02:44] loss: 4.7788e-01 Norm_mean: 5.5000e-01 
2024-12-13 14:00:20,065 INFO: [vase..][Iter:     640, lr:(5.733e-04,5.733e-06,5.733e-05,)] [eta: 0:02:42] loss: 1.6169e-01 Norm_mean: 5.5000e-01 
2024-12-13 14:00:21,946 INFO: [vase..][Iter:     650, lr:(5.667e-04,5.667e-06,5.667e-05,)] [eta: 0:02:40] loss: 8.7913e-01 Norm_mean: 5.5000e-01 
2024-12-13 14:00:23,826 INFO: [vase..][Iter:     660, lr:(5.600e-04,5.600e-06,5.600e-05,)] [eta: 0:02:38] loss: 1.2885e-01 Norm_mean: 5.5000e-01 
2024-12-13 14:00:25,717 INFO: [vase..][Iter:     670, lr:(5.533e-04,5.533e-06,5.533e-05,)] [eta: 0:02:36] loss: 3.0330e-02 Norm_mean: 5.5000e-01 
2024-12-13 14:00:27,596 INFO: [vase..][Iter:     680, lr:(5.467e-04,5.467e-06,5.467e-05,)] [eta: 0:02:34] loss: 6.3018e-01 Norm_mean: 5.5000e-01 
2024-12-13 14:00:29,493 INFO: [vase..][Iter:     690, lr:(5.400e-04,5.400e-06,5.400e-05,)] [eta: 0:02:32] loss: 1.1395e-01 Norm_mean: 5.5000e-01 
2024-12-13 14:00:31,378 INFO: [vase..][Iter:     700, lr:(5.333e-04,5.333e-06,5.333e-05,)] [eta: 0:02:30] loss: 8.7459e-02 Norm_mean: 5.5000e-01 
2024-12-13 14:00:33,265 INFO: [vase..][Iter:     710, lr:(5.267e-04,5.267e-06,5.267e-05,)] [eta: 0:02:29] loss: 6.2886e-01 Norm_mean: 5.5000e-01 
2024-12-13 14:00:35,160 INFO: [vase..][Iter:     720, lr:(5.200e-04,5.200e-06,5.200e-05,)] [eta: 0:02:27] loss: 2.3478e-01 Norm_mean: 5.5000e-01 
2024-12-13 14:00:37,042 INFO: [vase..][Iter:     730, lr:(5.133e-04,5.133e-06,5.133e-05,)] [eta: 0:02:25] loss: 2.7058e-01 Norm_mean: 5.5000e-01 
2024-12-13 14:00:38,925 INFO: [vase..][Iter:     740, lr:(5.067e-04,5.067e-06,5.067e-05,)] [eta: 0:02:23] loss: 1.4135e-01 Norm_mean: 5.5000e-01 
2024-12-13 14:00:40,827 INFO: [vase..][Iter:     750, lr:(5.000e-04,5.000e-06,5.000e-05,)] [eta: 0:02:21] loss: 6.9573e-02 Norm_mean: 5.5000e-01 
2024-12-13 14:00:42,722 INFO: [vase..][Iter:     760, lr:(4.933e-04,4.933e-06,4.933e-05,)] [eta: 0:02:19] loss: 6.5528e-01 Norm_mean: 5.5000e-01 
2024-12-13 14:00:44,617 INFO: [vase..][Iter:     770, lr:(4.867e-04,4.867e-06,4.867e-05,)] [eta: 0:02:17] loss: 4.1666e-02 Norm_mean: 5.5000e-01 
2024-12-13 14:00:46,500 INFO: [vase..][Iter:     780, lr:(4.800e-04,4.800e-06,4.800e-05,)] [eta: 0:02:15] loss: 3.2938e-02 Norm_mean: 5.5000e-01 
2024-12-13 14:00:48,379 INFO: [vase..][Iter:     790, lr:(4.733e-04,4.733e-06,4.733e-05,)] [eta: 0:02:13] loss: 5.5452e-02 Norm_mean: 5.5000e-01 
2024-12-13 14:00:50,266 INFO: [vase..][Iter:     800, lr:(4.667e-04,4.667e-06,4.667e-05,)] [eta: 0:02:12] loss: 1.2987e-01 Norm_mean: 5.5000e-01 
2024-12-13 14:00:52,153 INFO: [vase..][Iter:     810, lr:(4.600e-04,4.600e-06,4.600e-05,)] [eta: 0:02:10] loss: 3.1023e-01 Norm_mean: 5.5000e-01 
2024-12-13 14:00:54,041 INFO: [vase..][Iter:     820, lr:(4.533e-04,4.533e-06,4.533e-05,)] [eta: 0:02:08] loss: 4.6362e-02 Norm_mean: 5.5000e-01 
2024-12-13 14:00:55,934 INFO: [vase..][Iter:     830, lr:(4.467e-04,4.467e-06,4.467e-05,)] [eta: 0:02:06] loss: 6.6806e-01 Norm_mean: 5.5000e-01 
2024-12-13 14:00:57,823 INFO: [vase..][Iter:     840, lr:(4.400e-04,4.400e-06,4.400e-05,)] [eta: 0:02:04] loss: 3.4626e-02 Norm_mean: 5.5000e-01 
2024-12-13 14:00:59,718 INFO: [vase..][Iter:     850, lr:(4.333e-04,4.333e-06,4.333e-05,)] [eta: 0:02:02] loss: 7.6792e-01 Norm_mean: 5.5000e-01 
2024-12-13 14:01:01,750 INFO: [vase..][Iter:     860, lr:(4.267e-04,4.267e-06,4.267e-05,)] [eta: 0:02:00] loss: 4.0306e-02 Norm_mean: 5.5000e-01 
2024-12-13 14:01:03,764 INFO: [vase..][Iter:     870, lr:(4.200e-04,4.200e-06,4.200e-05,)] [eta: 0:01:59] loss: 4.3865e-01 Norm_mean: 5.5000e-01 
2024-12-13 14:01:05,688 INFO: [vase..][Iter:     880, lr:(4.133e-04,4.133e-06,4.133e-05,)] [eta: 0:01:57] loss: 1.6239e-01 Norm_mean: 5.5000e-01 
2024-12-13 14:01:07,607 INFO: [vase..][Iter:     890, lr:(4.067e-04,4.067e-06,4.067e-05,)] [eta: 0:01:55] loss: 8.3983e-01 Norm_mean: 5.5000e-01 
2024-12-13 14:01:09,505 INFO: [vase..][Iter:     900, lr:(4.000e-04,4.000e-06,4.000e-05,)] [eta: 0:01:53] loss: 8.0260e-01 Norm_mean: 5.5000e-01 
2024-12-13 14:01:11,393 INFO: [vase..][Iter:     910, lr:(3.933e-04,3.933e-06,3.933e-05,)] [eta: 0:01:51] loss: 5.0132e-01 Norm_mean: 5.5000e-01 
2024-12-13 14:01:13,276 INFO: [vase..][Iter:     920, lr:(3.867e-04,3.867e-06,3.867e-05,)] [eta: 0:01:49] loss: 8.4376e-02 Norm_mean: 5.5000e-01 
2024-12-13 14:01:15,172 INFO: [vase..][Iter:     930, lr:(3.800e-04,3.800e-06,3.800e-05,)] [eta: 0:01:47] loss: 3.7761e-01 Norm_mean: 5.5000e-01 
2024-12-13 14:01:17,059 INFO: [vase..][Iter:     940, lr:(3.733e-04,3.733e-06,3.733e-05,)] [eta: 0:01:45] loss: 1.0091e+00 Norm_mean: 5.5000e-01 
2024-12-13 14:01:18,944 INFO: [vase..][Iter:     950, lr:(3.667e-04,3.667e-06,3.667e-05,)] [eta: 0:01:43] loss: 2.1063e-01 Norm_mean: 5.5000e-01 
2024-12-13 14:01:20,841 INFO: [vase..][Iter:     960, lr:(3.600e-04,3.600e-06,3.600e-05,)] [eta: 0:01:42] loss: 8.4972e-03 Norm_mean: 5.5000e-01 
2024-12-13 14:01:22,730 INFO: [vase..][Iter:     970, lr:(3.533e-04,3.533e-06,3.533e-05,)] [eta: 0:01:40] loss: 2.8280e-01 Norm_mean: 5.5000e-01 
2024-12-13 14:01:24,621 INFO: [vase..][Iter:     980, lr:(3.467e-04,3.467e-06,3.467e-05,)] [eta: 0:01:38] loss: 9.9163e-01 Norm_mean: 5.5000e-01 
2024-12-13 14:01:26,540 INFO: [vase..][Iter:     990, lr:(3.400e-04,3.400e-06,3.400e-05,)] [eta: 0:01:36] loss: 4.9727e-02 Norm_mean: 5.5000e-01 
2024-12-13 14:01:28,432 INFO: [vase..][Iter:   1,000, lr:(3.333e-04,3.333e-06,3.333e-05,)] [eta: 0:01:34] loss: 1.5373e-01 Norm_mean: 5.5000e-01 
2024-12-13 14:01:30,322 INFO: [vase..][Iter:   1,010, lr:(3.267e-04,3.267e-06,3.267e-05,)] [eta: 0:01:32] loss: 3.6952e-02 Norm_mean: 5.5000e-01 
2024-12-13 14:01:32,208 INFO: [vase..][Iter:   1,020, lr:(3.200e-04,3.200e-06,3.200e-05,)] [eta: 0:01:30] loss: 8.1296e-01 Norm_mean: 5.5000e-01 
2024-12-13 14:01:34,099 INFO: [vase..][Iter:   1,030, lr:(3.133e-04,3.133e-06,3.133e-05,)] [eta: 0:01:28] loss: 3.4710e-02 Norm_mean: 5.5000e-01 
2024-12-13 14:01:35,992 INFO: [vase..][Iter:   1,040, lr:(3.067e-04,3.067e-06,3.067e-05,)] [eta: 0:01:26] loss: 9.8573e-01 Norm_mean: 5.5000e-01 
2024-12-13 14:01:37,882 INFO: [vase..][Iter:   1,050, lr:(3.000e-04,3.000e-06,3.000e-05,)] [eta: 0:01:24] loss: 1.7666e-01 Norm_mean: 5.5000e-01 
2024-12-13 14:01:39,776 INFO: [vase..][Iter:   1,060, lr:(2.933e-04,2.933e-06,2.933e-05,)] [eta: 0:01:23] loss: 4.4171e-01 Norm_mean: 5.5000e-01 
2024-12-13 14:01:41,696 INFO: [vase..][Iter:   1,070, lr:(2.867e-04,2.867e-06,2.867e-05,)] [eta: 0:01:21] loss: 4.8410e-01 Norm_mean: 5.5000e-01 
2024-12-13 14:01:43,581 INFO: [vase..][Iter:   1,080, lr:(2.800e-04,2.800e-06,2.800e-05,)] [eta: 0:01:19] loss: 1.3123e+00 Norm_mean: 5.5000e-01 
2024-12-13 14:01:45,481 INFO: [vase..][Iter:   1,090, lr:(2.733e-04,2.733e-06,2.733e-05,)] [eta: 0:01:17] loss: 1.6804e-02 Norm_mean: 5.5000e-01 
2024-12-13 14:01:47,360 INFO: [vase..][Iter:   1,100, lr:(2.667e-04,2.667e-06,2.667e-05,)] [eta: 0:01:15] loss: 4.6339e-02 Norm_mean: 5.5000e-01 
2024-12-13 14:01:49,247 INFO: [vase..][Iter:   1,110, lr:(2.600e-04,2.600e-06,2.600e-05,)] [eta: 0:01:13] loss: 8.3527e-02 Norm_mean: 5.5000e-01 
2024-12-13 14:01:51,149 INFO: [vase..][Iter:   1,120, lr:(2.533e-04,2.533e-06,2.533e-05,)] [eta: 0:01:11] loss: 2.4526e-01 Norm_mean: 5.5000e-01 
2024-12-13 14:01:53,044 INFO: [vase..][Iter:   1,130, lr:(2.467e-04,2.467e-06,2.467e-05,)] [eta: 0:01:09] loss: 3.2764e-01 Norm_mean: 5.5000e-01 
2024-12-13 14:01:54,913 INFO: [vase..][Iter:   1,140, lr:(2.400e-04,2.400e-06,2.400e-05,)] [eta: 0:01:07] loss: 5.1721e-02 Norm_mean: 5.5000e-01 
2024-12-13 14:01:56,814 INFO: [vase..][Iter:   1,150, lr:(2.333e-04,2.333e-06,2.333e-05,)] [eta: 0:01:06] loss: 5.7471e-01 Norm_mean: 5.5000e-01 
2024-12-13 14:01:58,714 INFO: [vase..][Iter:   1,160, lr:(2.267e-04,2.267e-06,2.267e-05,)] [eta: 0:01:04] loss: 8.4439e-02 Norm_mean: 5.5000e-01 
2024-12-13 14:02:00,591 INFO: [vase..][Iter:   1,170, lr:(2.200e-04,2.200e-06,2.200e-05,)] [eta: 0:01:02] loss: 6.5381e-02 Norm_mean: 5.5000e-01 
2024-12-13 14:02:02,474 INFO: [vase..][Iter:   1,180, lr:(2.133e-04,2.133e-06,2.133e-05,)] [eta: 0:01:00] loss: 2.8768e-01 Norm_mean: 5.5000e-01 
2024-12-13 14:02:04,413 INFO: [vase..][Iter:   1,190, lr:(2.067e-04,2.067e-06,2.067e-05,)] [eta: 0:00:58] loss: 4.0766e-01 Norm_mean: 5.5000e-01 
2024-12-13 14:02:06,400 INFO: [vase..][Iter:   1,200, lr:(2.000e-04,2.000e-06,2.000e-05,)] [eta: 0:00:56] loss: 1.1995e-01 Norm_mean: 5.5000e-01 
2024-12-13 14:02:08,369 INFO: [vase..][Iter:   1,210, lr:(1.933e-04,1.933e-06,1.933e-05,)] [eta: 0:00:54] loss: 1.0037e+00 Norm_mean: 5.5000e-01 
2024-12-13 14:02:10,335 INFO: [vase..][Iter:   1,220, lr:(1.867e-04,1.867e-06,1.867e-05,)] [eta: 0:00:52] loss: 1.1075e-01 Norm_mean: 5.5000e-01 
2024-12-13 14:02:12,276 INFO: [vase..][Iter:   1,230, lr:(1.800e-04,1.800e-06,1.800e-05,)] [eta: 0:00:50] loss: 1.7999e+00 Norm_mean: 5.5000e-01 
2024-12-13 14:02:14,243 INFO: [vase..][Iter:   1,240, lr:(1.733e-04,1.733e-06,1.733e-05,)] [eta: 0:00:49] loss: 4.4339e-02 Norm_mean: 5.5000e-01 
2024-12-13 14:02:16,267 INFO: [vase..][Iter:   1,250, lr:(1.667e-04,1.667e-06,1.667e-05,)] [eta: 0:00:47] loss: 8.6563e-01 Norm_mean: 5.5000e-01 
2024-12-13 14:02:18,244 INFO: [vase..][Iter:   1,260, lr:(1.600e-04,1.600e-06,1.600e-05,)] [eta: 0:00:45] loss: 1.3961e-01 Norm_mean: 5.5000e-01 
2024-12-13 14:02:20,196 INFO: [vase..][Iter:   1,270, lr:(1.533e-04,1.533e-06,1.533e-05,)] [eta: 0:00:43] loss: 5.9923e-01 Norm_mean: 5.5000e-01 
2024-12-13 14:02:22,078 INFO: [vase..][Iter:   1,280, lr:(1.467e-04,1.467e-06,1.467e-05,)] [eta: 0:00:41] loss: 1.2961e-02 Norm_mean: 5.5000e-01 
2024-12-13 14:02:23,961 INFO: [vase..][Iter:   1,290, lr:(1.400e-04,1.400e-06,1.400e-05,)] [eta: 0:00:39] loss: 2.8612e-01 Norm_mean: 5.5000e-01 
2024-12-13 14:02:25,852 INFO: [vase..][Iter:   1,300, lr:(1.333e-04,1.333e-06,1.333e-05,)] [eta: 0:00:37] loss: 9.9478e-01 Norm_mean: 5.5000e-01 
2024-12-13 14:02:27,796 INFO: [vase..][Iter:   1,310, lr:(1.267e-04,1.267e-06,1.267e-05,)] [eta: 0:00:35] loss: 6.0408e-01 Norm_mean: 5.5000e-01 
2024-12-13 14:02:29,739 INFO: [vase..][Iter:   1,320, lr:(1.200e-04,1.200e-06,1.200e-05,)] [eta: 0:00:33] loss: 1.5769e-01 Norm_mean: 5.5000e-01 
2024-12-13 14:02:31,643 INFO: [vase..][Iter:   1,330, lr:(1.133e-04,1.133e-06,1.133e-05,)] [eta: 0:00:32] loss: 9.0450e-02 Norm_mean: 5.5000e-01 
2024-12-13 14:02:33,534 INFO: [vase..][Iter:   1,340, lr:(1.067e-04,1.067e-06,1.067e-05,)] [eta: 0:00:30] loss: 1.0229e-01 Norm_mean: 5.5000e-01 
2024-12-13 14:02:35,414 INFO: [vase..][Iter:   1,350, lr:(1.000e-04,1.000e-06,1.000e-05,)] [eta: 0:00:28] loss: 3.6868e-02 Norm_mean: 5.5000e-01 
2024-12-13 14:02:37,317 INFO: [vase..][Iter:   1,360, lr:(9.333e-05,9.333e-07,9.333e-06,)] [eta: 0:00:26] loss: 4.5075e-01 Norm_mean: 5.5000e-01 
2024-12-13 14:02:39,208 INFO: [vase..][Iter:   1,370, lr:(8.667e-05,8.667e-07,8.667e-06,)] [eta: 0:00:24] loss: 5.2877e-01 Norm_mean: 5.5000e-01 
2024-12-13 14:02:41,097 INFO: [vase..][Iter:   1,380, lr:(8.000e-05,8.000e-07,8.000e-06,)] [eta: 0:00:22] loss: 6.7373e-01 Norm_mean: 5.5000e-01 
2024-12-13 14:02:42,993 INFO: [vase..][Iter:   1,390, lr:(7.333e-05,7.333e-07,7.333e-06,)] [eta: 0:00:20] loss: 7.6169e-01 Norm_mean: 5.5000e-01 
2024-12-13 14:02:44,888 INFO: [vase..][Iter:   1,400, lr:(6.667e-05,6.667e-07,6.667e-06,)] [eta: 0:00:18] loss: 2.4618e-01 Norm_mean: 5.5000e-01 
2024-12-13 14:02:46,784 INFO: [vase..][Iter:   1,410, lr:(6.000e-05,6.000e-07,6.000e-06,)] [eta: 0:00:16] loss: 2.3557e-02 Norm_mean: 5.5000e-01 
2024-12-13 14:02:48,673 INFO: [vase..][Iter:   1,420, lr:(5.333e-05,5.333e-07,5.333e-06,)] [eta: 0:00:14] loss: 1.1822e-02 Norm_mean: 5.5000e-01 
2024-12-13 14:02:50,558 INFO: [vase..][Iter:   1,430, lr:(4.667e-05,4.667e-07,4.667e-06,)] [eta: 0:00:13] loss: 9.6242e-02 Norm_mean: 5.5000e-01 
2024-12-13 14:02:52,444 INFO: [vase..][Iter:   1,440, lr:(4.000e-05,4.000e-07,4.000e-06,)] [eta: 0:00:11] loss: 4.4516e-02 Norm_mean: 5.5000e-01 
2024-12-13 14:02:54,332 INFO: [vase..][Iter:   1,450, lr:(3.333e-05,3.333e-07,3.333e-06,)] [eta: 0:00:09] loss: 6.1793e-01 Norm_mean: 5.5000e-01 
2024-12-13 14:02:56,216 INFO: [vase..][Iter:   1,460, lr:(2.667e-05,2.667e-07,2.667e-06,)] [eta: 0:00:07] loss: 4.7072e-01 Norm_mean: 5.5000e-01 
2024-12-13 14:02:58,106 INFO: [vase..][Iter:   1,470, lr:(2.000e-05,2.000e-07,2.000e-06,)] [eta: 0:00:05] loss: 8.4198e-02 Norm_mean: 5.5000e-01 
2024-12-13 14:03:00,031 INFO: [vase..][Iter:   1,480, lr:(1.333e-05,1.333e-07,1.333e-06,)] [eta: 0:00:03] loss: 6.0252e-01 Norm_mean: 5.5000e-01 
2024-12-13 14:03:01,950 INFO: [vase..][Iter:   1,490, lr:(6.667e-06,6.667e-08,6.667e-07,)] [eta: 0:00:01] loss: 3.6744e-01 Norm_mean: 5.5000e-01 
2024-12-13 14:03:03,820 INFO: [vase..][Iter:   1,500, lr:(0.000e+00,0.000e+00,0.000e+00,)] [eta: 0:00:00] loss: 9.9540e-01 Norm_mean: 5.5000e-01 
2024-12-13 14:03:03,828 INFO: Save state to /home/iampoo/dlcv2024/final/Concept-Conductor/experiments/vase/models/edlora_model-latest.pth
2024-12-13 14:03:03,828 INFO: Start validation /home/iampoo/dlcv2024/final/Concept-Conductor/experiments/vase/models/edlora_model-latest.pth:
