2024-12-13 12:10:39,890 INFO: Distributed environment: NO
Num processes: 1
Process index: 0
Local process index: 0
Device: cuda

Mixed precision type: fp16

2024-12-13 12:10:39,891 INFO: 
  name: dog
  manual_seed: 0
  mixed_precision: fp16
  gradient_accumulation_steps: 1
  datasets:[
    train:[
      name: LoraDataset
      concept_list: Data/jsons/dog.json
      use_caption: True
      use_mask: True
      instance_transform: [{'type': 'HumanResizeCropFinalV3', 'size': 512, 'crop_p': 0.5}, {'type': 'ToTensor'}, {'type': 'Normalize', 'mean': [0.5], 'std': [0.5]}, {'type': 'ShuffleCaption', 'keep_token_num': 1}, {'type': 'EnhanceText', 'enhance_type': 'object'}]
      replace_mapping:[
        <TOK>: <dog_1> <dog_2>
      ]
      batch_size_per_gpu: 2
      dataset_enlarge_ratio: 500
    ]
    val_vis:[
      name: PromptDataset
      prompts: Data/val.txt
      num_samples_per_prompt: 1
      latent_size: [4, 64, 64]
      replace_mapping:[
        <TOK>: <dog_1> <dog_2>
      ]
      batch_size_per_gpu: 4
    ]
  ]
  models:[
    pretrained_path: experiments/pretrained_models/chilloutmix
    enable_edlora: True
    finetune_cfg:[
      text_embedding:[
        enable_tuning: True
        lr: 0.001
      ]
      text_encoder:[
        enable_tuning: True
        lora_cfg:[
          rank: 4
          alpha: 1
          where: CLIPAttention
        ]
        lr: 1e-05
      ]
      unet:[
        enable_tuning: True
        lora_cfg:[
          rank: 4
          alpha: 1
          where: Attention
        ]
        lr: 0.0001
      ]
    ]
    new_concept_token: <dog_1>+<dog_2>
    noise_offset: 0.01
    initializer_token: <rand-0.013>+dog
    attn_reg_weight: 0.01
    reg_full_identity: False
    use_mask_loss: True
    gradient_checkpoint: False
    enable_xformers: True
  ]
  path:[
    pretrain_network: None
    experiments_root: /home/iampoo/dlcv2024/final/Concept-Conductor/experiments/dog
    models: /home/iampoo/dlcv2024/final/Concept-Conductor/experiments/dog/models
    log: /home/iampoo/dlcv2024/final/Concept-Conductor/experiments/dog
    visualization: /home/iampoo/dlcv2024/final/Concept-Conductor/experiments/dog/visualization
  ]
  train:[
    optim_g:[
      type: AdamW
      lr: 0.0
      weight_decay: 0.01
      betas: [0.9, 0.999]
    ]
    unet_kv_drop_rate: 0
    scheduler: linear
    emb_norm_threshold: 0.55
  ]
  val:[
    val_during_save: True
    compose_visualize: True
    alpha_list: [0, 0.7, 1.0]
    sample:[
      num_inference_steps: 50
      guidance_scale: 7.5
    ]
  ]
  logger:[
    print_freq: 10
    save_checkpoint_freq: 10000.0
  ]
  is_train: True

2024-12-13 12:10:41,463 INFO: <dog_1> (49408-49423) is random initialized by: <rand-0.013>
2024-12-13 12:10:41,779 INFO: <dog_2> (49424-49439) is random initialized by existing token (dog): 1929
2024-12-13 12:10:41,782 INFO: optimizing embedding using lr: 0.001
2024-12-13 12:10:41,782 INFO: optimizing text_encoder (0 LoRAs), using lr: 1e-05
2024-12-13 12:10:41,793 INFO: optimizing unet (128 LoRAs), using lr: 0.0001
2024-12-13 12:10:42,284 INFO: ***** Running training *****
2024-12-13 12:10:42,284 INFO:   Num examples = 2500
2024-12-13 12:10:42,284 INFO:   Instantaneous batch size per device = 2
2024-12-13 12:10:42,284 INFO:   Total train batch size (w. parallel, distributed & accumulation) = 2
2024-12-13 12:10:42,284 INFO:   Total optimization steps = 1250.0
2024-12-13 12:10:44,425 INFO: [dog..][Iter:      10, lr:(9.920e-04,9.920e-06,9.920e-05,)] [eta: 0:04:01] loss: 3.8183e-02 Norm_mean: 3.8260e-01 
2024-12-13 12:10:46,269 INFO: [dog..][Iter:      20, lr:(9.840e-04,9.840e-06,9.840e-05,)] [eta: 0:03:53] loss: 1.9616e-01 Norm_mean: 3.9694e-01 
2024-12-13 12:10:48,114 INFO: [dog..][Iter:      30, lr:(9.760e-04,9.760e-06,9.760e-05,)] [eta: 0:03:49] loss: 2.4275e-01 Norm_mean: 4.0887e-01 
2024-12-13 12:10:49,956 INFO: [dog..][Iter:      40, lr:(9.680e-04,9.680e-06,9.680e-05,)] [eta: 0:03:46] loss: 7.0544e-01 Norm_mean: 4.2091e-01 
2024-12-13 12:10:51,804 INFO: [dog..][Iter:      50, lr:(9.600e-04,9.600e-06,9.600e-05,)] [eta: 0:03:43] loss: 5.6477e-02 Norm_mean: 4.3154e-01 
2024-12-13 12:10:53,648 INFO: [dog..][Iter:      60, lr:(9.520e-04,9.520e-06,9.520e-05,)] [eta: 0:03:41] loss: 7.3752e-01 Norm_mean: 4.4017e-01 
2024-12-13 12:10:55,491 INFO: [dog..][Iter:      70, lr:(9.440e-04,9.440e-06,9.440e-05,)] [eta: 0:03:39] loss: 6.0949e-01 Norm_mean: 4.4810e-01 
2024-12-13 12:10:57,336 INFO: [dog..][Iter:      80, lr:(9.360e-04,9.360e-06,9.360e-05,)] [eta: 0:03:37] loss: 1.8722e-01 Norm_mean: 4.5744e-01 
2024-12-13 12:10:59,181 INFO: [dog..][Iter:      90, lr:(9.280e-04,9.280e-06,9.280e-05,)] [eta: 0:03:35] loss: 1.8428e-02 Norm_mean: 4.6596e-01 
2024-12-13 12:11:01,028 INFO: [dog..][Iter:     100, lr:(9.200e-04,9.200e-06,9.200e-05,)] [eta: 0:03:33] loss: 2.3229e-01 Norm_mean: 4.7244e-01 
2024-12-13 12:11:02,882 INFO: [dog..][Iter:     110, lr:(9.120e-04,9.120e-06,9.120e-05,)] [eta: 0:03:31] loss: 4.2410e-01 Norm_mean: 4.7852e-01 
2024-12-13 12:11:04,729 INFO: [dog..][Iter:     120, lr:(9.040e-04,9.040e-06,9.040e-05,)] [eta: 0:03:29] loss: 7.7042e-01 Norm_mean: 4.8422e-01 
2024-12-13 12:11:06,580 INFO: [dog..][Iter:     130, lr:(8.960e-04,8.960e-06,8.960e-05,)] [eta: 0:03:27] loss: 3.0737e-01 Norm_mean: 4.8963e-01 
2024-12-13 12:11:08,431 INFO: [dog..][Iter:     140, lr:(8.880e-04,8.880e-06,8.880e-05,)] [eta: 0:03:25] loss: 1.3605e+00 Norm_mean: 4.9426e-01 
2024-12-13 12:11:10,282 INFO: [dog..][Iter:     150, lr:(8.800e-04,8.800e-06,8.800e-05,)] [eta: 0:03:23] loss: 1.0295e-01 Norm_mean: 4.9846e-01 
2024-12-13 12:11:12,136 INFO: [dog..][Iter:     160, lr:(8.720e-04,8.720e-06,8.720e-05,)] [eta: 0:03:21] loss: 9.3338e-01 Norm_mean: 5.0229e-01 
2024-12-13 12:11:13,988 INFO: [dog..][Iter:     170, lr:(8.640e-04,8.640e-06,8.640e-05,)] [eta: 0:03:20] loss: 6.4703e-02 Norm_mean: 5.0530e-01 
2024-12-13 12:11:15,837 INFO: [dog..][Iter:     180, lr:(8.560e-04,8.560e-06,8.560e-05,)] [eta: 0:03:18] loss: 4.5074e-02 Norm_mean: 5.0867e-01 
2024-12-13 12:11:17,687 INFO: [dog..][Iter:     190, lr:(8.480e-04,8.480e-06,8.480e-05,)] [eta: 0:03:16] loss: 1.0237e-01 Norm_mean: 5.1371e-01 
2024-12-13 12:11:19,537 INFO: [dog..][Iter:     200, lr:(8.400e-04,8.400e-06,8.400e-05,)] [eta: 0:03:14] loss: 6.4318e-01 Norm_mean: 5.1837e-01 
2024-12-13 12:11:21,387 INFO: [dog..][Iter:     210, lr:(8.320e-04,8.320e-06,8.320e-05,)] [eta: 0:03:12] loss: 6.3387e-01 Norm_mean: 5.2234e-01 
2024-12-13 12:11:23,242 INFO: [dog..][Iter:     220, lr:(8.240e-04,8.240e-06,8.240e-05,)] [eta: 0:03:10] loss: 9.7654e-01 Norm_mean: 5.2607e-01 
2024-12-13 12:11:25,089 INFO: [dog..][Iter:     230, lr:(8.160e-04,8.160e-06,8.160e-05,)] [eta: 0:03:08] loss: 2.3802e-01 Norm_mean: 5.2975e-01 
2024-12-13 12:11:26,940 INFO: [dog..][Iter:     240, lr:(8.080e-04,8.080e-06,8.080e-05,)] [eta: 0:03:06] loss: 9.3663e-01 Norm_mean: 5.3330e-01 
2024-12-13 12:11:28,795 INFO: [dog..][Iter:     250, lr:(8.000e-04,8.000e-06,8.000e-05,)] [eta: 0:03:05] loss: 9.7168e-01 Norm_mean: 5.3679e-01 
2024-12-13 12:11:30,643 INFO: [dog..][Iter:     260, lr:(7.920e-04,7.920e-06,7.920e-05,)] [eta: 0:03:03] loss: 3.4231e-01 Norm_mean: 5.4015e-01 
2024-12-13 12:11:32,506 INFO: [dog..][Iter:     270, lr:(7.840e-04,7.840e-06,7.840e-05,)] [eta: 0:03:01] loss: 6.5916e-01 Norm_mean: 5.4361e-01 
2024-12-13 12:11:34,358 INFO: [dog..][Iter:     280, lr:(7.760e-04,7.760e-06,7.760e-05,)] [eta: 0:02:59] loss: 4.6107e-01 Norm_mean: 5.4760e-01 
2024-12-13 12:11:36,216 INFO: [dog..][Iter:     290, lr:(7.680e-04,7.680e-06,7.680e-05,)] [eta: 0:02:57] loss: 4.9302e-01 Norm_mean: 5.5024e-01 
2024-12-13 12:11:38,069 INFO: [dog..][Iter:     300, lr:(7.600e-04,7.600e-06,7.600e-05,)] [eta: 0:02:55] loss: 3.3988e-01 Norm_mean: 5.5024e-01 
2024-12-13 12:11:39,929 INFO: [dog..][Iter:     310, lr:(7.520e-04,7.520e-06,7.520e-05,)] [eta: 0:02:54] loss: 7.1774e-02 Norm_mean: 5.5024e-01 
2024-12-13 12:11:41,780 INFO: [dog..][Iter:     320, lr:(7.440e-04,7.440e-06,7.440e-05,)] [eta: 0:02:52] loss: 3.9455e-01 Norm_mean: 5.5024e-01 
2024-12-13 12:11:43,631 INFO: [dog..][Iter:     330, lr:(7.360e-04,7.360e-06,7.360e-05,)] [eta: 0:02:50] loss: 1.7437e-01 Norm_mean: 5.5024e-01 
2024-12-13 12:11:45,480 INFO: [dog..][Iter:     340, lr:(7.280e-04,7.280e-06,7.280e-05,)] [eta: 0:02:48] loss: 8.9014e-01 Norm_mean: 5.5024e-01 
2024-12-13 12:11:47,331 INFO: [dog..][Iter:     350, lr:(7.200e-04,7.200e-06,7.200e-05,)] [eta: 0:02:46] loss: 4.0659e-01 Norm_mean: 5.5024e-01 
2024-12-13 12:11:49,186 INFO: [dog..][Iter:     360, lr:(7.120e-04,7.120e-06,7.120e-05,)] [eta: 0:02:44] loss: 5.6758e-01 Norm_mean: 5.5024e-01 
2024-12-13 12:11:51,035 INFO: [dog..][Iter:     370, lr:(7.040e-04,7.040e-06,7.040e-05,)] [eta: 0:02:42] loss: 4.4809e-02 Norm_mean: 5.5024e-01 
2024-12-13 12:11:52,886 INFO: [dog..][Iter:     380, lr:(6.960e-04,6.960e-06,6.960e-05,)] [eta: 0:02:41] loss: 1.9702e-02 Norm_mean: 5.5024e-01 
2024-12-13 12:11:54,741 INFO: [dog..][Iter:     390, lr:(6.880e-04,6.880e-06,6.880e-05,)] [eta: 0:02:39] loss: 8.4284e-01 Norm_mean: 5.5024e-01 
2024-12-13 12:11:56,589 INFO: [dog..][Iter:     400, lr:(6.800e-04,6.800e-06,6.800e-05,)] [eta: 0:02:37] loss: 1.2272e-01 Norm_mean: 5.5024e-01 
2024-12-13 12:11:58,495 INFO: [dog..][Iter:     410, lr:(6.720e-04,6.720e-06,6.720e-05,)] [eta: 0:02:35] loss: 6.2725e-01 Norm_mean: 5.5024e-01 
2024-12-13 12:12:00,350 INFO: [dog..][Iter:     420, lr:(6.640e-04,6.640e-06,6.640e-05,)] [eta: 0:02:33] loss: 3.8034e-01 Norm_mean: 5.5024e-01 
2024-12-13 12:12:02,206 INFO: [dog..][Iter:     430, lr:(6.560e-04,6.560e-06,6.560e-05,)] [eta: 0:02:31] loss: 4.1307e-01 Norm_mean: 5.5024e-01 
2024-12-13 12:12:04,062 INFO: [dog..][Iter:     440, lr:(6.480e-04,6.480e-06,6.480e-05,)] [eta: 0:02:30] loss: 1.3763e-01 Norm_mean: 5.5024e-01 
2024-12-13 12:12:05,919 INFO: [dog..][Iter:     450, lr:(6.400e-04,6.400e-06,6.400e-05,)] [eta: 0:02:28] loss: 2.9726e-01 Norm_mean: 5.5024e-01 
2024-12-13 12:12:07,775 INFO: [dog..][Iter:     460, lr:(6.320e-04,6.320e-06,6.320e-05,)] [eta: 0:02:26] loss: 1.7947e-01 Norm_mean: 5.5024e-01 
2024-12-13 12:12:09,630 INFO: [dog..][Iter:     470, lr:(6.240e-04,6.240e-06,6.240e-05,)] [eta: 0:02:24] loss: 2.8176e-01 Norm_mean: 5.5024e-01 
2024-12-13 12:12:11,484 INFO: [dog..][Iter:     480, lr:(6.160e-04,6.160e-06,6.160e-05,)] [eta: 0:02:22] loss: 3.8701e-01 Norm_mean: 5.5024e-01 
2024-12-13 12:12:13,341 INFO: [dog..][Iter:     490, lr:(6.080e-04,6.080e-06,6.080e-05,)] [eta: 0:02:20] loss: 2.8706e-01 Norm_mean: 5.5024e-01 
2024-12-13 12:12:15,198 INFO: [dog..][Iter:     500, lr:(6.000e-04,6.000e-06,6.000e-05,)] [eta: 0:02:18] loss: 5.8119e-01 Norm_mean: 5.5024e-01 
2024-12-13 12:12:17,050 INFO: [dog..][Iter:     510, lr:(5.920e-04,5.920e-06,5.920e-05,)] [eta: 0:02:17] loss: 7.9363e-01 Norm_mean: 5.5024e-01 
2024-12-13 12:12:18,905 INFO: [dog..][Iter:     520, lr:(5.840e-04,5.840e-06,5.840e-05,)] [eta: 0:02:15] loss: 1.4897e+00 Norm_mean: 5.5024e-01 
2024-12-13 12:12:20,758 INFO: [dog..][Iter:     530, lr:(5.760e-04,5.760e-06,5.760e-05,)] [eta: 0:02:13] loss: 2.6660e-01 Norm_mean: 5.5024e-01 
2024-12-13 12:12:22,612 INFO: [dog..][Iter:     540, lr:(5.680e-04,5.680e-06,5.680e-05,)] [eta: 0:02:11] loss: 6.6592e-01 Norm_mean: 5.5024e-01 
2024-12-13 12:12:24,468 INFO: [dog..][Iter:     550, lr:(5.600e-04,5.600e-06,5.600e-05,)] [eta: 0:02:09] loss: 7.1756e-01 Norm_mean: 5.5024e-01 
2024-12-13 12:12:26,320 INFO: [dog..][Iter:     560, lr:(5.520e-04,5.520e-06,5.520e-05,)] [eta: 0:02:07] loss: 5.8327e-01 Norm_mean: 5.5024e-01 
2024-12-13 12:12:28,180 INFO: [dog..][Iter:     570, lr:(5.440e-04,5.440e-06,5.440e-05,)] [eta: 0:02:05] loss: 1.4503e-01 Norm_mean: 5.5024e-01 
2024-12-13 12:12:30,037 INFO: [dog..][Iter:     580, lr:(5.360e-04,5.360e-06,5.360e-05,)] [eta: 0:02:04] loss: 3.0725e-01 Norm_mean: 5.5024e-01 
2024-12-13 12:12:31,887 INFO: [dog..][Iter:     590, lr:(5.280e-04,5.280e-06,5.280e-05,)] [eta: 0:02:02] loss: 4.1768e-01 Norm_mean: 5.5024e-01 
2024-12-13 12:12:33,743 INFO: [dog..][Iter:     600, lr:(5.200e-04,5.200e-06,5.200e-05,)] [eta: 0:02:00] loss: 6.1686e-01 Norm_mean: 5.5024e-01 
2024-12-13 12:12:35,596 INFO: [dog..][Iter:     610, lr:(5.120e-04,5.120e-06,5.120e-05,)] [eta: 0:01:58] loss: 1.8974e-02 Norm_mean: 5.5024e-01 
2024-12-13 12:12:37,452 INFO: [dog..][Iter:     620, lr:(5.040e-04,5.040e-06,5.040e-05,)] [eta: 0:01:56] loss: 6.8596e-01 Norm_mean: 5.5024e-01 
2024-12-13 12:12:39,306 INFO: [dog..][Iter:     630, lr:(4.960e-04,4.960e-06,4.960e-05,)] [eta: 0:01:54] loss: 6.6853e-01 Norm_mean: 5.5024e-01 
2024-12-13 12:12:41,157 INFO: [dog..][Iter:     640, lr:(4.880e-04,4.880e-06,4.880e-05,)] [eta: 0:01:52] loss: 4.0472e-01 Norm_mean: 5.5024e-01 
2024-12-13 12:12:43,012 INFO: [dog..][Iter:     650, lr:(4.800e-04,4.800e-06,4.800e-05,)] [eta: 0:01:51] loss: 1.1073e+00 Norm_mean: 5.5024e-01 
2024-12-13 12:12:44,866 INFO: [dog..][Iter:     660, lr:(4.720e-04,4.720e-06,4.720e-05,)] [eta: 0:01:49] loss: 2.0483e-01 Norm_mean: 5.5024e-01 
2024-12-13 12:12:46,717 INFO: [dog..][Iter:     670, lr:(4.640e-04,4.640e-06,4.640e-05,)] [eta: 0:01:47] loss: 3.3694e-02 Norm_mean: 5.5024e-01 
2024-12-13 12:12:48,574 INFO: [dog..][Iter:     680, lr:(4.560e-04,4.560e-06,4.560e-05,)] [eta: 0:01:45] loss: 9.8916e-01 Norm_mean: 5.5024e-01 
2024-12-13 12:12:50,429 INFO: [dog..][Iter:     690, lr:(4.480e-04,4.480e-06,4.480e-05,)] [eta: 0:01:43] loss: 2.8456e-01 Norm_mean: 5.5024e-01 
2024-12-13 12:12:52,282 INFO: [dog..][Iter:     700, lr:(4.400e-04,4.400e-06,4.400e-05,)] [eta: 0:01:41] loss: 1.5843e-01 Norm_mean: 5.5024e-01 
2024-12-13 12:12:54,137 INFO: [dog..][Iter:     710, lr:(4.320e-04,4.320e-06,4.320e-05,)] [eta: 0:01:39] loss: 7.8114e-01 Norm_mean: 5.5024e-01 
2024-12-13 12:12:55,989 INFO: [dog..][Iter:     720, lr:(4.240e-04,4.240e-06,4.240e-05,)] [eta: 0:01:38] loss: 3.4039e-01 Norm_mean: 5.5024e-01 
2024-12-13 12:12:57,846 INFO: [dog..][Iter:     730, lr:(4.160e-04,4.160e-06,4.160e-05,)] [eta: 0:01:36] loss: 3.6936e-01 Norm_mean: 5.5024e-01 
2024-12-13 12:12:59,705 INFO: [dog..][Iter:     740, lr:(4.080e-04,4.080e-06,4.080e-05,)] [eta: 0:01:34] loss: 2.0256e-01 Norm_mean: 5.5024e-01 
2024-12-13 12:13:01,555 INFO: [dog..][Iter:     750, lr:(4.000e-04,4.000e-06,4.000e-05,)] [eta: 0:01:32] loss: 7.8245e-02 Norm_mean: 5.5024e-01 
2024-12-13 12:13:03,415 INFO: [dog..][Iter:     760, lr:(3.920e-04,3.920e-06,3.920e-05,)] [eta: 0:01:30] loss: 1.2292e+00 Norm_mean: 5.5024e-01 
2024-12-13 12:13:05,276 INFO: [dog..][Iter:     770, lr:(3.840e-04,3.840e-06,3.840e-05,)] [eta: 0:01:28] loss: 6.0045e-02 Norm_mean: 5.5024e-01 
2024-12-13 12:13:07,131 INFO: [dog..][Iter:     780, lr:(3.760e-04,3.760e-06,3.760e-05,)] [eta: 0:01:26] loss: 5.6173e-02 Norm_mean: 5.5024e-01 
2024-12-13 12:13:08,984 INFO: [dog..][Iter:     790, lr:(3.680e-04,3.680e-06,3.680e-05,)] [eta: 0:01:25] loss: 7.6645e-02 Norm_mean: 5.5024e-01 
2024-12-13 12:13:10,839 INFO: [dog..][Iter:     800, lr:(3.600e-04,3.600e-06,3.600e-05,)] [eta: 0:01:23] loss: 2.2294e-01 Norm_mean: 5.5024e-01 
2024-12-13 12:13:12,691 INFO: [dog..][Iter:     810, lr:(3.520e-04,3.520e-06,3.520e-05,)] [eta: 0:01:21] loss: 4.5248e-01 Norm_mean: 5.5024e-01 
2024-12-13 12:13:14,547 INFO: [dog..][Iter:     820, lr:(3.440e-04,3.440e-06,3.440e-05,)] [eta: 0:01:19] loss: 7.3700e-02 Norm_mean: 5.5024e-01 
2024-12-13 12:13:16,405 INFO: [dog..][Iter:     830, lr:(3.360e-04,3.360e-06,3.360e-05,)] [eta: 0:01:17] loss: 1.1972e+00 Norm_mean: 5.5024e-01 
2024-12-13 12:13:18,262 INFO: [dog..][Iter:     840, lr:(3.280e-04,3.280e-06,3.280e-05,)] [eta: 0:01:15] loss: 9.4082e-02 Norm_mean: 5.5024e-01 
2024-12-13 12:13:20,116 INFO: [dog..][Iter:     850, lr:(3.200e-04,3.200e-06,3.200e-05,)] [eta: 0:01:14] loss: 1.4545e+00 Norm_mean: 5.5024e-01 
2024-12-13 12:13:21,969 INFO: [dog..][Iter:     860, lr:(3.120e-04,3.120e-06,3.120e-05,)] [eta: 0:01:12] loss: 1.0286e-01 Norm_mean: 5.5024e-01 
2024-12-13 12:13:23,826 INFO: [dog..][Iter:     870, lr:(3.040e-04,3.040e-06,3.040e-05,)] [eta: 0:01:10] loss: 8.6019e-01 Norm_mean: 5.5024e-01 
2024-12-13 12:13:25,681 INFO: [dog..][Iter:     880, lr:(2.960e-04,2.960e-06,2.960e-05,)] [eta: 0:01:08] loss: 2.3850e-01 Norm_mean: 5.5024e-01 
2024-12-13 12:13:27,534 INFO: [dog..][Iter:     890, lr:(2.880e-04,2.880e-06,2.880e-05,)] [eta: 0:01:06] loss: 8.8579e-01 Norm_mean: 5.5024e-01 
2024-12-13 12:13:29,392 INFO: [dog..][Iter:     900, lr:(2.800e-04,2.800e-06,2.800e-05,)] [eta: 0:01:04] loss: 1.3057e+00 Norm_mean: 5.5024e-01 
2024-12-13 12:13:31,249 INFO: [dog..][Iter:     910, lr:(2.720e-04,2.720e-06,2.720e-05,)] [eta: 0:01:02] loss: 7.7085e-01 Norm_mean: 5.5024e-01 
2024-12-13 12:13:33,105 INFO: [dog..][Iter:     920, lr:(2.640e-04,2.640e-06,2.640e-05,)] [eta: 0:01:01] loss: 1.4949e-01 Norm_mean: 5.5024e-01 
2024-12-13 12:13:34,955 INFO: [dog..][Iter:     930, lr:(2.560e-04,2.560e-06,2.560e-05,)] [eta: 0:00:59] loss: 6.2514e-01 Norm_mean: 5.5024e-01 
2024-12-13 12:13:36,919 INFO: [dog..][Iter:     940, lr:(2.480e-04,2.480e-06,2.480e-05,)] [eta: 0:00:57] loss: 1.1890e+00 Norm_mean: 5.5024e-01 
2024-12-13 12:13:38,868 INFO: [dog..][Iter:     950, lr:(2.400e-04,2.400e-06,2.400e-05,)] [eta: 0:00:55] loss: 3.8912e-01 Norm_mean: 5.5024e-01 
2024-12-13 12:13:40,742 INFO: [dog..][Iter:     960, lr:(2.320e-04,2.320e-06,2.320e-05,)] [eta: 0:00:53] loss: 2.1377e-02 Norm_mean: 5.5024e-01 
2024-12-13 12:13:42,646 INFO: [dog..][Iter:     970, lr:(2.240e-04,2.240e-06,2.240e-05,)] [eta: 0:00:51] loss: 6.5333e-01 Norm_mean: 5.5024e-01 
2024-12-13 12:13:44,501 INFO: [dog..][Iter:     980, lr:(2.160e-04,2.160e-06,2.160e-05,)] [eta: 0:00:49] loss: 1.2146e+00 Norm_mean: 5.5024e-01 
2024-12-13 12:13:46,370 INFO: [dog..][Iter:     990, lr:(2.080e-04,2.080e-06,2.080e-05,)] [eta: 0:00:48] loss: 1.4547e-01 Norm_mean: 5.5024e-01 
2024-12-13 12:13:48,223 INFO: [dog..][Iter:   1,000, lr:(2.000e-04,2.000e-06,2.000e-05,)] [eta: 0:00:46] loss: 2.9729e-01 Norm_mean: 5.5024e-01 
2024-12-13 12:13:50,076 INFO: [dog..][Iter:   1,010, lr:(1.920e-04,1.920e-06,1.920e-05,)] [eta: 0:00:44] loss: 5.6836e-02 Norm_mean: 5.5024e-01 
2024-12-13 12:13:51,932 INFO: [dog..][Iter:   1,020, lr:(1.840e-04,1.840e-06,1.840e-05,)] [eta: 0:00:42] loss: 9.8253e-01 Norm_mean: 5.5024e-01 
2024-12-13 12:13:53,789 INFO: [dog..][Iter:   1,030, lr:(1.760e-04,1.760e-06,1.760e-05,)] [eta: 0:00:40] loss: 4.7258e-02 Norm_mean: 5.5024e-01 
2024-12-13 12:13:55,637 INFO: [dog..][Iter:   1,040, lr:(1.680e-04,1.680e-06,1.680e-05,)] [eta: 0:00:38] loss: 1.4416e+00 Norm_mean: 5.5024e-01 
2024-12-13 12:13:57,492 INFO: [dog..][Iter:   1,050, lr:(1.600e-04,1.600e-06,1.600e-05,)] [eta: 0:00:36] loss: 2.3898e-01 Norm_mean: 5.5024e-01 
2024-12-13 12:13:59,349 INFO: [dog..][Iter:   1,060, lr:(1.520e-04,1.520e-06,1.520e-05,)] [eta: 0:00:35] loss: 6.1110e-01 Norm_mean: 5.5024e-01 
2024-12-13 12:14:01,207 INFO: [dog..][Iter:   1,070, lr:(1.440e-04,1.440e-06,1.440e-05,)] [eta: 0:00:33] loss: 7.7553e-01 Norm_mean: 5.5024e-01 
2024-12-13 12:14:03,061 INFO: [dog..][Iter:   1,080, lr:(1.360e-04,1.360e-06,1.360e-05,)] [eta: 0:00:31] loss: 2.0877e+00 Norm_mean: 5.5024e-01 
2024-12-13 12:14:04,914 INFO: [dog..][Iter:   1,090, lr:(1.280e-04,1.280e-06,1.280e-05,)] [eta: 0:00:29] loss: 2.1944e-02 Norm_mean: 5.5024e-01 
2024-12-13 12:14:06,771 INFO: [dog..][Iter:   1,100, lr:(1.200e-04,1.200e-06,1.200e-05,)] [eta: 0:00:27] loss: 6.4545e-02 Norm_mean: 5.5024e-01 
2024-12-13 12:14:08,626 INFO: [dog..][Iter:   1,110, lr:(1.120e-04,1.120e-06,1.120e-05,)] [eta: 0:00:25] loss: 1.0327e-01 Norm_mean: 5.5024e-01 
2024-12-13 12:14:10,480 INFO: [dog..][Iter:   1,120, lr:(1.040e-04,1.040e-06,1.040e-05,)] [eta: 0:00:23] loss: 4.7687e-01 Norm_mean: 5.5024e-01 
2024-12-13 12:14:12,333 INFO: [dog..][Iter:   1,130, lr:(9.600e-05,9.600e-07,9.600e-06,)] [eta: 0:00:22] loss: 4.5055e-01 Norm_mean: 5.5024e-01 
2024-12-13 12:14:14,190 INFO: [dog..][Iter:   1,140, lr:(8.800e-05,8.800e-07,8.800e-06,)] [eta: 0:00:20] loss: 7.0132e-02 Norm_mean: 5.5024e-01 
2024-12-13 12:14:16,039 INFO: [dog..][Iter:   1,150, lr:(8.000e-05,8.000e-07,8.000e-06,)] [eta: 0:00:18] loss: 8.3331e-01 Norm_mean: 5.5024e-01 
2024-12-13 12:14:17,895 INFO: [dog..][Iter:   1,160, lr:(7.200e-05,7.200e-07,7.200e-06,)] [eta: 0:00:16] loss: 1.9444e-01 Norm_mean: 5.5024e-01 
2024-12-13 12:14:19,751 INFO: [dog..][Iter:   1,170, lr:(6.400e-05,6.400e-07,6.400e-06,)] [eta: 0:00:14] loss: 1.9212e-01 Norm_mean: 5.5024e-01 
2024-12-13 12:14:21,604 INFO: [dog..][Iter:   1,180, lr:(5.600e-05,5.600e-07,5.600e-06,)] [eta: 0:00:12] loss: 3.9010e-01 Norm_mean: 5.5024e-01 
2024-12-13 12:14:23,462 INFO: [dog..][Iter:   1,190, lr:(4.800e-05,4.800e-07,4.800e-06,)] [eta: 0:00:10] loss: 6.4790e-01 Norm_mean: 5.5024e-01 
2024-12-13 12:14:25,318 INFO: [dog..][Iter:   1,200, lr:(4.000e-05,4.000e-07,4.000e-06,)] [eta: 0:00:09] loss: 3.0207e-01 Norm_mean: 5.5024e-01 
2024-12-13 12:14:27,173 INFO: [dog..][Iter:   1,210, lr:(3.200e-05,3.200e-07,3.200e-06,)] [eta: 0:00:07] loss: 1.2654e+00 Norm_mean: 5.5024e-01 
2024-12-13 12:14:29,029 INFO: [dog..][Iter:   1,220, lr:(2.400e-05,2.400e-07,2.400e-06,)] [eta: 0:00:05] loss: 2.6428e-01 Norm_mean: 5.5024e-01 
2024-12-13 12:14:30,880 INFO: [dog..][Iter:   1,230, lr:(1.600e-05,1.600e-07,1.600e-06,)] [eta: 0:00:03] loss: 2.5537e+00 Norm_mean: 5.5024e-01 
2024-12-13 12:14:32,735 INFO: [dog..][Iter:   1,240, lr:(8.000e-06,8.000e-08,8.000e-07,)] [eta: 0:00:01] loss: 6.5370e-02 Norm_mean: 5.5024e-01 
2024-12-13 12:14:34,581 INFO: [dog..][Iter:   1,250, lr:(0.000e+00,0.000e+00,0.000e+00,)] [eta: 0:00:00] loss: 1.5818e+00 Norm_mean: 5.5024e-01 
2024-12-13 12:14:34,589 INFO: Save state to /home/iampoo/dlcv2024/final/Concept-Conductor/experiments/dog/models/edlora_model-latest.pth
2024-12-13 12:14:34,589 INFO: Start validation /home/iampoo/dlcv2024/final/Concept-Conductor/experiments/dog/models/edlora_model-latest.pth:
