2024-12-12 14:56:36,821 INFO: Distributed environment: NO
Num processes: 1
Process index: 0
Local process index: 0
Device: cuda

Mixed precision type: fp16

2024-12-12 14:56:36,821 INFO: 
  name: flower_1
  manual_seed: 0
  mixed_precision: fp16
  gradient_accumulation_steps: 1
  datasets:[
    train:[
      name: LoraDataset
      concept_list: /content/Data/jsons/flower_1.json
      use_caption: True
      use_mask: True
      instance_transform: [{'type': 'HumanResizeCropFinalV3', 'size': 512, 'crop_p': 0.5}, {'type': 'ToTensor'}, {'type': 'Normalize', 'mean': [0.5], 'std': [0.5]}, {'type': 'ShuffleCaption', 'keep_token_num': 1}, {'type': 'EnhanceText', 'enhance_type': 'object'}]
      replace_mapping:[
        <TOK>: <flower_1_1> <flower_1_2>
      ]
      batch_size_per_gpu: 2
      dataset_enlarge_ratio: 500
    ]
    val_vis:[
      name: PromptDataset
      prompts: /content/dlcv_final/Concept-Conductor/val.txt
      num_samples_per_prompt: 1
      latent_size: [4, 64, 64]
      replace_mapping:[
        <TOK>: <flower_1_1> <flower_1_2>
      ]
      batch_size_per_gpu: 4
    ]
  ]
  models:[
    pretrained_path: /content/dlcv_final/Concept-Conductor/experiments/pretrained_models/stable-diffusion-v1-5/
    enable_edlora: True
    finetune_cfg:[
      text_embedding:[
        enable_tuning: True
        lr: 0.001
      ]
      text_encoder:[
        enable_tuning: True
        lora_cfg:[
          rank: 4
          alpha: 1
          where: CLIPSdpaAttention
        ]
        lr: 1e-05
      ]
      unet:[
        enable_tuning: True
        lora_cfg:[
          rank: 4
          alpha: 1
          where: Attention
        ]
        lr: 0.0001
      ]
    ]
    new_concept_token: <flower_1_1>+<flower_1_2>
    noise_offset: 0.01
    initializer_token: <rand-0.013>+flower
    attn_reg_weight: 0.01
    reg_full_identity: False
    use_mask_loss: True
    gradient_checkpoint: False
    enable_xformers: True
  ]
  path:[
    pretrain_network: None
    experiments_root: /content/dlcv_final/Concept-Conductor/experiments/flower_1
    models: /content/dlcv_final/Concept-Conductor/experiments/flower_1/models
    log: /content/dlcv_final/Concept-Conductor/experiments/flower_1
    visualization: /content/dlcv_final/Concept-Conductor/experiments/flower_1/visualization
  ]
  train:[
    optim_g:[
      type: AdamW
      lr: 0.0
      weight_decay: 0.01
      betas: [0.9, 0.999]
    ]
    unet_kv_drop_rate: 0
    scheduler: linear
    emb_norm_threshold: 0.55
  ]
  val:[
    val_during_save: True
    compose_visualize: True
    alpha_list: [0, 0.7, 1.0]
    sample:[
      num_inference_steps: 50
      guidance_scale: 7.5
    ]
  ]
  logger:[
    print_freq: 10
    save_checkpoint_freq: 10000.0
  ]
  is_train: True

2024-12-12 14:56:38,156 INFO: <flower_1_1> (49408-49423) is random initialized by: <rand-0.013>
2024-12-12 14:56:38,893 INFO: <flower_1_2> (49424-49439) is random initialized by existing token (flower): 4055
2024-12-12 14:56:38,898 INFO: optimizing embedding using lr: 0.001
2024-12-12 14:56:38,911 INFO: optimizing text_encoder (48 LoRAs), using lr: 1e-05
2024-12-12 14:56:38,947 INFO: optimizing unet (128 LoRAs), using lr: 0.0001
2024-12-12 14:56:40,465 INFO: ***** Running training *****
2024-12-12 14:56:40,465 INFO:   Num examples = 4000
2024-12-12 14:56:40,465 INFO:   Instantaneous batch size per device = 2
2024-12-12 14:56:40,465 INFO:   Total train batch size (w. parallel, distributed & accumulation) = 2
2024-12-12 14:56:40,465 INFO:   Total optimization steps = 2000.0
2024-12-12 14:56:53,591 INFO: [flowe..][Iter:      10, lr:(9.950e-04,9.950e-06,9.950e-05,)] [eta: 0:39:33] loss: 4.5465e-02 Norm_mean: 3.9569e-01 
2024-12-12 14:57:06,069 INFO: [flowe..][Iter:      20, lr:(9.900e-04,9.900e-06,9.900e-05,)] [eta: 0:40:12] loss: 2.3511e-01 Norm_mean: 4.0801e-01 
2024-12-12 14:57:18,482 INFO: [flowe..][Iter:      30, lr:(9.850e-04,9.850e-06,9.850e-05,)] [eta: 0:40:14] loss: 3.4415e-01 Norm_mean: 4.1854e-01 
2024-12-12 14:57:30,916 INFO: [flowe..][Iter:      40, lr:(9.800e-04,9.800e-06,9.800e-05,)] [eta: 0:40:10] loss: 6.4208e-01 Norm_mean: 4.2878e-01 
2024-12-12 14:57:43,225 INFO: [flowe..][Iter:      50, lr:(9.750e-04,9.750e-06,9.750e-05,)] [eta: 0:39:58] loss: 7.4432e-02 Norm_mean: 4.3981e-01 
2024-12-12 14:57:54,961 INFO: [flowe..][Iter:      60, lr:(9.700e-04,9.700e-06,9.700e-05,)] [eta: 0:39:27] loss: 7.8044e-01 Norm_mean: 4.4984e-01 
2024-12-12 14:58:06,978 INFO: [flowe..][Iter:      70, lr:(9.650e-04,9.650e-06,9.650e-05,)] [eta: 0:39:10] loss: 5.1415e-01 Norm_mean: 4.5854e-01 
2024-12-12 14:58:18,742 INFO: [flowe..][Iter:      80, lr:(9.600e-04,9.600e-06,9.600e-05,)] [eta: 0:38:48] loss: 2.2072e-01 Norm_mean: 4.6737e-01 
2024-12-12 14:58:30,768 INFO: [flowe..][Iter:      90, lr:(9.550e-04,9.550e-06,9.550e-05,)] [eta: 0:38:33] loss: 2.7649e-02 Norm_mean: 4.7595e-01 
2024-12-12 14:58:43,043 INFO: [flowe..][Iter:     100, lr:(9.500e-04,9.500e-06,9.500e-05,)] [eta: 0:38:24] loss: 2.9695e-01 Norm_mean: 4.8459e-01 
2024-12-12 14:58:55,610 INFO: [flowe..][Iter:     110, lr:(9.450e-04,9.450e-06,9.450e-05,)] [eta: 0:38:19] loss: 4.6722e-01 Norm_mean: 4.9369e-01 
2024-12-12 14:59:07,373 INFO: [flowe..][Iter:     120, lr:(9.400e-04,9.400e-06,9.400e-05,)] [eta: 0:38:01] loss: 6.6989e-01 Norm_mean: 5.0172e-01 
2024-12-12 14:59:19,372 INFO: [flowe..][Iter:     130, lr:(9.350e-04,9.350e-06,9.350e-05,)] [eta: 0:37:47] loss: 3.6584e-01 Norm_mean: 5.0879e-01 
2024-12-12 14:59:31,428 INFO: [flowe..][Iter:     140, lr:(9.300e-04,9.300e-06,9.300e-05,)] [eta: 0:37:34] loss: 1.6126e+00 Norm_mean: 5.1552e-01 
2024-12-12 14:59:43,706 INFO: [flowe..][Iter:     150, lr:(9.250e-04,9.250e-06,9.250e-05,)] [eta: 0:37:23] loss: 1.0894e-01 Norm_mean: 5.2205e-01 
2024-12-12 14:59:56,275 INFO: [flowe..][Iter:     160, lr:(9.200e-04,9.200e-06,9.200e-05,)] [eta: 0:37:16] loss: 8.5357e-01 Norm_mean: 5.2703e-01 
2024-12-12 15:00:08,650 INFO: [flowe..][Iter:     170, lr:(9.150e-04,9.150e-06,9.150e-05,)] [eta: 0:37:06] loss: 6.1743e-02 Norm_mean: 5.3065e-01 
2024-12-12 15:00:20,780 INFO: [flowe..][Iter:     180, lr:(9.100e-04,9.100e-06,9.100e-05,)] [eta: 0:36:54] loss: 5.2067e-02 Norm_mean: 5.3440e-01 
2024-12-12 15:00:33,111 INFO: [flowe..][Iter:     190, lr:(9.050e-04,9.050e-06,9.050e-05,)] [eta: 0:36:43] loss: 1.4682e-01 Norm_mean: 5.3864e-01 
2024-12-12 15:00:45,378 INFO: [flowe..][Iter:     200, lr:(9.000e-04,9.000e-06,9.000e-05,)] [eta: 0:36:32] loss: 6.2344e-01 Norm_mean: 5.4290e-01 
2024-12-12 15:00:57,273 INFO: [flowe..][Iter:     210, lr:(8.950e-04,8.950e-06,8.950e-05,)] [eta: 0:36:17] loss: 7.3405e-01 Norm_mean: 5.4773e-01 
2024-12-12 15:01:09,779 INFO: [flowe..][Iter:     220, lr:(8.900e-04,8.900e-06,8.900e-05,)] [eta: 0:36:07] loss: 9.0841e-01 Norm_mean: 5.5019e-01 
2024-12-12 15:01:21,758 INFO: [flowe..][Iter:     230, lr:(8.850e-04,8.850e-06,8.850e-05,)] [eta: 0:35:54] loss: 3.1330e-01 Norm_mean: 5.5019e-01 
2024-12-12 15:01:33,374 INFO: [flowe..][Iter:     240, lr:(8.800e-04,8.800e-06,8.800e-05,)] [eta: 0:35:37] loss: 8.7898e-01 Norm_mean: 5.5019e-01 
2024-12-12 15:01:45,437 INFO: [flowe..][Iter:     250, lr:(8.750e-04,8.750e-06,8.750e-05,)] [eta: 0:35:25] loss: 9.3057e-01 Norm_mean: 5.5019e-01 
2024-12-12 15:01:57,435 INFO: [flowe..][Iter:     260, lr:(8.700e-04,8.700e-06,8.700e-05,)] [eta: 0:35:11] loss: 3.0799e-01 Norm_mean: 5.5019e-01 
2024-12-12 15:02:09,435 INFO: [flowe..][Iter:     270, lr:(8.650e-04,8.650e-06,8.650e-05,)] [eta: 0:34:58] loss: 4.8275e-01 Norm_mean: 5.5019e-01 
2024-12-12 15:02:22,014 INFO: [flowe..][Iter:     280, lr:(8.600e-04,8.600e-06,8.600e-05,)] [eta: 0:34:49] loss: 5.0067e-01 Norm_mean: 5.5019e-01 
2024-12-12 15:02:34,243 INFO: [flowe..][Iter:     290, lr:(8.550e-04,8.550e-06,8.550e-05,)] [eta: 0:34:37] loss: 5.4101e-01 Norm_mean: 5.5019e-01 
2024-12-12 15:02:46,251 INFO: [flowe..][Iter:     300, lr:(8.500e-04,8.500e-06,8.500e-05,)] [eta: 0:34:24] loss: 3.5915e-01 Norm_mean: 5.5019e-01 
2024-12-12 15:02:58,390 INFO: [flowe..][Iter:     310, lr:(8.450e-04,8.450e-06,8.450e-05,)] [eta: 0:34:12] loss: 6.8522e-02 Norm_mean: 5.5019e-01 
2024-12-12 15:03:10,536 INFO: [flowe..][Iter:     320, lr:(8.400e-04,8.400e-06,8.400e-05,)] [eta: 0:34:00] loss: 4.7964e-01 Norm_mean: 5.5019e-01 
2024-12-12 15:03:22,774 INFO: [flowe..][Iter:     330, lr:(8.350e-04,8.350e-06,8.350e-05,)] [eta: 0:33:48] loss: 1.4349e-01 Norm_mean: 5.5019e-01 
2024-12-12 15:03:34,692 INFO: [flowe..][Iter:     340, lr:(8.300e-04,8.300e-06,8.300e-05,)] [eta: 0:33:35] loss: 9.9284e-01 Norm_mean: 5.5019e-01 
2024-12-12 15:03:47,433 INFO: [flowe..][Iter:     350, lr:(8.250e-04,8.250e-06,8.250e-05,)] [eta: 0:33:25] loss: 4.4118e-01 Norm_mean: 5.5019e-01 
2024-12-12 15:03:59,863 INFO: [flowe..][Iter:     360, lr:(8.200e-04,8.200e-06,8.200e-05,)] [eta: 0:33:14] loss: 6.0276e-01 Norm_mean: 5.5019e-01 
2024-12-12 15:04:12,021 INFO: [flowe..][Iter:     370, lr:(8.150e-04,8.150e-06,8.150e-05,)] [eta: 0:33:02] loss: 5.0432e-02 Norm_mean: 5.5019e-01 
2024-12-12 15:04:24,253 INFO: [flowe..][Iter:     380, lr:(8.100e-04,8.100e-06,8.100e-05,)] [eta: 0:32:50] loss: 2.6577e-02 Norm_mean: 5.5019e-01 
2024-12-12 15:04:36,227 INFO: [flowe..][Iter:     390, lr:(8.050e-04,8.050e-06,8.050e-05,)] [eta: 0:32:37] loss: 8.7665e-01 Norm_mean: 5.5019e-01 
2024-12-12 15:04:48,384 INFO: [flowe..][Iter:     400, lr:(8.000e-04,8.000e-06,8.000e-05,)] [eta: 0:32:25] loss: 1.4333e-01 Norm_mean: 5.5019e-01 
2024-12-12 15:05:00,601 INFO: [flowe..][Iter:     410, lr:(7.950e-04,7.950e-06,7.950e-05,)] [eta: 0:32:13] loss: 5.9729e-01 Norm_mean: 5.5019e-01 
2024-12-12 15:05:12,958 INFO: [flowe..][Iter:     420, lr:(7.900e-04,7.900e-06,7.900e-05,)] [eta: 0:32:02] loss: 3.9879e-01 Norm_mean: 5.5019e-01 
2024-12-12 15:05:25,066 INFO: [flowe..][Iter:     430, lr:(7.850e-04,7.850e-06,7.850e-05,)] [eta: 0:31:49] loss: 4.5198e-01 Norm_mean: 5.5019e-01 
2024-12-12 15:05:37,080 INFO: [flowe..][Iter:     440, lr:(7.800e-04,7.800e-06,7.800e-05,)] [eta: 0:31:37] loss: 1.3428e-01 Norm_mean: 5.5019e-01 
2024-12-12 15:05:49,144 INFO: [flowe..][Iter:     450, lr:(7.750e-04,7.750e-06,7.750e-05,)] [eta: 0:31:24] loss: 4.4619e-01 Norm_mean: 5.5019e-01 
2024-12-12 15:06:01,465 INFO: [flowe..][Iter:     460, lr:(7.700e-04,7.700e-06,7.700e-05,)] [eta: 0:31:12] loss: 2.2349e-01 Norm_mean: 5.5019e-01 
2024-12-12 15:06:13,909 INFO: [flowe..][Iter:     470, lr:(7.650e-04,7.650e-06,7.650e-05,)] [eta: 0:31:01] loss: 3.2726e-01 Norm_mean: 5.5019e-01 
2024-12-12 15:06:25,760 INFO: [flowe..][Iter:     480, lr:(7.600e-04,7.600e-06,7.600e-05,)] [eta: 0:30:48] loss: 4.0063e-01 Norm_mean: 5.5019e-01 
2024-12-12 15:06:37,902 INFO: [flowe..][Iter:     490, lr:(7.550e-04,7.550e-06,7.550e-05,)] [eta: 0:30:36] loss: 4.7774e-01 Norm_mean: 5.5019e-01 
2024-12-12 15:06:50,386 INFO: [flowe..][Iter:     500, lr:(7.500e-04,7.500e-06,7.500e-05,)] [eta: 0:30:24] loss: 5.5312e-01 Norm_mean: 5.5019e-01 
2024-12-12 15:07:02,224 INFO: [flowe..][Iter:     510, lr:(7.450e-04,7.450e-06,7.450e-05,)] [eta: 0:30:11] loss: 7.0847e-01 Norm_mean: 5.5019e-01 
2024-12-12 15:07:14,133 INFO: [flowe..][Iter:     520, lr:(7.400e-04,7.400e-06,7.400e-05,)] [eta: 0:29:58] loss: 1.3703e+00 Norm_mean: 5.5019e-01 
2024-12-12 15:07:26,220 INFO: [flowe..][Iter:     530, lr:(7.350e-04,7.350e-06,7.350e-05,)] [eta: 0:29:46] loss: 2.9817e-01 Norm_mean: 5.5019e-01 
2024-12-12 15:07:38,396 INFO: [flowe..][Iter:     540, lr:(7.300e-04,7.300e-06,7.300e-05,)] [eta: 0:29:34] loss: 5.6831e-01 Norm_mean: 5.5019e-01 
2024-12-12 15:07:51,041 INFO: [flowe..][Iter:     550, lr:(7.250e-04,7.250e-06,7.250e-05,)] [eta: 0:29:23] loss: 7.9916e-01 Norm_mean: 5.5019e-01 
2024-12-12 15:08:02,826 INFO: [flowe..][Iter:     560, lr:(7.200e-04,7.200e-06,7.200e-05,)] [eta: 0:29:10] loss: 6.2972e-01 Norm_mean: 5.5019e-01 
2024-12-12 15:08:14,877 INFO: [flowe..][Iter:     570, lr:(7.150e-04,7.150e-06,7.150e-05,)] [eta: 0:28:57] loss: 2.2930e-01 Norm_mean: 5.5019e-01 
2024-12-12 15:08:26,561 INFO: [flowe..][Iter:     580, lr:(7.100e-04,7.100e-06,7.100e-05,)] [eta: 0:28:44] loss: 3.6452e-01 Norm_mean: 5.5019e-01 
2024-12-12 15:08:38,451 INFO: [flowe..][Iter:     590, lr:(7.050e-04,7.050e-06,7.050e-05,)] [eta: 0:28:31] loss: 3.0791e-01 Norm_mean: 5.5019e-01 
2024-12-12 15:08:50,795 INFO: [flowe..][Iter:     600, lr:(7.000e-04,7.000e-06,7.000e-05,)] [eta: 0:28:20] loss: 5.5885e-01 Norm_mean: 5.5019e-01 
2024-12-12 15:09:02,672 INFO: [flowe..][Iter:     610, lr:(6.950e-04,6.950e-06,6.950e-05,)] [eta: 0:28:07] loss: 2.3812e-02 Norm_mean: 5.5019e-01 
2024-12-12 15:09:14,882 INFO: [flowe..][Iter:     620, lr:(6.900e-04,6.900e-06,6.900e-05,)] [eta: 0:27:55] loss: 6.4213e-01 Norm_mean: 5.5019e-01 
2024-12-12 15:09:27,420 INFO: [flowe..][Iter:     630, lr:(6.850e-04,6.850e-06,6.850e-05,)] [eta: 0:27:43] loss: 6.3491e-01 Norm_mean: 5.5019e-01 
2024-12-12 15:09:39,472 INFO: [flowe..][Iter:     640, lr:(6.800e-04,6.800e-06,6.800e-05,)] [eta: 0:27:31] loss: 4.7403e-01 Norm_mean: 5.5019e-01 
2024-12-12 15:09:51,359 INFO: [flowe..][Iter:     650, lr:(6.750e-04,6.750e-06,6.750e-05,)] [eta: 0:27:18] loss: 1.3103e+00 Norm_mean: 5.5019e-01 
2024-12-12 15:10:02,935 INFO: [flowe..][Iter:     660, lr:(6.700e-04,6.700e-06,6.700e-05,)] [eta: 0:27:05] loss: 2.7878e-01 Norm_mean: 5.5019e-01 
2024-12-12 15:10:14,749 INFO: [flowe..][Iter:     670, lr:(6.650e-04,6.650e-06,6.650e-05,)] [eta: 0:26:52] loss: 5.2408e-02 Norm_mean: 5.5019e-01 
2024-12-12 15:10:26,858 INFO: [flowe..][Iter:     680, lr:(6.600e-04,6.600e-06,6.600e-05,)] [eta: 0:26:40] loss: 9.3918e-01 Norm_mean: 5.5019e-01 
2024-12-12 15:10:38,638 INFO: [flowe..][Iter:     690, lr:(6.550e-04,6.550e-06,6.550e-05,)] [eta: 0:26:27] loss: 3.4124e-01 Norm_mean: 5.5019e-01 
2024-12-12 15:10:50,645 INFO: [flowe..][Iter:     700, lr:(6.500e-04,6.500e-06,6.500e-05,)] [eta: 0:26:15] loss: 1.9452e-01 Norm_mean: 5.5019e-01 
2024-12-12 15:11:02,690 INFO: [flowe..][Iter:     710, lr:(6.450e-04,6.450e-06,6.450e-05,)] [eta: 0:26:03] loss: 8.8373e-01 Norm_mean: 5.5019e-01 
2024-12-12 15:11:14,629 INFO: [flowe..][Iter:     720, lr:(6.400e-04,6.400e-06,6.400e-05,)] [eta: 0:25:50] loss: 4.5360e-01 Norm_mean: 5.5019e-01 
2024-12-12 15:11:26,500 INFO: [flowe..][Iter:     730, lr:(6.350e-04,6.350e-06,6.350e-05,)] [eta: 0:25:38] loss: 2.9906e-01 Norm_mean: 5.5019e-01 
2024-12-12 15:11:38,613 INFO: [flowe..][Iter:     740, lr:(6.300e-04,6.300e-06,6.300e-05,)] [eta: 0:25:26] loss: 2.5808e-01 Norm_mean: 5.5019e-01 
2024-12-12 15:11:50,505 INFO: [flowe..][Iter:     750, lr:(6.250e-04,6.250e-06,6.250e-05,)] [eta: 0:25:13] loss: 1.1013e-01 Norm_mean: 5.5019e-01 
2024-12-12 15:12:02,412 INFO: [flowe..][Iter:     760, lr:(6.200e-04,6.200e-06,6.200e-05,)] [eta: 0:25:01] loss: 9.7808e-01 Norm_mean: 5.5019e-01 
2024-12-12 15:12:14,070 INFO: [flowe..][Iter:     770, lr:(6.150e-04,6.150e-06,6.150e-05,)] [eta: 0:24:48] loss: 7.3725e-02 Norm_mean: 5.5019e-01 
2024-12-12 15:12:26,397 INFO: [flowe..][Iter:     780, lr:(6.100e-04,6.100e-06,6.100e-05,)] [eta: 0:24:36] loss: 8.4335e-02 Norm_mean: 5.5019e-01 
2024-12-12 15:12:38,156 INFO: [flowe..][Iter:     790, lr:(6.050e-04,6.050e-06,6.050e-05,)] [eta: 0:24:23] loss: 1.0169e-01 Norm_mean: 5.5019e-01 
2024-12-12 15:12:50,230 INFO: [flowe..][Iter:     800, lr:(6.000e-04,6.000e-06,6.000e-05,)] [eta: 0:24:11] loss: 2.0139e-01 Norm_mean: 5.5019e-01 
2024-12-12 15:13:02,308 INFO: [flowe..][Iter:     810, lr:(5.950e-04,5.950e-06,5.950e-05,)] [eta: 0:23:59] loss: 4.8987e-01 Norm_mean: 5.5019e-01 
2024-12-12 15:13:14,495 INFO: [flowe..][Iter:     820, lr:(5.900e-04,5.900e-06,5.900e-05,)] [eta: 0:23:47] loss: 9.4548e-02 Norm_mean: 5.5019e-01 
2024-12-12 15:13:26,739 INFO: [flowe..][Iter:     830, lr:(5.850e-04,5.850e-06,5.850e-05,)] [eta: 0:23:35] loss: 1.1459e+00 Norm_mean: 5.5019e-01 
2024-12-12 15:13:39,036 INFO: [flowe..][Iter:     840, lr:(5.800e-04,5.800e-06,5.800e-05,)] [eta: 0:23:23] loss: 1.1625e-01 Norm_mean: 5.5019e-01 
2024-12-12 15:13:50,893 INFO: [flowe..][Iter:     850, lr:(5.750e-04,5.750e-06,5.750e-05,)] [eta: 0:23:11] loss: 1.4336e+00 Norm_mean: 5.5019e-01 
2024-12-12 15:14:02,729 INFO: [flowe..][Iter:     860, lr:(5.700e-04,5.700e-06,5.700e-05,)] [eta: 0:22:58] loss: 1.2665e-01 Norm_mean: 5.5019e-01 
2024-12-12 15:14:14,992 INFO: [flowe..][Iter:     870, lr:(5.650e-04,5.650e-06,5.650e-05,)] [eta: 0:22:46] loss: 7.8418e-01 Norm_mean: 5.5019e-01 
2024-12-12 15:14:26,686 INFO: [flowe..][Iter:     880, lr:(5.600e-04,5.600e-06,5.600e-05,)] [eta: 0:22:34] loss: 2.8728e-01 Norm_mean: 5.5019e-01 
2024-12-12 15:14:38,536 INFO: [flowe..][Iter:     890, lr:(5.550e-04,5.550e-06,5.550e-05,)] [eta: 0:22:21] loss: 8.4106e-01 Norm_mean: 5.5019e-01 
2024-12-12 15:14:50,222 INFO: [flowe..][Iter:     900, lr:(5.500e-04,5.500e-06,5.500e-05,)] [eta: 0:22:09] loss: 1.2797e+00 Norm_mean: 5.5019e-01 
2024-12-12 15:15:02,409 INFO: [flowe..][Iter:     910, lr:(5.450e-04,5.450e-06,5.450e-05,)] [eta: 0:21:57] loss: 8.7760e-01 Norm_mean: 5.5019e-01 
2024-12-12 15:15:14,661 INFO: [flowe..][Iter:     920, lr:(5.400e-04,5.400e-06,5.400e-05,)] [eta: 0:21:45] loss: 1.9720e-01 Norm_mean: 5.5019e-01 
2024-12-12 15:15:26,444 INFO: [flowe..][Iter:     930, lr:(5.350e-04,5.350e-06,5.350e-05,)] [eta: 0:21:32] loss: 6.9767e-01 Norm_mean: 5.5019e-01 
2024-12-12 15:15:38,563 INFO: [flowe..][Iter:     940, lr:(5.300e-04,5.300e-06,5.300e-05,)] [eta: 0:21:20] loss: 1.2662e+00 Norm_mean: 5.5019e-01 
2024-12-12 15:15:50,420 INFO: [flowe..][Iter:     950, lr:(5.250e-04,5.250e-06,5.250e-05,)] [eta: 0:21:08] loss: 4.9261e-01 Norm_mean: 5.5019e-01 
2024-12-12 15:16:02,178 INFO: [flowe..][Iter:     960, lr:(5.200e-04,5.200e-06,5.200e-05,)] [eta: 0:20:56] loss: 2.7688e-02 Norm_mean: 5.5019e-01 
2024-12-12 15:16:14,371 INFO: [flowe..][Iter:     970, lr:(5.150e-04,5.150e-06,5.150e-05,)] [eta: 0:20:44] loss: 8.3135e-01 Norm_mean: 5.5019e-01 
2024-12-12 15:16:26,625 INFO: [flowe..][Iter:     980, lr:(5.100e-04,5.100e-06,5.100e-05,)] [eta: 0:20:32] loss: 1.1723e+00 Norm_mean: 5.5019e-01 
2024-12-12 15:16:38,592 INFO: [flowe..][Iter:     990, lr:(5.050e-04,5.050e-06,5.050e-05,)] [eta: 0:20:19] loss: 1.5934e-01 Norm_mean: 5.5019e-01 
2024-12-12 15:16:50,376 INFO: [flowe..][Iter:   1,000, lr:(5.000e-04,5.000e-06,5.000e-05,)] [eta: 0:20:07] loss: 3.0907e-01 Norm_mean: 5.5019e-01 
2024-12-12 15:17:02,342 INFO: [flowe..][Iter:   1,010, lr:(4.950e-04,4.950e-06,4.950e-05,)] [eta: 0:19:55] loss: 7.2084e-02 Norm_mean: 5.5019e-01 
2024-12-12 15:17:14,657 INFO: [flowe..][Iter:   1,020, lr:(4.900e-04,4.900e-06,4.900e-05,)] [eta: 0:19:43] loss: 9.2285e-01 Norm_mean: 5.5019e-01 
2024-12-12 15:17:26,498 INFO: [flowe..][Iter:   1,030, lr:(4.850e-04,4.850e-06,4.850e-05,)] [eta: 0:19:31] loss: 6.8403e-02 Norm_mean: 5.5019e-01 
2024-12-12 15:17:38,538 INFO: [flowe..][Iter:   1,040, lr:(4.800e-04,4.800e-06,4.800e-05,)] [eta: 0:19:18] loss: 1.6301e+00 Norm_mean: 5.5019e-01 
2024-12-12 15:17:50,646 INFO: [flowe..][Iter:   1,050, lr:(4.750e-04,4.750e-06,4.750e-05,)] [eta: 0:19:06] loss: 2.7095e-01 Norm_mean: 5.5019e-01 
2024-12-12 15:18:02,789 INFO: [flowe..][Iter:   1,060, lr:(4.700e-04,4.700e-06,4.700e-05,)] [eta: 0:18:54] loss: 9.0537e-01 Norm_mean: 5.5019e-01 
2024-12-12 15:18:14,696 INFO: [flowe..][Iter:   1,070, lr:(4.650e-04,4.650e-06,4.650e-05,)] [eta: 0:18:42] loss: 9.9230e-01 Norm_mean: 5.5019e-01 
2024-12-12 15:18:26,708 INFO: [flowe..][Iter:   1,080, lr:(4.600e-04,4.600e-06,4.600e-05,)] [eta: 0:18:30] loss: 2.4080e+00 Norm_mean: 5.5019e-01 
2024-12-12 15:18:38,867 INFO: [flowe..][Iter:   1,090, lr:(4.550e-04,4.550e-06,4.550e-05,)] [eta: 0:18:18] loss: 2.6020e-02 Norm_mean: 5.5019e-01 
2024-12-12 15:18:51,063 INFO: [flowe..][Iter:   1,100, lr:(4.500e-04,4.500e-06,4.500e-05,)] [eta: 0:18:06] loss: 1.2095e-01 Norm_mean: 5.5019e-01 
2024-12-12 15:19:03,157 INFO: [flowe..][Iter:   1,110, lr:(4.450e-04,4.450e-06,4.450e-05,)] [eta: 0:17:54] loss: 1.4191e-01 Norm_mean: 5.5019e-01 
2024-12-12 15:19:15,517 INFO: [flowe..][Iter:   1,120, lr:(4.400e-04,4.400e-06,4.400e-05,)] [eta: 0:17:42] loss: 5.6424e-01 Norm_mean: 5.5019e-01 
2024-12-12 15:19:27,942 INFO: [flowe..][Iter:   1,130, lr:(4.350e-04,4.350e-06,4.350e-05,)] [eta: 0:17:30] loss: 5.7589e-01 Norm_mean: 5.5019e-01 
2024-12-12 15:19:39,878 INFO: [flowe..][Iter:   1,140, lr:(4.300e-04,4.300e-06,4.300e-05,)] [eta: 0:17:18] loss: 1.3714e-01 Norm_mean: 5.5019e-01 
2024-12-12 15:19:51,923 INFO: [flowe..][Iter:   1,150, lr:(4.250e-04,4.250e-06,4.250e-05,)] [eta: 0:17:06] loss: 9.3954e-01 Norm_mean: 5.5019e-01 
2024-12-12 15:20:03,644 INFO: [flowe..][Iter:   1,160, lr:(4.200e-04,4.200e-06,4.200e-05,)] [eta: 0:16:54] loss: 1.8520e-01 Norm_mean: 5.5019e-01 
2024-12-12 15:20:15,354 INFO: [flowe..][Iter:   1,170, lr:(4.150e-04,4.150e-06,4.150e-05,)] [eta: 0:16:41] loss: 2.3940e-01 Norm_mean: 5.5019e-01 
2024-12-12 15:20:27,381 INFO: [flowe..][Iter:   1,180, lr:(4.100e-04,4.100e-06,4.100e-05,)] [eta: 0:16:29] loss: 5.4257e-01 Norm_mean: 5.5019e-01 
2024-12-12 15:20:39,663 INFO: [flowe..][Iter:   1,190, lr:(4.050e-04,4.050e-06,4.050e-05,)] [eta: 0:16:17] loss: 7.2671e-01 Norm_mean: 5.5019e-01 
2024-12-12 15:20:51,988 INFO: [flowe..][Iter:   1,200, lr:(4.000e-04,4.000e-06,4.000e-05,)] [eta: 0:16:05] loss: 3.2449e-01 Norm_mean: 5.5019e-01 
2024-12-12 15:21:03,937 INFO: [flowe..][Iter:   1,210, lr:(3.950e-04,3.950e-06,3.950e-05,)] [eta: 0:15:53] loss: 1.0699e+00 Norm_mean: 5.5019e-01 
2024-12-12 15:21:16,187 INFO: [flowe..][Iter:   1,220, lr:(3.900e-04,3.900e-06,3.900e-05,)] [eta: 0:15:41] loss: 3.4205e-01 Norm_mean: 5.5019e-01 
2024-12-12 15:21:28,156 INFO: [flowe..][Iter:   1,230, lr:(3.850e-04,3.850e-06,3.850e-05,)] [eta: 0:15:29] loss: 2.6090e+00 Norm_mean: 5.5019e-01 
2024-12-12 15:21:40,321 INFO: [flowe..][Iter:   1,240, lr:(3.800e-04,3.800e-06,3.800e-05,)] [eta: 0:15:17] loss: 9.0881e-02 Norm_mean: 5.5019e-01 
2024-12-12 15:21:52,652 INFO: [flowe..][Iter:   1,250, lr:(3.750e-04,3.750e-06,3.750e-05,)] [eta: 0:15:05] loss: 1.5950e+00 Norm_mean: 5.5019e-01 
2024-12-12 15:22:04,714 INFO: [flowe..][Iter:   1,260, lr:(3.700e-04,3.700e-06,3.700e-05,)] [eta: 0:14:53] loss: 2.9504e-01 Norm_mean: 5.5019e-01 
2024-12-12 15:22:17,425 INFO: [flowe..][Iter:   1,270, lr:(3.650e-04,3.650e-06,3.650e-05,)] [eta: 0:14:41] loss: 1.1621e+00 Norm_mean: 5.5019e-01 
2024-12-12 15:22:29,226 INFO: [flowe..][Iter:   1,280, lr:(3.600e-04,3.600e-06,3.600e-05,)] [eta: 0:14:29] loss: 3.3682e-02 Norm_mean: 5.5019e-01 
2024-12-12 15:22:41,027 INFO: [flowe..][Iter:   1,290, lr:(3.550e-04,3.550e-06,3.550e-05,)] [eta: 0:14:17] loss: 4.4970e-01 Norm_mean: 5.5019e-01 
2024-12-12 15:22:52,471 INFO: [flowe..][Iter:   1,300, lr:(3.500e-04,3.500e-06,3.500e-05,)] [eta: 0:14:04] loss: 1.5979e+00 Norm_mean: 5.5019e-01 
2024-12-12 15:23:04,502 INFO: [flowe..][Iter:   1,310, lr:(3.450e-04,3.450e-06,3.450e-05,)] [eta: 0:13:52] loss: 9.8558e-01 Norm_mean: 5.5019e-01 
2024-12-12 15:23:16,900 INFO: [flowe..][Iter:   1,320, lr:(3.400e-04,3.400e-06,3.400e-05,)] [eta: 0:13:40] loss: 4.5314e-01 Norm_mean: 5.5019e-01 
2024-12-12 15:23:29,066 INFO: [flowe..][Iter:   1,330, lr:(3.350e-04,3.350e-06,3.350e-05,)] [eta: 0:13:28] loss: 2.3409e-01 Norm_mean: 5.5019e-01 
2024-12-12 15:23:41,024 INFO: [flowe..][Iter:   1,340, lr:(3.300e-04,3.300e-06,3.300e-05,)] [eta: 0:13:16] loss: 1.7604e-01 Norm_mean: 5.5019e-01 
2024-12-12 15:23:52,754 INFO: [flowe..][Iter:   1,350, lr:(3.250e-04,3.250e-06,3.250e-05,)] [eta: 0:13:04] loss: 6.9516e-02 Norm_mean: 5.5019e-01 
2024-12-12 15:24:05,071 INFO: [flowe..][Iter:   1,360, lr:(3.200e-04,3.200e-06,3.200e-05,)] [eta: 0:12:52] loss: 6.3363e-01 Norm_mean: 5.5019e-01 
2024-12-12 15:24:17,166 INFO: [flowe..][Iter:   1,370, lr:(3.150e-04,3.150e-06,3.150e-05,)] [eta: 0:12:40] loss: 1.0576e+00 Norm_mean: 5.5019e-01 
2024-12-12 15:24:28,873 INFO: [flowe..][Iter:   1,380, lr:(3.100e-04,3.100e-06,3.100e-05,)] [eta: 0:12:27] loss: 7.2869e-01 Norm_mean: 5.5019e-01 
2024-12-12 15:24:41,390 INFO: [flowe..][Iter:   1,390, lr:(3.050e-04,3.050e-06,3.050e-05,)] [eta: 0:12:15] loss: 1.0088e+00 Norm_mean: 5.5019e-01 
2024-12-12 15:24:53,526 INFO: [flowe..][Iter:   1,400, lr:(3.000e-04,3.000e-06,3.000e-05,)] [eta: 0:12:03] loss: 5.9318e-01 Norm_mean: 5.5019e-01 
2024-12-12 15:25:05,396 INFO: [flowe..][Iter:   1,410, lr:(2.950e-04,2.950e-06,2.950e-05,)] [eta: 0:11:51] loss: 5.3330e-02 Norm_mean: 5.5019e-01 
2024-12-12 15:25:17,249 INFO: [flowe..][Iter:   1,420, lr:(2.900e-04,2.900e-06,2.900e-05,)] [eta: 0:11:39] loss: 3.1208e-02 Norm_mean: 5.5019e-01 
2024-12-12 15:25:29,528 INFO: [flowe..][Iter:   1,430, lr:(2.850e-04,2.850e-06,2.850e-05,)] [eta: 0:11:27] loss: 1.6859e-01 Norm_mean: 5.5019e-01 
2024-12-12 15:25:41,442 INFO: [flowe..][Iter:   1,440, lr:(2.800e-04,2.800e-06,2.800e-05,)] [eta: 0:11:15] loss: 6.1632e-02 Norm_mean: 5.5019e-01 
2024-12-12 15:25:53,376 INFO: [flowe..][Iter:   1,450, lr:(2.750e-04,2.750e-06,2.750e-05,)] [eta: 0:11:03] loss: 8.5050e-01 Norm_mean: 5.5019e-01 
2024-12-12 15:26:05,451 INFO: [flowe..][Iter:   1,460, lr:(2.700e-04,2.700e-06,2.700e-05,)] [eta: 0:10:51] loss: 9.0461e-01 Norm_mean: 5.5019e-01 
2024-12-12 15:26:17,652 INFO: [flowe..][Iter:   1,470, lr:(2.650e-04,2.650e-06,2.650e-05,)] [eta: 0:10:39] loss: 1.6218e-01 Norm_mean: 5.5019e-01 
2024-12-12 15:26:29,750 INFO: [flowe..][Iter:   1,480, lr:(2.600e-04,2.600e-06,2.600e-05,)] [eta: 0:10:27] loss: 1.0628e+00 Norm_mean: 5.5019e-01 
2024-12-12 15:26:41,904 INFO: [flowe..][Iter:   1,490, lr:(2.550e-04,2.550e-06,2.550e-05,)] [eta: 0:10:14] loss: 5.8391e-01 Norm_mean: 5.5019e-01 
2024-12-12 15:26:53,791 INFO: [flowe..][Iter:   1,500, lr:(2.500e-04,2.500e-06,2.500e-05,)] [eta: 0:10:02] loss: 1.1417e+00 Norm_mean: 5.5019e-01 
2024-12-12 15:27:05,865 INFO: [flowe..][Iter:   1,510, lr:(2.450e-04,2.450e-06,2.450e-05,)] [eta: 0:09:50] loss: 3.6846e-01 Norm_mean: 5.5019e-01 
2024-12-12 15:27:17,829 INFO: [flowe..][Iter:   1,520, lr:(2.400e-04,2.400e-06,2.400e-05,)] [eta: 0:09:38] loss: 4.6683e-01 Norm_mean: 5.5019e-01 
2024-12-12 15:27:29,713 INFO: [flowe..][Iter:   1,530, lr:(2.350e-04,2.350e-06,2.350e-05,)] [eta: 0:09:26] loss: 3.3909e-01 Norm_mean: 5.5019e-01 
2024-12-12 15:27:41,686 INFO: [flowe..][Iter:   1,540, lr:(2.300e-04,2.300e-06,2.300e-05,)] [eta: 0:09:14] loss: 5.7730e-01 Norm_mean: 5.5019e-01 
2024-12-12 15:27:53,898 INFO: [flowe..][Iter:   1,550, lr:(2.250e-04,2.250e-06,2.250e-05,)] [eta: 0:09:02] loss: 2.7178e-01 Norm_mean: 5.5019e-01 
2024-12-12 15:28:05,993 INFO: [flowe..][Iter:   1,560, lr:(2.200e-04,2.200e-06,2.200e-05,)] [eta: 0:08:50] loss: 2.8434e-01 Norm_mean: 5.5019e-01 
2024-12-12 15:28:18,321 INFO: [flowe..][Iter:   1,570, lr:(2.150e-04,2.150e-06,2.150e-05,)] [eta: 0:08:38] loss: 1.0193e-01 Norm_mean: 5.5019e-01 
2024-12-12 15:28:30,318 INFO: [flowe..][Iter:   1,580, lr:(2.100e-04,2.100e-06,2.100e-05,)] [eta: 0:08:26] loss: 8.5143e-01 Norm_mean: 5.5019e-01 
2024-12-12 15:28:42,504 INFO: [flowe..][Iter:   1,590, lr:(2.050e-04,2.050e-06,2.050e-05,)] [eta: 0:08:14] loss: 1.7993e-01 Norm_mean: 5.5019e-01 
2024-12-12 15:28:54,201 INFO: [flowe..][Iter:   1,600, lr:(2.000e-04,2.000e-06,2.000e-05,)] [eta: 0:08:01] loss: 1.1001e+00 Norm_mean: 5.5019e-01 
2024-12-12 15:29:06,410 INFO: [flowe..][Iter:   1,610, lr:(1.950e-04,1.950e-06,1.950e-05,)] [eta: 0:07:49] loss: 3.4677e-01 Norm_mean: 5.5019e-01 
2024-12-12 15:29:18,699 INFO: [flowe..][Iter:   1,620, lr:(1.900e-04,1.900e-06,1.900e-05,)] [eta: 0:07:37] loss: 4.5776e-01 Norm_mean: 5.5019e-01 
2024-12-12 15:29:31,203 INFO: [flowe..][Iter:   1,630, lr:(1.850e-04,1.850e-06,1.850e-05,)] [eta: 0:07:25] loss: 4.1136e-01 Norm_mean: 5.5019e-01 
2024-12-12 15:29:43,338 INFO: [flowe..][Iter:   1,640, lr:(1.800e-04,1.800e-06,1.800e-05,)] [eta: 0:07:13] loss: 2.0361e-01 Norm_mean: 5.5019e-01 
2024-12-12 15:29:55,016 INFO: [flowe..][Iter:   1,650, lr:(1.750e-04,1.750e-06,1.750e-05,)] [eta: 0:07:01] loss: 1.4175e+00 Norm_mean: 5.5019e-01 
2024-12-12 15:30:06,753 INFO: [flowe..][Iter:   1,660, lr:(1.700e-04,1.700e-06,1.700e-05,)] [eta: 0:06:49] loss: 9.0198e-01 Norm_mean: 5.5019e-01 
2024-12-12 15:30:18,517 INFO: [flowe..][Iter:   1,670, lr:(1.650e-04,1.650e-06,1.650e-05,)] [eta: 0:06:37] loss: 6.0329e-01 Norm_mean: 5.5019e-01 
2024-12-12 15:30:30,780 INFO: [flowe..][Iter:   1,680, lr:(1.600e-04,1.600e-06,1.600e-05,)] [eta: 0:06:25] loss: 1.3097e+00 Norm_mean: 5.5019e-01 
2024-12-12 15:30:42,742 INFO: [flowe..][Iter:   1,690, lr:(1.550e-04,1.550e-06,1.550e-05,)] [eta: 0:06:13] loss: 1.0189e-01 Norm_mean: 5.5019e-01 
2024-12-12 15:30:54,988 INFO: [flowe..][Iter:   1,700, lr:(1.500e-04,1.500e-06,1.500e-05,)] [eta: 0:06:01] loss: 7.2556e-01 Norm_mean: 5.5019e-01 
2024-12-12 15:31:06,961 INFO: [flowe..][Iter:   1,710, lr:(1.450e-04,1.450e-06,1.450e-05,)] [eta: 0:05:49] loss: 5.3054e-01 Norm_mean: 5.5019e-01 
2024-12-12 15:31:19,585 INFO: [flowe..][Iter:   1,720, lr:(1.400e-04,1.400e-06,1.400e-05,)] [eta: 0:05:37] loss: 1.7920e-01 Norm_mean: 5.5019e-01 
2024-12-12 15:31:31,756 INFO: [flowe..][Iter:   1,730, lr:(1.350e-04,1.350e-06,1.350e-05,)] [eta: 0:05:24] loss: 2.1684e-01 Norm_mean: 5.5019e-01 
2024-12-12 15:31:43,586 INFO: [flowe..][Iter:   1,740, lr:(1.300e-04,1.300e-06,1.300e-05,)] [eta: 0:05:12] loss: 1.4231e+00 Norm_mean: 5.5019e-01 
2024-12-12 15:31:55,655 INFO: [flowe..][Iter:   1,750, lr:(1.250e-04,1.250e-06,1.250e-05,)] [eta: 0:05:00] loss: 1.8342e-01 Norm_mean: 5.5019e-01 
2024-12-12 15:32:07,991 INFO: [flowe..][Iter:   1,760, lr:(1.200e-04,1.200e-06,1.200e-05,)] [eta: 0:04:48] loss: 8.5327e-02 Norm_mean: 5.5019e-01 
2024-12-12 15:32:20,354 INFO: [flowe..][Iter:   1,770, lr:(1.150e-04,1.150e-06,1.150e-05,)] [eta: 0:04:36] loss: 7.7704e-01 Norm_mean: 5.5019e-01 
2024-12-12 15:32:32,566 INFO: [flowe..][Iter:   1,780, lr:(1.100e-04,1.100e-06,1.100e-05,)] [eta: 0:04:24] loss: 7.0711e-01 Norm_mean: 5.5019e-01 
2024-12-12 15:32:44,575 INFO: [flowe..][Iter:   1,790, lr:(1.050e-04,1.050e-06,1.050e-05,)] [eta: 0:04:12] loss: 7.7568e-01 Norm_mean: 5.5019e-01 
2024-12-12 15:32:56,499 INFO: [flowe..][Iter:   1,800, lr:(1.000e-04,1.000e-06,1.000e-05,)] [eta: 0:04:00] loss: 3.4130e-01 Norm_mean: 5.5019e-01 
2024-12-12 15:33:08,632 INFO: [flowe..][Iter:   1,810, lr:(9.500e-05,9.500e-07,9.500e-06,)] [eta: 0:03:48] loss: 6.7177e-01 Norm_mean: 5.5019e-01 
2024-12-12 15:33:20,714 INFO: [flowe..][Iter:   1,820, lr:(9.000e-05,9.000e-07,9.000e-06,)] [eta: 0:03:36] loss: 3.8932e-01 Norm_mean: 5.5019e-01 
2024-12-12 15:33:32,476 INFO: [flowe..][Iter:   1,830, lr:(8.500e-05,8.500e-07,8.500e-06,)] [eta: 0:03:24] loss: 1.6070e-01 Norm_mean: 5.5019e-01 
2024-12-12 15:33:44,406 INFO: [flowe..][Iter:   1,840, lr:(8.000e-05,8.000e-07,8.000e-06,)] [eta: 0:03:12] loss: 7.7510e-01 Norm_mean: 5.5019e-01 
2024-12-12 15:33:56,509 INFO: [flowe..][Iter:   1,850, lr:(7.500e-05,7.500e-07,7.500e-06,)] [eta: 0:02:59] loss: 1.2172e+00 Norm_mean: 5.5019e-01 
2024-12-12 15:34:08,336 INFO: [flowe..][Iter:   1,860, lr:(7.000e-05,7.000e-07,7.000e-06,)] [eta: 0:02:47] loss: 7.1276e-01 Norm_mean: 5.5019e-01 
2024-12-12 15:34:19,812 INFO: [flowe..][Iter:   1,870, lr:(6.500e-05,6.500e-07,6.500e-06,)] [eta: 0:02:35] loss: 5.8432e-01 Norm_mean: 5.5019e-01 
2024-12-12 15:34:31,571 INFO: [flowe..][Iter:   1,880, lr:(6.000e-05,6.000e-07,6.000e-06,)] [eta: 0:02:23] loss: 4.5718e-01 Norm_mean: 5.5019e-01 
2024-12-12 15:34:43,732 INFO: [flowe..][Iter:   1,890, lr:(5.500e-05,5.500e-07,5.500e-06,)] [eta: 0:02:11] loss: 6.7383e-01 Norm_mean: 5.5019e-01 
2024-12-12 15:34:56,324 INFO: [flowe..][Iter:   1,900, lr:(5.000e-05,5.000e-07,5.000e-06,)] [eta: 0:01:59] loss: 7.5282e-01 Norm_mean: 5.5019e-01 
2024-12-12 15:35:08,699 INFO: [flowe..][Iter:   1,910, lr:(4.500e-05,4.500e-07,4.500e-06,)] [eta: 0:01:47] loss: 1.3005e-01 Norm_mean: 5.5019e-01 
2024-12-12 15:35:20,395 INFO: [flowe..][Iter:   1,920, lr:(4.000e-05,4.000e-07,4.000e-06,)] [eta: 0:01:35] loss: 3.6580e-01 Norm_mean: 5.5019e-01 
2024-12-12 15:35:32,567 INFO: [flowe..][Iter:   1,930, lr:(3.500e-05,3.500e-07,3.500e-06,)] [eta: 0:01:23] loss: 7.6751e-01 Norm_mean: 5.5019e-01 
2024-12-12 15:35:44,890 INFO: [flowe..][Iter:   1,940, lr:(3.000e-05,3.000e-07,3.000e-06,)] [eta: 0:01:11] loss: 8.4840e-02 Norm_mean: 5.5019e-01 
2024-12-12 15:35:57,142 INFO: [flowe..][Iter:   1,950, lr:(2.500e-05,2.500e-07,2.500e-06,)] [eta: 0:00:59] loss: 9.6825e-01 Norm_mean: 5.5019e-01 
2024-12-12 15:36:09,207 INFO: [flowe..][Iter:   1,960, lr:(2.000e-05,2.000e-07,2.000e-06,)] [eta: 0:00:47] loss: 9.3680e-02 Norm_mean: 5.5019e-01 
2024-12-12 15:36:21,356 INFO: [flowe..][Iter:   1,970, lr:(1.500e-05,1.500e-07,1.500e-06,)] [eta: 0:00:35] loss: 4.6104e-01 Norm_mean: 5.5019e-01 
2024-12-12 15:36:33,386 INFO: [flowe..][Iter:   1,980, lr:(1.000e-05,1.000e-07,1.000e-06,)] [eta: 0:00:22] loss: 1.4315e+00 Norm_mean: 5.5019e-01 
2024-12-12 15:36:45,781 INFO: [flowe..][Iter:   1,990, lr:(5.000e-06,5.000e-08,5.000e-07,)] [eta: 0:00:10] loss: 6.7142e-01 Norm_mean: 5.5019e-01 
2024-12-12 15:36:57,375 INFO: [flowe..][Iter:   2,000, lr:(0.000e+00,0.000e+00,0.000e+00,)] [eta: -1 day, 23:59:59] loss: 7.8551e-02 Norm_mean: 5.5019e-01 
2024-12-12 15:36:57,409 INFO: Save state to /content/dlcv_final/Concept-Conductor/experiments/flower_1/models/edlora_model-latest.pth
2024-12-12 15:36:57,409 INFO: Start validation /content/dlcv_final/Concept-Conductor/experiments/flower_1/models/edlora_model-latest.pth:
