2024-12-12 13:56:22,395 INFO: Distributed environment: NO
Num processes: 1
Process index: 0
Local process index: 0
Device: cuda

Mixed precision type: fp16

2024-12-12 13:56:22,395 INFO: 
  name: dog
  manual_seed: 0
  mixed_precision: fp16
  gradient_accumulation_steps: 1
  datasets:[
    train:[
      name: LoraDataset
      concept_list: /content/Data/jsons/dog.json
      use_caption: True
      use_mask: True
      instance_transform: [{'type': 'HumanResizeCropFinalV3', 'size': 512, 'crop_p': 0.5}, {'type': 'ToTensor'}, {'type': 'Normalize', 'mean': [0.5], 'std': [0.5]}, {'type': 'ShuffleCaption', 'keep_token_num': 1}, {'type': 'EnhanceText', 'enhance_type': 'object'}]
      replace_mapping:[
        <TOK>: <dog_1> <dog_2>
      ]
      batch_size_per_gpu: 2
      dataset_enlarge_ratio: 500
    ]
    val_vis:[
      name: PromptDataset
      prompts: /content/dlcv_final/Concept-Conductor/val.txt
      num_samples_per_prompt: 1
      latent_size: [4, 64, 64]
      replace_mapping:[
        <TOK>: <dog_1> <dog_2>
      ]
      batch_size_per_gpu: 4
    ]
  ]
  models:[
    pretrained_path: /content/dlcv_final/Concept-Conductor/experiments/pretrained_models/stable-diffusion-v1-5/
    enable_edlora: True
    finetune_cfg:[
      text_embedding:[
        enable_tuning: True
        lr: 0.001
      ]
      text_encoder:[
        enable_tuning: True
        lora_cfg:[
          rank: 4
          alpha: 1
          where: CLIPSdpaAttention
        ]
        lr: 1e-05
      ]
      unet:[
        enable_tuning: True
        lora_cfg:[
          rank: 4
          alpha: 1
          where: Attention
        ]
        lr: 0.0001
      ]
    ]
    new_concept_token: <dog_1>+<dog_2>
    noise_offset: 0.01
    initializer_token: <rand-0.013>+dog
    attn_reg_weight: 0.01
    reg_full_identity: False
    use_mask_loss: True
    gradient_checkpoint: False
    enable_xformers: True
  ]
  path:[
    pretrain_network: None
    experiments_root: /content/dlcv_final/Concept-Conductor/experiments/dog
    models: /content/dlcv_final/Concept-Conductor/experiments/dog/models
    log: /content/dlcv_final/Concept-Conductor/experiments/dog
    visualization: /content/dlcv_final/Concept-Conductor/experiments/dog/visualization
  ]
  train:[
    optim_g:[
      type: AdamW
      lr: 0.0
      weight_decay: 0.01
      betas: [0.9, 0.999]
    ]
    unet_kv_drop_rate: 0
    scheduler: linear
    emb_norm_threshold: 0.55
  ]
  val:[
    val_during_save: True
    compose_visualize: True
    alpha_list: [0, 0.7, 1.0]
    sample:[
      num_inference_steps: 50
      guidance_scale: 7.5
    ]
  ]
  logger:[
    print_freq: 10
    save_checkpoint_freq: 10000.0
  ]
  is_train: True

2024-12-12 13:56:24,033 INFO: <dog_1> (49408-49423) is random initialized by: <rand-0.013>
2024-12-12 13:56:24,799 INFO: <dog_2> (49424-49439) is random initialized by existing token (dog): 1929
2024-12-12 13:56:24,806 INFO: optimizing embedding using lr: 0.001
2024-12-12 13:56:24,820 INFO: optimizing text_encoder (48 LoRAs), using lr: 1e-05
2024-12-12 13:56:24,855 INFO: optimizing unet (128 LoRAs), using lr: 0.0001
2024-12-12 13:56:26,595 INFO: ***** Running training *****
2024-12-12 13:56:26,595 INFO:   Num examples = 2500
2024-12-12 13:56:26,595 INFO:   Instantaneous batch size per device = 2
2024-12-12 13:56:26,595 INFO:   Total train batch size (w. parallel, distributed & accumulation) = 2
2024-12-12 13:56:26,595 INFO:   Total optimization steps = 1250.0
2024-12-12 13:56:37,610 INFO: [dog..][Iter:      10, lr:(9.920e-04,9.920e-06,9.920e-05,)] [eta: 0:20:40] loss: 3.7839e-02 Norm_mean: 3.8202e-01 
2024-12-12 13:56:47,396 INFO: [dog..][Iter:      20, lr:(9.840e-04,9.840e-06,9.840e-05,)] [eta: 0:20:17] loss: 1.9267e-01 Norm_mean: 3.9585e-01 
2024-12-12 13:56:57,290 INFO: [dog..][Iter:      30, lr:(9.760e-04,9.760e-06,9.760e-05,)] [eta: 0:20:07] loss: 2.3667e-01 Norm_mean: 4.0807e-01 
2024-12-12 13:57:07,345 INFO: [dog..][Iter:      40, lr:(9.680e-04,9.680e-06,9.680e-05,)] [eta: 0:20:01] loss: 7.3375e-01 Norm_mean: 4.1978e-01 
2024-12-12 13:57:17,576 INFO: [dog..][Iter:      50, lr:(9.600e-04,9.600e-06,9.600e-05,)] [eta: 0:19:58] loss: 5.9468e-02 Norm_mean: 4.3181e-01 
2024-12-12 13:57:27,975 INFO: [dog..][Iter:      60, lr:(9.520e-04,9.520e-06,9.520e-05,)] [eta: 0:19:56] loss: 6.0802e-01 Norm_mean: 4.4207e-01 
2024-12-12 13:57:38,622 INFO: [dog..][Iter:      70, lr:(9.440e-04,9.440e-06,9.440e-05,)] [eta: 0:19:56] loss: 5.9808e-01 Norm_mean: 4.5067e-01 
2024-12-12 13:57:49,565 INFO: [dog..][Iter:      80, lr:(9.360e-04,9.360e-06,9.360e-05,)] [eta: 0:19:57] loss: 1.7340e-01 Norm_mean: 4.5976e-01 
2024-12-12 13:58:00,784 INFO: [dog..][Iter:      90, lr:(9.280e-04,9.280e-06,9.280e-05,)] [eta: 0:19:59] loss: 2.0431e-02 Norm_mean: 4.6832e-01 
2024-12-12 13:58:11,973 INFO: [dog..][Iter:     100, lr:(9.200e-04,9.200e-06,9.200e-05,)] [eta: 0:19:58] loss: 2.4479e-01 Norm_mean: 4.7657e-01 
2024-12-12 13:58:22,915 INFO: [dog..][Iter:     110, lr:(9.120e-04,9.120e-06,9.120e-05,)] [eta: 0:19:53] loss: 3.8522e-01 Norm_mean: 4.8418e-01 
2024-12-12 13:58:33,661 INFO: [dog..][Iter:     120, lr:(9.040e-04,9.040e-06,9.040e-05,)] [eta: 0:19:45] loss: 6.5091e-01 Norm_mean: 4.9081e-01 
2024-12-12 13:58:44,415 INFO: [dog..][Iter:     130, lr:(8.960e-04,8.960e-06,8.960e-05,)] [eta: 0:19:37] loss: 2.9913e-01 Norm_mean: 4.9696e-01 
2024-12-12 13:58:55,168 INFO: [dog..][Iter:     140, lr:(8.880e-04,8.880e-06,8.880e-05,)] [eta: 0:19:28] loss: 1.5410e+00 Norm_mean: 5.0274e-01 
2024-12-12 13:59:06,026 INFO: [dog..][Iter:     150, lr:(8.800e-04,8.800e-06,8.800e-05,)] [eta: 0:19:20] loss: 1.0005e-01 Norm_mean: 5.0823e-01 
2024-12-12 13:59:16,995 INFO: [dog..][Iter:     160, lr:(8.720e-04,8.720e-06,8.720e-05,)] [eta: 0:19:12] loss: 8.0662e-01 Norm_mean: 5.1466e-01 
2024-12-12 13:59:28,074 INFO: [dog..][Iter:     170, lr:(8.640e-04,8.640e-06,8.640e-05,)] [eta: 0:19:05] loss: 6.4634e-02 Norm_mean: 5.2045e-01 
2024-12-12 13:59:39,114 INFO: [dog..][Iter:     180, lr:(8.560e-04,8.560e-06,8.560e-05,)] [eta: 0:18:57] loss: 4.1910e-02 Norm_mean: 5.2557e-01 
2024-12-12 13:59:50,094 INFO: [dog..][Iter:     190, lr:(8.480e-04,8.480e-06,8.480e-05,)] [eta: 0:18:48] loss: 1.0017e-01 Norm_mean: 5.3079e-01 
2024-12-12 14:00:01,027 INFO: [dog..][Iter:     200, lr:(8.400e-04,8.400e-06,8.400e-05,)] [eta: 0:18:39] loss: 6.3847e-01 Norm_mean: 5.3558e-01 
2024-12-12 14:00:11,947 INFO: [dog..][Iter:     210, lr:(8.320e-04,8.320e-06,8.320e-05,)] [eta: 0:18:29] loss: 6.7055e-01 Norm_mean: 5.4063e-01 
2024-12-12 14:00:22,843 INFO: [dog..][Iter:     220, lr:(8.240e-04,8.240e-06,8.240e-05,)] [eta: 0:18:19] loss: 9.2937e-01 Norm_mean: 5.4603e-01 
2024-12-12 14:00:33,782 INFO: [dog..][Iter:     230, lr:(8.160e-04,8.160e-06,8.160e-05,)] [eta: 0:18:10] loss: 2.7151e-01 Norm_mean: 5.5002e-01 
2024-12-12 14:00:44,748 INFO: [dog..][Iter:     240, lr:(8.080e-04,8.080e-06,8.080e-05,)] [eta: 0:18:00] loss: 9.6722e-01 Norm_mean: 5.5002e-01 
2024-12-12 14:00:55,777 INFO: [dog..][Iter:     250, lr:(8.000e-04,8.000e-06,8.000e-05,)] [eta: 0:17:51] loss: 9.6659e-01 Norm_mean: 5.5002e-01 
2024-12-12 14:01:06,756 INFO: [dog..][Iter:     260, lr:(7.920e-04,7.920e-06,7.920e-05,)] [eta: 0:17:41] loss: 2.9631e-01 Norm_mean: 5.5002e-01 
2024-12-12 14:01:17,704 INFO: [dog..][Iter:     270, lr:(7.840e-04,7.840e-06,7.840e-05,)] [eta: 0:17:31] loss: 5.5733e-01 Norm_mean: 5.5002e-01 
2024-12-12 14:01:28,654 INFO: [dog..][Iter:     280, lr:(7.760e-04,7.760e-06,7.760e-05,)] [eta: 0:17:21] loss: 4.8702e-01 Norm_mean: 5.5002e-01 
2024-12-12 14:01:39,562 INFO: [dog..][Iter:     290, lr:(7.680e-04,7.680e-06,7.680e-05,)] [eta: 0:17:11] loss: 4.6530e-01 Norm_mean: 5.5002e-01 
2024-12-12 14:01:50,446 INFO: [dog..][Iter:     300, lr:(7.600e-04,7.600e-06,7.600e-05,)] [eta: 0:17:01] loss: 3.5667e-01 Norm_mean: 5.5002e-01 
2024-12-12 14:02:01,351 INFO: [dog..][Iter:     310, lr:(7.520e-04,7.520e-06,7.520e-05,)] [eta: 0:16:50] loss: 7.7106e-02 Norm_mean: 5.5002e-01 
2024-12-12 14:02:12,284 INFO: [dog..][Iter:     320, lr:(7.440e-04,7.440e-06,7.440e-05,)] [eta: 0:16:40] loss: 4.2822e-01 Norm_mean: 5.5002e-01 
2024-12-12 14:02:23,199 INFO: [dog..][Iter:     330, lr:(7.360e-04,7.360e-06,7.360e-05,)] [eta: 0:16:30] loss: 1.6098e-01 Norm_mean: 5.5002e-01 
2024-12-12 14:02:34,148 INFO: [dog..][Iter:     340, lr:(7.280e-04,7.280e-06,7.280e-05,)] [eta: 0:16:19] loss: 7.5907e-01 Norm_mean: 5.5002e-01 
2024-12-12 14:02:45,108 INFO: [dog..][Iter:     350, lr:(7.200e-04,7.200e-06,7.200e-05,)] [eta: 0:16:09] loss: 4.3686e-01 Norm_mean: 5.5002e-01 
2024-12-12 14:02:56,120 INFO: [dog..][Iter:     360, lr:(7.120e-04,7.120e-06,7.120e-05,)] [eta: 0:15:59] loss: 4.8514e-01 Norm_mean: 5.5002e-01 
2024-12-12 14:03:07,120 INFO: [dog..][Iter:     370, lr:(7.040e-04,7.040e-06,7.040e-05,)] [eta: 0:15:48] loss: 4.4206e-02 Norm_mean: 5.5002e-01 
2024-12-12 14:03:18,055 INFO: [dog..][Iter:     380, lr:(6.960e-04,6.960e-06,6.960e-05,)] [eta: 0:15:38] loss: 1.8257e-02 Norm_mean: 5.5002e-01 
2024-12-12 14:03:29,018 INFO: [dog..][Iter:     390, lr:(6.880e-04,6.880e-06,6.880e-05,)] [eta: 0:15:28] loss: 8.6870e-01 Norm_mean: 5.5002e-01 
2024-12-12 14:03:39,980 INFO: [dog..][Iter:     400, lr:(6.800e-04,6.800e-06,6.800e-05,)] [eta: 0:15:17] loss: 1.1987e-01 Norm_mean: 5.5002e-01 
2024-12-12 14:03:50,916 INFO: [dog..][Iter:     410, lr:(6.720e-04,6.720e-06,6.720e-05,)] [eta: 0:15:07] loss: 6.1158e-01 Norm_mean: 5.5002e-01 
2024-12-12 14:04:01,878 INFO: [dog..][Iter:     420, lr:(6.640e-04,6.640e-06,6.640e-05,)] [eta: 0:14:56] loss: 3.7871e-01 Norm_mean: 5.5002e-01 
2024-12-12 14:04:12,812 INFO: [dog..][Iter:     430, lr:(6.560e-04,6.560e-06,6.560e-05,)] [eta: 0:14:45] loss: 3.7676e-01 Norm_mean: 5.5002e-01 
2024-12-12 14:04:23,743 INFO: [dog..][Iter:     440, lr:(6.480e-04,6.480e-06,6.480e-05,)] [eta: 0:14:35] loss: 1.4241e-01 Norm_mean: 5.5002e-01 
2024-12-12 14:04:34,727 INFO: [dog..][Iter:     450, lr:(6.400e-04,6.400e-06,6.400e-05,)] [eta: 0:14:24] loss: 3.0828e-01 Norm_mean: 5.5002e-01 
2024-12-12 14:04:45,685 INFO: [dog..][Iter:     460, lr:(6.320e-04,6.320e-06,6.320e-05,)] [eta: 0:14:14] loss: 1.8224e-01 Norm_mean: 5.5002e-01 
2024-12-12 14:04:56,624 INFO: [dog..][Iter:     470, lr:(6.240e-04,6.240e-06,6.240e-05,)] [eta: 0:14:03] loss: 2.6840e-01 Norm_mean: 5.5002e-01 
2024-12-12 14:05:07,591 INFO: [dog..][Iter:     480, lr:(6.160e-04,6.160e-06,6.160e-05,)] [eta: 0:13:52] loss: 3.8384e-01 Norm_mean: 5.5002e-01 
2024-12-12 14:05:18,534 INFO: [dog..][Iter:     490, lr:(6.080e-04,6.080e-06,6.080e-05,)] [eta: 0:13:42] loss: 3.2017e-01 Norm_mean: 5.5002e-01 
2024-12-12 14:05:29,417 INFO: [dog..][Iter:     500, lr:(6.000e-04,6.000e-06,6.000e-05,)] [eta: 0:13:31] loss: 5.8432e-01 Norm_mean: 5.5002e-01 
2024-12-12 14:05:40,296 INFO: [dog..][Iter:     510, lr:(5.920e-04,5.920e-06,5.920e-05,)] [eta: 0:13:20] loss: 7.3019e-01 Norm_mean: 5.5002e-01 
2024-12-12 14:05:51,145 INFO: [dog..][Iter:     520, lr:(5.840e-04,5.840e-06,5.840e-05,)] [eta: 0:13:09] loss: 1.5549e+00 Norm_mean: 5.5002e-01 
2024-12-12 14:06:02,023 INFO: [dog..][Iter:     530, lr:(5.760e-04,5.760e-06,5.760e-05,)] [eta: 0:12:59] loss: 3.1473e-01 Norm_mean: 5.5002e-01 
2024-12-12 14:06:12,959 INFO: [dog..][Iter:     540, lr:(5.680e-04,5.680e-06,5.680e-05,)] [eta: 0:12:48] loss: 6.6899e-01 Norm_mean: 5.5002e-01 
2024-12-12 14:06:23,902 INFO: [dog..][Iter:     550, lr:(5.600e-04,5.600e-06,5.600e-05,)] [eta: 0:12:37] loss: 7.0385e-01 Norm_mean: 5.5002e-01 
2024-12-12 14:06:34,891 INFO: [dog..][Iter:     560, lr:(5.520e-04,5.520e-06,5.520e-05,)] [eta: 0:12:27] loss: 5.7993e-01 Norm_mean: 5.5002e-01 
2024-12-12 14:06:45,844 INFO: [dog..][Iter:     570, lr:(5.440e-04,5.440e-06,5.440e-05,)] [eta: 0:12:16] loss: 1.4459e-01 Norm_mean: 5.5002e-01 
2024-12-12 14:06:56,782 INFO: [dog..][Iter:     580, lr:(5.360e-04,5.360e-06,5.360e-05,)] [eta: 0:12:05] loss: 2.9022e-01 Norm_mean: 5.5002e-01 
2024-12-12 14:07:07,701 INFO: [dog..][Iter:     590, lr:(5.280e-04,5.280e-06,5.280e-05,)] [eta: 0:11:54] loss: 4.3105e-01 Norm_mean: 5.5002e-01 
2024-12-12 14:07:18,657 INFO: [dog..][Iter:     600, lr:(5.200e-04,5.200e-06,5.200e-05,)] [eta: 0:11:44] loss: 7.2403e-01 Norm_mean: 5.5002e-01 
2024-12-12 14:07:29,609 INFO: [dog..][Iter:     610, lr:(5.120e-04,5.120e-06,5.120e-05,)] [eta: 0:11:33] loss: 1.8345e-02 Norm_mean: 5.5002e-01 
2024-12-12 14:07:40,517 INFO: [dog..][Iter:     620, lr:(5.040e-04,5.040e-06,5.040e-05,)] [eta: 0:11:22] loss: 5.6124e-01 Norm_mean: 5.5002e-01 
2024-12-12 14:07:51,459 INFO: [dog..][Iter:     630, lr:(4.960e-04,4.960e-06,4.960e-05,)] [eta: 0:11:11] loss: 7.0713e-01 Norm_mean: 5.5002e-01 
2024-12-12 14:08:02,400 INFO: [dog..][Iter:     640, lr:(4.880e-04,4.880e-06,4.880e-05,)] [eta: 0:11:01] loss: 3.4030e-01 Norm_mean: 5.5002e-01 
2024-12-12 14:08:13,289 INFO: [dog..][Iter:     650, lr:(4.800e-04,4.800e-06,4.800e-05,)] [eta: 0:10:50] loss: 1.1595e+00 Norm_mean: 5.5002e-01 
2024-12-12 14:08:24,186 INFO: [dog..][Iter:     660, lr:(4.720e-04,4.720e-06,4.720e-05,)] [eta: 0:10:39] loss: 2.0222e-01 Norm_mean: 5.5002e-01 
2024-12-12 14:08:35,109 INFO: [dog..][Iter:     670, lr:(4.640e-04,4.640e-06,4.640e-05,)] [eta: 0:10:28] loss: 4.1299e-02 Norm_mean: 5.5002e-01 
2024-12-12 14:08:46,062 INFO: [dog..][Iter:     680, lr:(4.560e-04,4.560e-06,4.560e-05,)] [eta: 0:10:17] loss: 1.0805e+00 Norm_mean: 5.5002e-01 
2024-12-12 14:08:56,991 INFO: [dog..][Iter:     690, lr:(4.480e-04,4.480e-06,4.480e-05,)] [eta: 0:10:07] loss: 2.7394e-01 Norm_mean: 5.5002e-01 
2024-12-12 14:09:07,973 INFO: [dog..][Iter:     700, lr:(4.400e-04,4.400e-06,4.400e-05,)] [eta: 0:09:56] loss: 1.5399e-01 Norm_mean: 5.5002e-01 
2024-12-12 14:09:18,952 INFO: [dog..][Iter:     710, lr:(4.320e-04,4.320e-06,4.320e-05,)] [eta: 0:09:45] loss: 8.7914e-01 Norm_mean: 5.5002e-01 
2024-12-12 14:09:29,850 INFO: [dog..][Iter:     720, lr:(4.240e-04,4.240e-06,4.240e-05,)] [eta: 0:09:34] loss: 3.0907e-01 Norm_mean: 5.5002e-01 
2024-12-12 14:09:40,753 INFO: [dog..][Iter:     730, lr:(4.160e-04,4.160e-06,4.160e-05,)] [eta: 0:09:23] loss: 3.6490e-01 Norm_mean: 5.5002e-01 
2024-12-12 14:09:51,719 INFO: [dog..][Iter:     740, lr:(4.080e-04,4.080e-06,4.080e-05,)] [eta: 0:09:13] loss: 2.2056e-01 Norm_mean: 5.5002e-01 
2024-12-12 14:10:02,666 INFO: [dog..][Iter:     750, lr:(4.000e-04,4.000e-06,4.000e-05,)] [eta: 0:09:02] loss: 7.7182e-02 Norm_mean: 5.5002e-01 
2024-12-12 14:10:13,588 INFO: [dog..][Iter:     760, lr:(3.920e-04,3.920e-06,3.920e-05,)] [eta: 0:08:51] loss: 1.2302e+00 Norm_mean: 5.5002e-01 
2024-12-12 14:10:24,519 INFO: [dog..][Iter:     770, lr:(3.840e-04,3.840e-06,3.840e-05,)] [eta: 0:08:40] loss: 5.6557e-02 Norm_mean: 5.5002e-01 
2024-12-12 14:10:35,473 INFO: [dog..][Iter:     780, lr:(3.760e-04,3.760e-06,3.760e-05,)] [eta: 0:08:29] loss: 6.5242e-02 Norm_mean: 5.5002e-01 
2024-12-12 14:10:46,440 INFO: [dog..][Iter:     790, lr:(3.680e-04,3.680e-06,3.680e-05,)] [eta: 0:08:18] loss: 8.2367e-02 Norm_mean: 5.5002e-01 
2024-12-12 14:10:57,377 INFO: [dog..][Iter:     800, lr:(3.600e-04,3.600e-06,3.600e-05,)] [eta: 0:08:08] loss: 1.9708e-01 Norm_mean: 5.5002e-01 
2024-12-12 14:11:08,365 INFO: [dog..][Iter:     810, lr:(3.520e-04,3.520e-06,3.520e-05,)] [eta: 0:07:57] loss: 4.5673e-01 Norm_mean: 5.5002e-01 
2024-12-12 14:11:19,323 INFO: [dog..][Iter:     820, lr:(3.440e-04,3.440e-06,3.440e-05,)] [eta: 0:07:46] loss: 7.8297e-02 Norm_mean: 5.5002e-01 
2024-12-12 14:11:30,226 INFO: [dog..][Iter:     830, lr:(3.360e-04,3.360e-06,3.360e-05,)] [eta: 0:07:35] loss: 1.2033e+00 Norm_mean: 5.5002e-01 
2024-12-12 14:11:41,137 INFO: [dog..][Iter:     840, lr:(3.280e-04,3.280e-06,3.280e-05,)] [eta: 0:07:24] loss: 8.2511e-02 Norm_mean: 5.5002e-01 
2024-12-12 14:11:52,021 INFO: [dog..][Iter:     850, lr:(3.200e-04,3.200e-06,3.200e-05,)] [eta: 0:07:13] loss: 1.4894e+00 Norm_mean: 5.5002e-01 
2024-12-12 14:12:02,915 INFO: [dog..][Iter:     860, lr:(3.120e-04,3.120e-06,3.120e-05,)] [eta: 0:07:03] loss: 9.3089e-02 Norm_mean: 5.5002e-01 
2024-12-12 14:12:13,799 INFO: [dog..][Iter:     870, lr:(3.040e-04,3.040e-06,3.040e-05,)] [eta: 0:06:52] loss: 7.4064e-01 Norm_mean: 5.5002e-01 
2024-12-12 14:12:24,672 INFO: [dog..][Iter:     880, lr:(2.960e-04,2.960e-06,2.960e-05,)] [eta: 0:06:41] loss: 2.3918e-01 Norm_mean: 5.5002e-01 
2024-12-12 14:12:35,542 INFO: [dog..][Iter:     890, lr:(2.880e-04,2.880e-06,2.880e-05,)] [eta: 0:06:30] loss: 8.8578e-01 Norm_mean: 5.5002e-01 
2024-12-12 14:12:46,399 INFO: [dog..][Iter:     900, lr:(2.800e-04,2.800e-06,2.800e-05,)] [eta: 0:06:19] loss: 1.2369e+00 Norm_mean: 5.5002e-01 
2024-12-12 14:12:57,288 INFO: [dog..][Iter:     910, lr:(2.720e-04,2.720e-06,2.720e-05,)] [eta: 0:06:08] loss: 6.7291e-01 Norm_mean: 5.5002e-01 
2024-12-12 14:13:08,211 INFO: [dog..][Iter:     920, lr:(2.640e-04,2.640e-06,2.640e-05,)] [eta: 0:05:57] loss: 1.5418e-01 Norm_mean: 5.5002e-01 
2024-12-12 14:13:19,139 INFO: [dog..][Iter:     930, lr:(2.560e-04,2.560e-06,2.560e-05,)] [eta: 0:05:46] loss: 7.6040e-01 Norm_mean: 5.5002e-01 
2024-12-12 14:13:30,066 INFO: [dog..][Iter:     940, lr:(2.480e-04,2.480e-06,2.480e-05,)] [eta: 0:05:36] loss: 1.2920e+00 Norm_mean: 5.5002e-01 
2024-12-12 14:13:40,973 INFO: [dog..][Iter:     950, lr:(2.400e-04,2.400e-06,2.400e-05,)] [eta: 0:05:25] loss: 3.8790e-01 Norm_mean: 5.5002e-01 
2024-12-12 14:13:51,889 INFO: [dog..][Iter:     960, lr:(2.320e-04,2.320e-06,2.320e-05,)] [eta: 0:05:14] loss: 1.9149e-02 Norm_mean: 5.5002e-01 
2024-12-12 14:14:02,855 INFO: [dog..][Iter:     970, lr:(2.240e-04,2.240e-06,2.240e-05,)] [eta: 0:05:03] loss: 6.3441e-01 Norm_mean: 5.5002e-01 
2024-12-12 14:14:13,823 INFO: [dog..][Iter:     980, lr:(2.160e-04,2.160e-06,2.160e-05,)] [eta: 0:04:52] loss: 1.4297e+00 Norm_mean: 5.5002e-01 
2024-12-12 14:14:24,753 INFO: [dog..][Iter:     990, lr:(2.080e-04,2.080e-06,2.080e-05,)] [eta: 0:04:41] loss: 1.2414e-01 Norm_mean: 5.5002e-01 
2024-12-12 14:14:35,619 INFO: [dog..][Iter:   1,000, lr:(2.000e-04,2.000e-06,2.000e-05,)] [eta: 0:04:30] loss: 2.6092e-01 Norm_mean: 5.5002e-01 
2024-12-12 14:14:46,527 INFO: [dog..][Iter:   1,010, lr:(1.920e-04,1.920e-06,1.920e-05,)] [eta: 0:04:20] loss: 5.6583e-02 Norm_mean: 5.5002e-01 
2024-12-12 14:14:57,412 INFO: [dog..][Iter:   1,020, lr:(1.840e-04,1.840e-06,1.840e-05,)] [eta: 0:04:09] loss: 9.7275e-01 Norm_mean: 5.5002e-01 
2024-12-12 14:15:08,317 INFO: [dog..][Iter:   1,030, lr:(1.760e-04,1.760e-06,1.760e-05,)] [eta: 0:03:58] loss: 4.7689e-02 Norm_mean: 5.5002e-01 
2024-12-12 14:15:19,195 INFO: [dog..][Iter:   1,040, lr:(1.680e-04,1.680e-06,1.680e-05,)] [eta: 0:03:47] loss: 1.2217e+00 Norm_mean: 5.5002e-01 
2024-12-12 14:15:30,067 INFO: [dog..][Iter:   1,050, lr:(1.600e-04,1.600e-06,1.600e-05,)] [eta: 0:03:36] loss: 2.6527e-01 Norm_mean: 5.5002e-01 
2024-12-12 14:15:40,966 INFO: [dog..][Iter:   1,060, lr:(1.520e-04,1.520e-06,1.520e-05,)] [eta: 0:03:25] loss: 6.0668e-01 Norm_mean: 5.5002e-01 
2024-12-12 14:15:51,918 INFO: [dog..][Iter:   1,070, lr:(1.440e-04,1.440e-06,1.440e-05,)] [eta: 0:03:14] loss: 7.6654e-01 Norm_mean: 5.5002e-01 
2024-12-12 14:16:02,871 INFO: [dog..][Iter:   1,080, lr:(1.360e-04,1.360e-06,1.360e-05,)] [eta: 0:03:03] loss: 2.0695e+00 Norm_mean: 5.5002e-01 
2024-12-12 14:16:13,847 INFO: [dog..][Iter:   1,090, lr:(1.280e-04,1.280e-06,1.280e-05,)] [eta: 0:02:53] loss: 2.1185e-02 Norm_mean: 5.5002e-01 
2024-12-12 14:16:24,734 INFO: [dog..][Iter:   1,100, lr:(1.200e-04,1.200e-06,1.200e-05,)] [eta: 0:02:42] loss: 6.2151e-02 Norm_mean: 5.5002e-01 
2024-12-12 14:16:35,604 INFO: [dog..][Iter:   1,110, lr:(1.120e-04,1.120e-06,1.120e-05,)] [eta: 0:02:31] loss: 9.9705e-02 Norm_mean: 5.5002e-01 
2024-12-12 14:16:46,461 INFO: [dog..][Iter:   1,120, lr:(1.040e-04,1.040e-06,1.040e-05,)] [eta: 0:02:20] loss: 5.2883e-01 Norm_mean: 5.5002e-01 
2024-12-12 14:16:57,334 INFO: [dog..][Iter:   1,130, lr:(9.600e-05,9.600e-07,9.600e-06,)] [eta: 0:02:09] loss: 4.7282e-01 Norm_mean: 5.5002e-01 
2024-12-12 14:17:08,218 INFO: [dog..][Iter:   1,140, lr:(8.800e-05,8.800e-07,8.800e-06,)] [eta: 0:01:58] loss: 7.3417e-02 Norm_mean: 5.5002e-01 
2024-12-12 14:17:19,096 INFO: [dog..][Iter:   1,150, lr:(8.000e-05,8.000e-07,8.000e-06,)] [eta: 0:01:47] loss: 7.3164e-01 Norm_mean: 5.5002e-01 
2024-12-12 14:17:29,991 INFO: [dog..][Iter:   1,160, lr:(7.200e-05,7.200e-07,7.200e-06,)] [eta: 0:01:36] loss: 1.7907e-01 Norm_mean: 5.5002e-01 
2024-12-12 14:17:40,832 INFO: [dog..][Iter:   1,170, lr:(6.400e-05,6.400e-07,6.400e-06,)] [eta: 0:01:25] loss: 1.9078e-01 Norm_mean: 5.5002e-01 
2024-12-12 14:17:51,708 INFO: [dog..][Iter:   1,180, lr:(5.600e-05,5.600e-07,5.600e-06,)] [eta: 0:01:15] loss: 4.2122e-01 Norm_mean: 5.5002e-01 
2024-12-12 14:18:02,586 INFO: [dog..][Iter:   1,190, lr:(4.800e-05,4.800e-07,4.800e-06,)] [eta: 0:01:04] loss: 6.6618e-01 Norm_mean: 5.5002e-01 
2024-12-12 14:18:13,474 INFO: [dog..][Iter:   1,200, lr:(4.000e-05,4.000e-07,4.000e-06,)] [eta: 0:00:53] loss: 2.9747e-01 Norm_mean: 5.5002e-01 
2024-12-12 14:18:24,348 INFO: [dog..][Iter:   1,210, lr:(3.200e-05,3.200e-07,3.200e-06,)] [eta: 0:00:42] loss: 1.1093e+00 Norm_mean: 5.5002e-01 
2024-12-12 14:18:35,207 INFO: [dog..][Iter:   1,220, lr:(2.400e-05,2.400e-07,2.400e-06,)] [eta: 0:00:31] loss: 2.8647e-01 Norm_mean: 5.5002e-01 
2024-12-12 14:18:46,188 INFO: [dog..][Iter:   1,230, lr:(1.600e-05,1.600e-07,1.600e-06,)] [eta: 0:00:20] loss: 2.5820e+00 Norm_mean: 5.5002e-01 
2024-12-12 14:18:57,090 INFO: [dog..][Iter:   1,240, lr:(8.000e-06,8.000e-08,8.000e-07,)] [eta: 0:00:09] loss: 6.0863e-02 Norm_mean: 5.5002e-01 
2024-12-12 14:19:07,992 INFO: [dog..][Iter:   1,250, lr:(0.000e+00,0.000e+00,0.000e+00,)] [eta: -1 day, 23:59:59] loss: 1.5870e+00 Norm_mean: 5.5002e-01 
2024-12-12 14:19:08,028 INFO: Save state to /content/dlcv_final/Concept-Conductor/experiments/dog/models/edlora_model-latest.pth
2024-12-12 14:19:08,028 INFO: Start validation /content/dlcv_final/Concept-Conductor/experiments/dog/models/edlora_model-latest.pth:
