2024-12-13 14:31:34,046 INFO: Distributed environment: NO
Num processes: 1
Process index: 0
Local process index: 0
Device: cuda

Mixed precision type: fp16

2024-12-13 14:31:34,046 INFO: 
  name: wearable_glasses
  manual_seed: 0
  mixed_precision: fp16
  gradient_accumulation_steps: 1
  datasets:[
    train:[
      name: LoraDataset
      concept_list: Data/jsons/wearable_glasses.json
      use_caption: True
      use_mask: True
      instance_transform: [{'type': 'HumanResizeCropFinalV3', 'size': 512, 'crop_p': 0.5}, {'type': 'ToTensor'}, {'type': 'Normalize', 'mean': [0.5], 'std': [0.5]}, {'type': 'ShuffleCaption', 'keep_token_num': 1}, {'type': 'EnhanceText', 'enhance_type': 'object'}]
      replace_mapping:[
        <TOK>: <wearable_glasses_1> <wearable_glasses_2>
      ]
      batch_size_per_gpu: 2
      dataset_enlarge_ratio: 500
    ]
    val_vis:[
      name: PromptDataset
      prompts: Data/val.txt
      num_samples_per_prompt: 1
      latent_size: [4, 64, 64]
      replace_mapping:[
        <TOK>: <wearable_glasses_1> <wearable_glasses_2>
      ]
      batch_size_per_gpu: 4
    ]
  ]
  models:[
    pretrained_path: experiments/pretrained_models/chilloutmix
    enable_edlora: True
    finetune_cfg:[
      text_embedding:[
        enable_tuning: True
        lr: 0.001
      ]
      text_encoder:[
        enable_tuning: True
        lora_cfg:[
          rank: 4
          alpha: 1
          where: CLIPAttention
        ]
        lr: 1e-05
      ]
      unet:[
        enable_tuning: True
        lora_cfg:[
          rank: 4
          alpha: 1
          where: Attention
        ]
        lr: 0.0001
      ]
    ]
    new_concept_token: <wearable_glasses_1>+<wearable_glasses_2>
    noise_offset: 0.01
    initializer_token: <rand-0.013>+glasses
    attn_reg_weight: 0.01
    reg_full_identity: False
    use_mask_loss: True
    gradient_checkpoint: False
    enable_xformers: True
  ]
  path:[
    pretrain_network: None
    experiments_root: /home/iampoo/dlcv2024/final/Concept-Conductor/experiments/wearable_glasses
    models: /home/iampoo/dlcv2024/final/Concept-Conductor/experiments/wearable_glasses/models
    log: /home/iampoo/dlcv2024/final/Concept-Conductor/experiments/wearable_glasses
    visualization: /home/iampoo/dlcv2024/final/Concept-Conductor/experiments/wearable_glasses/visualization
  ]
  train:[
    optim_g:[
      type: AdamW
      lr: 0.0
      weight_decay: 0.01
      betas: [0.9, 0.999]
    ]
    unet_kv_drop_rate: 0
    scheduler: linear
    emb_norm_threshold: 0.55
  ]
  val:[
    val_during_save: True
    compose_visualize: True
    alpha_list: [0, 0.7, 1.0]
    sample:[
      num_inference_steps: 50
      guidance_scale: 7.5
    ]
  ]
  logger:[
    print_freq: 10
    save_checkpoint_freq: 10000.0
  ]
  is_train: True

2024-12-13 14:31:35,572 INFO: <wearable_glasses_1> (49408-49423) is random initialized by: <rand-0.013>
2024-12-13 14:31:35,853 INFO: <wearable_glasses_2> (49424-49439) is random initialized by existing token (glasses): 6116
2024-12-13 14:31:35,857 INFO: optimizing embedding using lr: 0.001
2024-12-13 14:31:35,857 INFO: optimizing text_encoder (0 LoRAs), using lr: 1e-05
2024-12-13 14:31:35,868 INFO: optimizing unet (128 LoRAs), using lr: 0.0001
2024-12-13 14:31:36,358 INFO: ***** Running training *****
2024-12-13 14:31:36,358 INFO:   Num examples = 2500
2024-12-13 14:31:36,358 INFO:   Instantaneous batch size per device = 2
2024-12-13 14:31:36,358 INFO:   Total train batch size (w. parallel, distributed & accumulation) = 2
2024-12-13 14:31:36,358 INFO:   Total optimization steps = 1250.0
2024-12-13 14:31:41,543 INFO: [weara..][Iter:      10, lr:(9.920e-04,9.920e-06,9.920e-05,)] [eta: 0:09:44] loss: 3.9339e-02 Norm_mean: 3.9756e-01 
2024-12-13 14:31:46,041 INFO: [weara..][Iter:      20, lr:(9.840e-04,9.840e-06,9.840e-05,)] [eta: 0:09:26] loss: 2.2540e-01 Norm_mean: 4.1079e-01 
2024-12-13 14:31:50,646 INFO: [weara..][Iter:      30, lr:(9.760e-04,9.760e-06,9.760e-05,)] [eta: 0:09:21] loss: 2.9423e-01 Norm_mean: 4.2249e-01 
2024-12-13 14:31:55,137 INFO: [weara..][Iter:      40, lr:(9.680e-04,9.680e-06,9.680e-05,)] [eta: 0:09:13] loss: 5.3226e-01 Norm_mean: 4.3352e-01 
2024-12-13 14:31:59,731 INFO: [weara..][Iter:      50, lr:(9.600e-04,9.600e-06,9.600e-05,)] [eta: 0:09:09] loss: 7.2830e-02 Norm_mean: 4.4311e-01 
2024-12-13 14:32:04,322 INFO: [weara..][Iter:      60, lr:(9.520e-04,9.520e-06,9.520e-05,)] [eta: 0:09:05] loss: 5.7316e-01 Norm_mean: 4.5384e-01 
2024-12-13 14:32:08,876 INFO: [weara..][Iter:      70, lr:(9.440e-04,9.440e-06,9.440e-05,)] [eta: 0:08:59] loss: 4.8751e-01 Norm_mean: 4.6353e-01 
2024-12-13 14:32:13,402 INFO: [weara..][Iter:      80, lr:(9.360e-04,9.360e-06,9.360e-05,)] [eta: 0:08:54] loss: 1.7082e-01 Norm_mean: 4.7213e-01 
2024-12-13 14:32:17,978 INFO: [weara..][Iter:      90, lr:(9.280e-04,9.280e-06,9.280e-05,)] [eta: 0:08:50] loss: 2.2022e-02 Norm_mean: 4.7886e-01 
2024-12-13 14:32:22,489 INFO: [weara..][Iter:     100, lr:(9.200e-04,9.200e-06,9.200e-05,)] [eta: 0:08:44] loss: 2.9688e-01 Norm_mean: 4.8450e-01 
2024-12-13 14:32:27,109 INFO: [weara..][Iter:     110, lr:(9.120e-04,9.120e-06,9.120e-05,)] [eta: 0:08:40] loss: 3.5926e-01 Norm_mean: 4.9010e-01 
2024-12-13 14:32:31,663 INFO: [weara..][Iter:     120, lr:(9.040e-04,9.040e-06,9.040e-05,)] [eta: 0:08:36] loss: 6.2808e-01 Norm_mean: 4.9584e-01 
2024-12-13 14:32:36,075 INFO: [weara..][Iter:     130, lr:(8.960e-04,8.960e-06,8.960e-05,)] [eta: 0:08:30] loss: 2.4713e-01 Norm_mean: 5.0183e-01 
2024-12-13 14:32:40,625 INFO: [weara..][Iter:     140, lr:(8.880e-04,8.880e-06,8.880e-05,)] [eta: 0:08:25] loss: 1.5883e+00 Norm_mean: 5.0791e-01 
2024-12-13 14:32:45,356 INFO: [weara..][Iter:     150, lr:(8.800e-04,8.800e-06,8.800e-05,)] [eta: 0:08:22] loss: 1.1482e-01 Norm_mean: 5.1410e-01 
2024-12-13 14:32:49,876 INFO: [weara..][Iter:     160, lr:(8.720e-04,8.720e-06,8.720e-05,)] [eta: 0:08:17] loss: 7.1082e-01 Norm_mean: 5.1971e-01 
2024-12-13 14:32:54,386 INFO: [weara..][Iter:     170, lr:(8.640e-04,8.640e-06,8.640e-05,)] [eta: 0:08:12] loss: 7.7071e-02 Norm_mean: 5.2396e-01 
2024-12-13 14:32:59,103 INFO: [weara..][Iter:     180, lr:(8.560e-04,8.560e-06,8.560e-05,)] [eta: 0:08:08] loss: 4.2859e-02 Norm_mean: 5.2737e-01 
2024-12-13 14:33:03,707 INFO: [weara..][Iter:     190, lr:(8.480e-04,8.480e-06,8.480e-05,)] [eta: 0:08:04] loss: 9.6227e-02 Norm_mean: 5.3151e-01 
2024-12-13 14:33:08,295 INFO: [weara..][Iter:     200, lr:(8.400e-04,8.400e-06,8.400e-05,)] [eta: 0:07:59] loss: 4.8958e-01 Norm_mean: 5.3555e-01 
2024-12-13 14:33:12,884 INFO: [weara..][Iter:     210, lr:(8.320e-04,8.320e-06,8.320e-05,)] [eta: 0:07:55] loss: 7.3316e-01 Norm_mean: 5.3948e-01 
2024-12-13 14:33:17,474 INFO: [weara..][Iter:     220, lr:(8.240e-04,8.240e-06,8.240e-05,)] [eta: 0:07:50] loss: 7.6230e-01 Norm_mean: 5.4318e-01 
2024-12-13 14:33:22,033 INFO: [weara..][Iter:     230, lr:(8.160e-04,8.160e-06,8.160e-05,)] [eta: 0:07:46] loss: 1.8670e-01 Norm_mean: 5.4662e-01 
2024-12-13 14:33:26,656 INFO: [weara..][Iter:     240, lr:(8.080e-04,8.080e-06,8.080e-05,)] [eta: 0:07:41] loss: 8.9022e-01 Norm_mean: 5.5028e-01 
2024-12-13 14:33:31,164 INFO: [weara..][Iter:     250, lr:(8.000e-04,8.000e-06,8.000e-05,)] [eta: 0:07:36] loss: 7.1328e-01 Norm_mean: 5.5028e-01 
2024-12-13 14:33:35,746 INFO: [weara..][Iter:     260, lr:(7.920e-04,7.920e-06,7.920e-05,)] [eta: 0:07:32] loss: 2.9225e-01 Norm_mean: 5.5028e-01 
2024-12-13 14:33:40,415 INFO: [weara..][Iter:     270, lr:(7.840e-04,7.840e-06,7.840e-05,)] [eta: 0:07:28] loss: 5.3679e-01 Norm_mean: 5.5028e-01 
2024-12-13 14:33:44,967 INFO: [weara..][Iter:     280, lr:(7.760e-04,7.760e-06,7.760e-05,)] [eta: 0:07:23] loss: 3.5842e-01 Norm_mean: 5.5028e-01 
2024-12-13 14:33:49,648 INFO: [weara..][Iter:     290, lr:(7.680e-04,7.680e-06,7.680e-05,)] [eta: 0:07:19] loss: 4.1309e-01 Norm_mean: 5.5028e-01 
2024-12-13 14:33:54,267 INFO: [weara..][Iter:     300, lr:(7.600e-04,7.600e-06,7.600e-05,)] [eta: 0:07:14] loss: 2.7029e-01 Norm_mean: 5.5028e-01 
2024-12-13 14:33:59,028 INFO: [weara..][Iter:     310, lr:(7.520e-04,7.520e-06,7.520e-05,)] [eta: 0:07:10] loss: 8.3763e-02 Norm_mean: 5.5028e-01 
2024-12-13 14:34:03,643 INFO: [weara..][Iter:     320, lr:(7.440e-04,7.440e-06,7.440e-05,)] [eta: 0:07:06] loss: 4.2717e-01 Norm_mean: 5.5028e-01 
2024-12-13 14:34:08,195 INFO: [weara..][Iter:     330, lr:(7.360e-04,7.360e-06,7.360e-05,)] [eta: 0:07:01] loss: 1.7223e-01 Norm_mean: 5.5028e-01 
2024-12-13 14:34:12,814 INFO: [weara..][Iter:     340, lr:(7.280e-04,7.280e-06,7.280e-05,)] [eta: 0:06:57] loss: 6.5566e-01 Norm_mean: 5.5028e-01 
2024-12-13 14:34:17,365 INFO: [weara..][Iter:     350, lr:(7.200e-04,7.200e-06,7.200e-05,)] [eta: 0:06:52] loss: 3.7752e-01 Norm_mean: 5.5028e-01 
2024-12-13 14:34:22,050 INFO: [weara..][Iter:     360, lr:(7.120e-04,7.120e-06,7.120e-05,)] [eta: 0:06:48] loss: 4.7624e-01 Norm_mean: 5.5028e-01 
2024-12-13 14:34:26,654 INFO: [weara..][Iter:     370, lr:(7.040e-04,7.040e-06,7.040e-05,)] [eta: 0:06:43] loss: 4.7109e-02 Norm_mean: 5.5028e-01 
2024-12-13 14:34:31,228 INFO: [weara..][Iter:     380, lr:(6.960e-04,6.960e-06,6.960e-05,)] [eta: 0:06:38] loss: 2.2124e-02 Norm_mean: 5.5028e-01 
2024-12-13 14:34:35,823 INFO: [weara..][Iter:     390, lr:(6.880e-04,6.880e-06,6.880e-05,)] [eta: 0:06:34] loss: 6.1844e-01 Norm_mean: 5.5028e-01 
2024-12-13 14:34:40,531 INFO: [weara..][Iter:     400, lr:(6.800e-04,6.800e-06,6.800e-05,)] [eta: 0:06:29] loss: 1.2232e-01 Norm_mean: 5.5028e-01 
2024-12-13 14:34:45,077 INFO: [weara..][Iter:     410, lr:(6.720e-04,6.720e-06,6.720e-05,)] [eta: 0:06:25] loss: 4.9788e-01 Norm_mean: 5.5028e-01 
2024-12-13 14:34:49,682 INFO: [weara..][Iter:     420, lr:(6.640e-04,6.640e-06,6.640e-05,)] [eta: 0:06:20] loss: 5.0643e-01 Norm_mean: 5.5028e-01 
2024-12-13 14:34:54,187 INFO: [weara..][Iter:     430, lr:(6.560e-04,6.560e-06,6.560e-05,)] [eta: 0:06:15] loss: 3.2341e-01 Norm_mean: 5.5028e-01 
2024-12-13 14:34:58,849 INFO: [weara..][Iter:     440, lr:(6.480e-04,6.480e-06,6.480e-05,)] [eta: 0:06:11] loss: 1.2542e-01 Norm_mean: 5.5028e-01 
2024-12-13 14:35:03,391 INFO: [weara..][Iter:     450, lr:(6.400e-04,6.400e-06,6.400e-05,)] [eta: 0:06:06] loss: 2.3312e-01 Norm_mean: 5.5028e-01 
2024-12-13 14:35:07,989 INFO: [weara..][Iter:     460, lr:(6.320e-04,6.320e-06,6.320e-05,)] [eta: 0:06:02] loss: 1.5404e-01 Norm_mean: 5.5028e-01 
2024-12-13 14:35:12,608 INFO: [weara..][Iter:     470, lr:(6.240e-04,6.240e-06,6.240e-05,)] [eta: 0:05:57] loss: 2.4447e-01 Norm_mean: 5.5028e-01 
2024-12-13 14:35:17,091 INFO: [weara..][Iter:     480, lr:(6.160e-04,6.160e-06,6.160e-05,)] [eta: 0:05:52] loss: 2.9766e-01 Norm_mean: 5.5028e-01 
2024-12-13 14:35:21,643 INFO: [weara..][Iter:     490, lr:(6.080e-04,6.080e-06,6.080e-05,)] [eta: 0:05:48] loss: 3.2033e-01 Norm_mean: 5.5028e-01 
2024-12-13 14:35:26,334 INFO: [weara..][Iter:     500, lr:(6.000e-04,6.000e-06,6.000e-05,)] [eta: 0:05:43] loss: 7.8954e-01 Norm_mean: 5.5028e-01 
2024-12-13 14:35:30,823 INFO: [weara..][Iter:     510, lr:(5.920e-04,5.920e-06,5.920e-05,)] [eta: 0:05:39] loss: 6.2479e-01 Norm_mean: 5.5028e-01 
2024-12-13 14:35:35,402 INFO: [weara..][Iter:     520, lr:(5.840e-04,5.840e-06,5.840e-05,)] [eta: 0:05:34] loss: 1.1417e+00 Norm_mean: 5.5028e-01 
2024-12-13 14:35:40,087 INFO: [weara..][Iter:     530, lr:(5.760e-04,5.760e-06,5.760e-05,)] [eta: 0:05:30] loss: 2.1517e-01 Norm_mean: 5.5028e-01 
2024-12-13 14:35:44,668 INFO: [weara..][Iter:     540, lr:(5.680e-04,5.680e-06,5.680e-05,)] [eta: 0:05:25] loss: 5.7039e-01 Norm_mean: 5.5028e-01 
2024-12-13 14:35:49,254 INFO: [weara..][Iter:     550, lr:(5.600e-04,5.600e-06,5.600e-05,)] [eta: 0:05:20] loss: 5.5298e-01 Norm_mean: 5.5028e-01 
2024-12-13 14:35:53,861 INFO: [weara..][Iter:     560, lr:(5.520e-04,5.520e-06,5.520e-05,)] [eta: 0:05:16] loss: 5.1254e-01 Norm_mean: 5.5028e-01 
2024-12-13 14:35:58,538 INFO: [weara..][Iter:     570, lr:(5.440e-04,5.440e-06,5.440e-05,)] [eta: 0:05:11] loss: 1.3462e-01 Norm_mean: 5.5028e-01 
2024-12-13 14:36:03,107 INFO: [weara..][Iter:     580, lr:(5.360e-04,5.360e-06,5.360e-05,)] [eta: 0:05:07] loss: 2.9950e-01 Norm_mean: 5.5028e-01 
2024-12-13 14:36:07,681 INFO: [weara..][Iter:     590, lr:(5.280e-04,5.280e-06,5.280e-05,)] [eta: 0:05:02] loss: 3.7190e-01 Norm_mean: 5.5028e-01 
2024-12-13 14:36:12,200 INFO: [weara..][Iter:     600, lr:(5.200e-04,5.200e-06,5.200e-05,)] [eta: 0:04:57] loss: 4.8051e-01 Norm_mean: 5.5028e-01 
2024-12-13 14:36:16,687 INFO: [weara..][Iter:     610, lr:(5.120e-04,5.120e-06,5.120e-05,)] [eta: 0:04:53] loss: 2.0210e-02 Norm_mean: 5.5028e-01 
2024-12-13 14:36:21,427 INFO: [weara..][Iter:     620, lr:(5.040e-04,5.040e-06,5.040e-05,)] [eta: 0:04:48] loss: 5.5339e-01 Norm_mean: 5.5028e-01 
2024-12-13 14:36:25,919 INFO: [weara..][Iter:     630, lr:(4.960e-04,4.960e-06,4.960e-05,)] [eta: 0:04:44] loss: 5.8683e-01 Norm_mean: 5.5028e-01 
2024-12-13 14:36:30,502 INFO: [weara..][Iter:     640, lr:(4.880e-04,4.880e-06,4.880e-05,)] [eta: 0:04:39] loss: 3.3889e-01 Norm_mean: 5.5028e-01 
2024-12-13 14:36:35,153 INFO: [weara..][Iter:     650, lr:(4.800e-04,4.800e-06,4.800e-05,)] [eta: 0:04:34] loss: 1.0073e+00 Norm_mean: 5.5028e-01 
2024-12-13 14:36:39,762 INFO: [weara..][Iter:     660, lr:(4.720e-04,4.720e-06,4.720e-05,)] [eta: 0:04:30] loss: 2.5497e-01 Norm_mean: 5.5028e-01 
2024-12-13 14:36:44,252 INFO: [weara..][Iter:     670, lr:(4.640e-04,4.640e-06,4.640e-05,)] [eta: 0:04:25] loss: 4.1509e-02 Norm_mean: 5.5028e-01 
2024-12-13 14:36:48,925 INFO: [weara..][Iter:     680, lr:(4.560e-04,4.560e-06,4.560e-05,)] [eta: 0:04:21] loss: 8.9339e-01 Norm_mean: 5.5028e-01 
2024-12-13 14:36:53,478 INFO: [weara..][Iter:     690, lr:(4.480e-04,4.480e-06,4.480e-05,)] [eta: 0:04:16] loss: 2.5690e-01 Norm_mean: 5.5028e-01 
2024-12-13 14:36:58,063 INFO: [weara..][Iter:     700, lr:(4.400e-04,4.400e-06,4.400e-05,)] [eta: 0:04:11] loss: 1.4785e-01 Norm_mean: 5.5028e-01 
2024-12-13 14:37:02,573 INFO: [weara..][Iter:     710, lr:(4.320e-04,4.320e-06,4.320e-05,)] [eta: 0:04:07] loss: 9.4945e-01 Norm_mean: 5.5028e-01 
2024-12-13 14:37:07,179 INFO: [weara..][Iter:     720, lr:(4.240e-04,4.240e-06,4.240e-05,)] [eta: 0:04:02] loss: 3.2451e-01 Norm_mean: 5.5028e-01 
2024-12-13 14:37:11,788 INFO: [weara..][Iter:     730, lr:(4.160e-04,4.160e-06,4.160e-05,)] [eta: 0:03:58] loss: 4.8955e-01 Norm_mean: 5.5028e-01 
2024-12-13 14:37:16,526 INFO: [weara..][Iter:     740, lr:(4.080e-04,4.080e-06,4.080e-05,)] [eta: 0:03:53] loss: 2.0061e-01 Norm_mean: 5.5028e-01 
2024-12-13 14:37:21,119 INFO: [weara..][Iter:     750, lr:(4.000e-04,4.000e-06,4.000e-05,)] [eta: 0:03:49] loss: 8.9577e-02 Norm_mean: 5.5028e-01 
2024-12-13 14:37:25,842 INFO: [weara..][Iter:     760, lr:(3.920e-04,3.920e-06,3.920e-05,)] [eta: 0:03:44] loss: 9.6883e-01 Norm_mean: 5.5028e-01 
2024-12-13 14:37:30,376 INFO: [weara..][Iter:     770, lr:(3.840e-04,3.840e-06,3.840e-05,)] [eta: 0:03:39] loss: 5.4652e-02 Norm_mean: 5.5028e-01 
2024-12-13 14:37:34,983 INFO: [weara..][Iter:     780, lr:(3.760e-04,3.760e-06,3.760e-05,)] [eta: 0:03:35] loss: 7.1630e-02 Norm_mean: 5.5028e-01 
2024-12-13 14:37:39,553 INFO: [weara..][Iter:     790, lr:(3.680e-04,3.680e-06,3.680e-05,)] [eta: 0:03:30] loss: 6.7001e-02 Norm_mean: 5.5028e-01 
2024-12-13 14:37:44,222 INFO: [weara..][Iter:     800, lr:(3.600e-04,3.600e-06,3.600e-05,)] [eta: 0:03:26] loss: 2.1437e-01 Norm_mean: 5.5028e-01 
2024-12-13 14:37:48,706 INFO: [weara..][Iter:     810, lr:(3.520e-04,3.520e-06,3.520e-05,)] [eta: 0:03:21] loss: 4.4976e-01 Norm_mean: 5.5028e-01 
2024-12-13 14:37:53,202 INFO: [weara..][Iter:     820, lr:(3.440e-04,3.440e-06,3.440e-05,)] [eta: 0:03:16] loss: 7.8306e-02 Norm_mean: 5.5028e-01 
2024-12-13 14:37:57,736 INFO: [weara..][Iter:     830, lr:(3.360e-04,3.360e-06,3.360e-05,)] [eta: 0:03:12] loss: 1.0633e+00 Norm_mean: 5.5028e-01 
2024-12-13 14:38:02,277 INFO: [weara..][Iter:     840, lr:(3.280e-04,3.280e-06,3.280e-05,)] [eta: 0:03:07] loss: 9.0965e-02 Norm_mean: 5.5028e-01 
2024-12-13 14:38:06,799 INFO: [weara..][Iter:     850, lr:(3.200e-04,3.200e-06,3.200e-05,)] [eta: 0:03:03] loss: 1.1494e+00 Norm_mean: 5.5028e-01 
2024-12-13 14:38:11,308 INFO: [weara..][Iter:     860, lr:(3.120e-04,3.120e-06,3.120e-05,)] [eta: 0:02:58] loss: 1.0235e-01 Norm_mean: 5.5028e-01 
2024-12-13 14:38:15,894 INFO: [weara..][Iter:     870, lr:(3.040e-04,3.040e-06,3.040e-05,)] [eta: 0:02:53] loss: 6.6396e-01 Norm_mean: 5.5028e-01 
2024-12-13 14:38:20,485 INFO: [weara..][Iter:     880, lr:(2.960e-04,2.960e-06,2.960e-05,)] [eta: 0:02:49] loss: 2.1673e-01 Norm_mean: 5.5028e-01 
2024-12-13 14:38:25,302 INFO: [weara..][Iter:     890, lr:(2.880e-04,2.880e-06,2.880e-05,)] [eta: 0:02:44] loss: 7.0085e-01 Norm_mean: 5.5028e-01 
2024-12-13 14:38:29,872 INFO: [weara..][Iter:     900, lr:(2.800e-04,2.800e-06,2.800e-05,)] [eta: 0:02:40] loss: 9.7977e-01 Norm_mean: 5.5028e-01 
2024-12-13 14:38:34,585 INFO: [weara..][Iter:     910, lr:(2.720e-04,2.720e-06,2.720e-05,)] [eta: 0:02:35] loss: 5.8919e-01 Norm_mean: 5.5028e-01 
2024-12-13 14:38:39,342 INFO: [weara..][Iter:     920, lr:(2.640e-04,2.640e-06,2.640e-05,)] [eta: 0:02:31] loss: 1.4272e-01 Norm_mean: 5.5028e-01 
2024-12-13 14:38:43,941 INFO: [weara..][Iter:     930, lr:(2.560e-04,2.560e-06,2.560e-05,)] [eta: 0:02:26] loss: 8.3589e-01 Norm_mean: 5.5028e-01 
2024-12-13 14:38:48,502 INFO: [weara..][Iter:     940, lr:(2.480e-04,2.480e-06,2.480e-05,)] [eta: 0:02:21] loss: 9.0828e-01 Norm_mean: 5.5028e-01 
2024-12-13 14:38:52,945 INFO: [weara..][Iter:     950, lr:(2.400e-04,2.400e-06,2.400e-05,)] [eta: 0:02:17] loss: 3.0200e-01 Norm_mean: 5.5028e-01 
2024-12-13 14:38:57,483 INFO: [weara..][Iter:     960, lr:(2.320e-04,2.320e-06,2.320e-05,)] [eta: 0:02:12] loss: 2.8498e-02 Norm_mean: 5.5028e-01 
2024-12-13 14:39:02,178 INFO: [weara..][Iter:     970, lr:(2.240e-04,2.240e-06,2.240e-05,)] [eta: 0:02:08] loss: 5.4244e-01 Norm_mean: 5.5028e-01 
2024-12-13 14:39:06,669 INFO: [weara..][Iter:     980, lr:(2.160e-04,2.160e-06,2.160e-05,)] [eta: 0:02:03] loss: 1.4515e+00 Norm_mean: 5.5028e-01 
2024-12-13 14:39:11,228 INFO: [weara..][Iter:     990, lr:(2.080e-04,2.080e-06,2.080e-05,)] [eta: 0:01:58] loss: 1.3767e-01 Norm_mean: 5.5028e-01 
2024-12-13 14:39:15,806 INFO: [weara..][Iter:   1,000, lr:(2.000e-04,2.000e-06,2.000e-05,)] [eta: 0:01:54] loss: 2.7235e-01 Norm_mean: 5.5028e-01 
2024-12-13 14:39:20,316 INFO: [weara..][Iter:   1,010, lr:(1.920e-04,1.920e-06,1.920e-05,)] [eta: 0:01:49] loss: 5.6169e-02 Norm_mean: 5.5028e-01 
2024-12-13 14:39:24,901 INFO: [weara..][Iter:   1,020, lr:(1.840e-04,1.840e-06,1.840e-05,)] [eta: 0:01:45] loss: 7.8593e-01 Norm_mean: 5.5028e-01 
2024-12-13 14:39:29,470 INFO: [weara..][Iter:   1,030, lr:(1.760e-04,1.760e-06,1.760e-05,)] [eta: 0:01:40] loss: 4.9628e-02 Norm_mean: 5.5028e-01 
2024-12-13 14:39:34,033 INFO: [weara..][Iter:   1,040, lr:(1.680e-04,1.680e-06,1.680e-05,)] [eta: 0:01:35] loss: 1.1976e+00 Norm_mean: 5.5028e-01 
2024-12-13 14:39:38,576 INFO: [weara..][Iter:   1,050, lr:(1.600e-04,1.600e-06,1.600e-05,)] [eta: 0:01:31] loss: 1.9548e-01 Norm_mean: 5.5028e-01 
2024-12-13 14:39:43,240 INFO: [weara..][Iter:   1,060, lr:(1.520e-04,1.520e-06,1.520e-05,)] [eta: 0:01:26] loss: 7.5668e-01 Norm_mean: 5.5028e-01 
2024-12-13 14:39:47,885 INFO: [weara..][Iter:   1,070, lr:(1.440e-04,1.440e-06,1.440e-05,)] [eta: 0:01:22] loss: 5.8362e-01 Norm_mean: 5.5028e-01 
2024-12-13 14:39:52,467 INFO: [weara..][Iter:   1,080, lr:(1.360e-04,1.360e-06,1.360e-05,)] [eta: 0:01:17] loss: 1.5967e+00 Norm_mean: 5.5028e-01 
2024-12-13 14:39:57,030 INFO: [weara..][Iter:   1,090, lr:(1.280e-04,1.280e-06,1.280e-05,)] [eta: 0:01:12] loss: 2.3532e-02 Norm_mean: 5.5028e-01 
2024-12-13 14:40:01,507 INFO: [weara..][Iter:   1,100, lr:(1.200e-04,1.200e-06,1.200e-05,)] [eta: 0:01:08] loss: 7.7137e-02 Norm_mean: 5.5028e-01 
2024-12-13 14:40:06,099 INFO: [weara..][Iter:   1,110, lr:(1.120e-04,1.120e-06,1.120e-05,)] [eta: 0:01:03] loss: 9.0497e-02 Norm_mean: 5.5028e-01 
2024-12-13 14:40:10,638 INFO: [weara..][Iter:   1,120, lr:(1.040e-04,1.040e-06,1.040e-05,)] [eta: 0:00:59] loss: 4.3033e-01 Norm_mean: 5.5028e-01 
2024-12-13 14:40:15,335 INFO: [weara..][Iter:   1,130, lr:(9.600e-05,9.600e-07,9.600e-06,)] [eta: 0:00:54] loss: 3.3572e-01 Norm_mean: 5.5028e-01 
2024-12-13 14:40:20,170 INFO: [weara..][Iter:   1,140, lr:(8.800e-05,8.800e-07,8.800e-06,)] [eta: 0:00:50] loss: 8.8885e-02 Norm_mean: 5.5028e-01 
2024-12-13 14:40:24,694 INFO: [weara..][Iter:   1,150, lr:(8.000e-05,8.000e-07,8.000e-06,)] [eta: 0:00:45] loss: 7.3472e-01 Norm_mean: 5.5028e-01 
2024-12-13 14:40:29,281 INFO: [weara..][Iter:   1,160, lr:(7.200e-05,7.200e-07,7.200e-06,)] [eta: 0:00:40] loss: 1.6890e-01 Norm_mean: 5.5028e-01 
2024-12-13 14:40:33,916 INFO: [weara..][Iter:   1,170, lr:(6.400e-05,6.400e-07,6.400e-06,)] [eta: 0:00:36] loss: 1.5644e-01 Norm_mean: 5.5028e-01 
2024-12-13 14:40:38,451 INFO: [weara..][Iter:   1,180, lr:(5.600e-05,5.600e-07,5.600e-06,)] [eta: 0:00:31] loss: 5.1541e-01 Norm_mean: 5.5028e-01 
2024-12-13 14:40:43,112 INFO: [weara..][Iter:   1,190, lr:(4.800e-05,4.800e-07,4.800e-06,)] [eta: 0:00:27] loss: 5.7599e-01 Norm_mean: 5.5028e-01 
2024-12-13 14:40:47,575 INFO: [weara..][Iter:   1,200, lr:(4.000e-05,4.000e-07,4.000e-06,)] [eta: 0:00:22] loss: 2.6174e-01 Norm_mean: 5.5028e-01 
2024-12-13 14:40:52,177 INFO: [weara..][Iter:   1,210, lr:(3.200e-05,3.200e-07,3.200e-06,)] [eta: 0:00:17] loss: 1.1421e+00 Norm_mean: 5.5028e-01 
2024-12-13 14:40:56,800 INFO: [weara..][Iter:   1,220, lr:(2.400e-05,2.400e-07,2.400e-06,)] [eta: 0:00:13] loss: 2.4842e-01 Norm_mean: 5.5028e-01 
2024-12-13 14:41:01,477 INFO: [weara..][Iter:   1,230, lr:(1.600e-05,1.600e-07,1.600e-06,)] [eta: 0:00:08] loss: 2.1840e+00 Norm_mean: 5.5028e-01 
2024-12-13 14:41:06,083 INFO: [weara..][Iter:   1,240, lr:(8.000e-06,8.000e-08,8.000e-07,)] [eta: 0:00:04] loss: 6.6966e-02 Norm_mean: 5.5028e-01 
2024-12-13 14:41:10,369 INFO: [weara..][Iter:   1,250, lr:(0.000e+00,0.000e+00,0.000e+00,)] [eta: 0:00:00] loss: 1.3736e+00 Norm_mean: 5.5028e-01 
2024-12-13 14:41:10,376 INFO: Save state to /home/iampoo/dlcv2024/final/Concept-Conductor/experiments/wearable_glasses/models/edlora_model-latest.pth
2024-12-13 14:41:10,376 INFO: Start validation /home/iampoo/dlcv2024/final/Concept-Conductor/experiments/wearable_glasses/models/edlora_model-latest.pth:
