2024-12-13 13:39:27,213 INFO: Distributed environment: NO
Num processes: 1
Process index: 0
Local process index: 0
Device: cuda

Mixed precision type: fp16

2024-12-13 13:39:27,213 INFO: 
  name: flower_1
  manual_seed: 0
  mixed_precision: fp16
  gradient_accumulation_steps: 1
  datasets:[
    train:[
      name: LoraDataset
      concept_list: Data/jsons/flower_1.json
      use_caption: True
      use_mask: True
      instance_transform: [{'type': 'HumanResizeCropFinalV3', 'size': 512, 'crop_p': 0.5}, {'type': 'ToTensor'}, {'type': 'Normalize', 'mean': [0.5], 'std': [0.5]}, {'type': 'ShuffleCaption', 'keep_token_num': 1}, {'type': 'EnhanceText', 'enhance_type': 'object'}]
      replace_mapping:[
        <TOK>: <flower_1_1> <flower_1_2>
      ]
      batch_size_per_gpu: 2
      dataset_enlarge_ratio: 500
    ]
    val_vis:[
      name: PromptDataset
      prompts: Data/val.txt
      num_samples_per_prompt: 1
      latent_size: [4, 64, 64]
      replace_mapping:[
        <TOK>: <flower_1_1> <flower_1_2>
      ]
      batch_size_per_gpu: 4
    ]
  ]
  models:[
    pretrained_path: experiments/pretrained_models/chilloutmix
    enable_edlora: True
    finetune_cfg:[
      text_embedding:[
        enable_tuning: True
        lr: 0.001
      ]
      text_encoder:[
        enable_tuning: True
        lora_cfg:[
          rank: 4
          alpha: 1
          where: CLIPAttention
        ]
        lr: 1e-05
      ]
      unet:[
        enable_tuning: True
        lora_cfg:[
          rank: 4
          alpha: 1
          where: Attention
        ]
        lr: 0.0001
      ]
    ]
    new_concept_token: <flower_1_1>+<flower_1_2>
    noise_offset: 0.01
    initializer_token: <rand-0.013>+flower
    attn_reg_weight: 0.01
    reg_full_identity: False
    use_mask_loss: True
    gradient_checkpoint: False
    enable_xformers: True
  ]
  path:[
    pretrain_network: None
    experiments_root: /home/iampoo/dlcv2024/final/Concept-Conductor/experiments/flower_1
    models: /home/iampoo/dlcv2024/final/Concept-Conductor/experiments/flower_1/models
    log: /home/iampoo/dlcv2024/final/Concept-Conductor/experiments/flower_1
    visualization: /home/iampoo/dlcv2024/final/Concept-Conductor/experiments/flower_1/visualization
  ]
  train:[
    optim_g:[
      type: AdamW
      lr: 0.0
      weight_decay: 0.01
      betas: [0.9, 0.999]
    ]
    unet_kv_drop_rate: 0
    scheduler: linear
    emb_norm_threshold: 0.55
  ]
  val:[
    val_during_save: True
    compose_visualize: True
    alpha_list: [0, 0.7, 1.0]
    sample:[
      num_inference_steps: 50
      guidance_scale: 7.5
    ]
  ]
  logger:[
    print_freq: 10
    save_checkpoint_freq: 10000.0
  ]
  is_train: True

2024-12-13 13:39:28,787 INFO: <flower_1_1> (49408-49423) is random initialized by: <rand-0.013>
2024-12-13 13:39:29,098 INFO: <flower_1_2> (49424-49439) is random initialized by existing token (flower): 4055
2024-12-13 13:39:29,100 INFO: optimizing embedding using lr: 0.001
2024-12-13 13:39:29,101 INFO: optimizing text_encoder (0 LoRAs), using lr: 1e-05
2024-12-13 13:39:29,111 INFO: optimizing unet (128 LoRAs), using lr: 0.0001
2024-12-13 13:39:29,623 INFO: ***** Running training *****
2024-12-13 13:39:29,623 INFO:   Num examples = 4000
2024-12-13 13:39:29,623 INFO:   Instantaneous batch size per device = 2
2024-12-13 13:39:29,623 INFO:   Total train batch size (w. parallel, distributed & accumulation) = 2
2024-12-13 13:39:29,623 INFO:   Total optimization steps = 2000.0
2024-12-13 13:39:32,715 INFO: [flowe..][Iter:      10, lr:(9.950e-04,9.950e-06,9.950e-05,)] [eta: 0:09:19] loss: 4.0452e-02 Norm_mean: 3.9526e-01 
2024-12-13 13:39:35,301 INFO: [flowe..][Iter:      20, lr:(9.900e-04,9.900e-06,9.900e-05,)] [eta: 0:08:55] loss: 2.4271e-01 Norm_mean: 4.0915e-01 
2024-12-13 13:39:37,781 INFO: [flowe..][Iter:      30, lr:(9.850e-04,9.850e-06,9.850e-05,)] [eta: 0:08:38] loss: 3.0348e-01 Norm_mean: 4.2086e-01 
2024-12-13 13:39:39,920 INFO: [flowe..][Iter:      40, lr:(9.800e-04,9.800e-06,9.800e-05,)] [eta: 0:08:11] loss: 8.3050e-01 Norm_mean: 4.3119e-01 
2024-12-13 13:39:42,198 INFO: [flowe..][Iter:      50, lr:(9.750e-04,9.750e-06,9.750e-05,)] [eta: 0:08:00] loss: 9.4912e-02 Norm_mean: 4.4190e-01 
2024-12-13 13:39:44,687 INFO: [flowe..][Iter:      60, lr:(9.700e-04,9.700e-06,9.700e-05,)] [eta: 0:07:58] loss: 5.1679e-01 Norm_mean: 4.5158e-01 
2024-12-13 13:39:47,116 INFO: [flowe..][Iter:      70, lr:(9.650e-04,9.650e-06,9.650e-05,)] [eta: 0:07:55] loss: 6.7428e-01 Norm_mean: 4.5977e-01 
2024-12-13 13:39:49,714 INFO: [flowe..][Iter:      80, lr:(9.600e-04,9.600e-06,9.600e-05,)] [eta: 0:07:55] loss: 2.0261e-01 Norm_mean: 4.6766e-01 
2024-12-13 13:39:52,135 INFO: [flowe..][Iter:      90, lr:(9.550e-04,9.550e-06,9.550e-05,)] [eta: 0:07:52] loss: 2.1048e-02 Norm_mean: 4.7487e-01 
2024-12-13 13:39:54,563 INFO: [flowe..][Iter:     100, lr:(9.500e-04,9.500e-06,9.500e-05,)] [eta: 0:07:48] loss: 2.5180e-01 Norm_mean: 4.8125e-01 
2024-12-13 13:39:57,072 INFO: [flowe..][Iter:     110, lr:(9.450e-04,9.450e-06,9.450e-05,)] [eta: 0:07:47] loss: 4.1744e-01 Norm_mean: 4.8695e-01 
2024-12-13 13:39:59,348 INFO: [flowe..][Iter:     120, lr:(9.400e-04,9.400e-06,9.400e-05,)] [eta: 0:07:41] loss: 9.6392e-01 Norm_mean: 4.9209e-01 
2024-12-13 13:40:01,672 INFO: [flowe..][Iter:     130, lr:(9.350e-04,9.350e-06,9.350e-05,)] [eta: 0:07:37] loss: 4.8268e-01 Norm_mean: 4.9706e-01 
2024-12-13 13:40:04,190 INFO: [flowe..][Iter:     140, lr:(9.300e-04,9.300e-06,9.300e-05,)] [eta: 0:07:35] loss: 1.4223e+00 Norm_mean: 5.0223e-01 
2024-12-13 13:40:06,499 INFO: [flowe..][Iter:     150, lr:(9.250e-04,9.250e-06,9.250e-05,)] [eta: 0:07:31] loss: 1.1221e-01 Norm_mean: 5.0804e-01 
2024-12-13 13:40:08,862 INFO: [flowe..][Iter:     160, lr:(9.200e-04,9.200e-06,9.200e-05,)] [eta: 0:07:28] loss: 7.2489e-01 Norm_mean: 5.1287e-01 
2024-12-13 13:40:11,358 INFO: [flowe..][Iter:     170, lr:(9.150e-04,9.150e-06,9.150e-05,)] [eta: 0:07:26] loss: 8.3565e-02 Norm_mean: 5.1617e-01 
2024-12-13 13:40:13,650 INFO: [flowe..][Iter:     180, lr:(9.100e-04,9.100e-06,9.100e-05,)] [eta: 0:07:22] loss: 5.1049e-02 Norm_mean: 5.1946e-01 
2024-12-13 13:40:16,248 INFO: [flowe..][Iter:     190, lr:(9.050e-04,9.050e-06,9.050e-05,)] [eta: 0:07:21] loss: 1.2311e-01 Norm_mean: 5.2269e-01 
2024-12-13 13:40:18,479 INFO: [flowe..][Iter:     200, lr:(9.000e-04,9.000e-06,9.000e-05,)] [eta: 0:07:17] loss: 7.3083e-01 Norm_mean: 5.2614e-01 
2024-12-13 13:40:20,678 INFO: [flowe..][Iter:     210, lr:(8.950e-04,8.950e-06,8.950e-05,)] [eta: 0:07:12] loss: 6.3884e-01 Norm_mean: 5.3014e-01 
2024-12-13 13:40:23,215 INFO: [flowe..][Iter:     220, lr:(8.900e-04,8.900e-06,8.900e-05,)] [eta: 0:07:11] loss: 1.1583e+00 Norm_mean: 5.3388e-01 
2024-12-13 13:40:25,679 INFO: [flowe..][Iter:     230, lr:(8.850e-04,8.850e-06,8.850e-05,)] [eta: 0:07:09] loss: 3.0441e-01 Norm_mean: 5.3722e-01 
2024-12-13 13:40:28,124 INFO: [flowe..][Iter:     240, lr:(8.800e-04,8.800e-06,8.800e-05,)] [eta: 0:07:06] loss: 1.4343e+00 Norm_mean: 5.4046e-01 
2024-12-13 13:40:30,473 INFO: [flowe..][Iter:     250, lr:(8.750e-04,8.750e-06,8.750e-05,)] [eta: 0:07:04] loss: 9.1846e-01 Norm_mean: 5.4389e-01 
2024-12-13 13:40:32,947 INFO: [flowe..][Iter:     260, lr:(8.700e-04,8.700e-06,8.700e-05,)] [eta: 0:07:01] loss: 3.3296e-01 Norm_mean: 5.4693e-01 
2024-12-13 13:40:35,541 INFO: [flowe..][Iter:     270, lr:(8.650e-04,8.650e-06,8.650e-05,)] [eta: 0:07:00] loss: 6.4082e-01 Norm_mean: 5.5007e-01 
2024-12-13 13:40:38,090 INFO: [flowe..][Iter:     280, lr:(8.600e-04,8.600e-06,8.600e-05,)] [eta: 0:06:58] loss: 4.4407e-01 Norm_mean: 5.5007e-01 
2024-12-13 13:40:40,630 INFO: [flowe..][Iter:     290, lr:(8.550e-04,8.550e-06,8.550e-05,)] [eta: 0:06:57] loss: 5.6686e-01 Norm_mean: 5.5007e-01 
2024-12-13 13:40:42,970 INFO: [flowe..][Iter:     300, lr:(8.500e-04,8.500e-06,8.500e-05,)] [eta: 0:06:54] loss: 3.5939e-01 Norm_mean: 5.5007e-01 
2024-12-13 13:40:45,311 INFO: [flowe..][Iter:     310, lr:(8.450e-04,8.450e-06,8.450e-05,)] [eta: 0:06:51] loss: 1.1098e-01 Norm_mean: 5.5007e-01 
2024-12-13 13:40:47,645 INFO: [flowe..][Iter:     320, lr:(8.400e-04,8.400e-06,8.400e-05,)] [eta: 0:06:48] loss: 4.8340e-01 Norm_mean: 5.5007e-01 
2024-12-13 13:40:50,270 INFO: [flowe..][Iter:     330, lr:(8.350e-04,8.350e-06,8.350e-05,)] [eta: 0:06:46] loss: 2.0155e-01 Norm_mean: 5.5007e-01 
2024-12-13 13:40:52,754 INFO: [flowe..][Iter:     340, lr:(8.300e-04,8.300e-06,8.300e-05,)] [eta: 0:06:44] loss: 9.4236e-01 Norm_mean: 5.5007e-01 
2024-12-13 13:40:55,082 INFO: [flowe..][Iter:     350, lr:(8.250e-04,8.250e-06,8.250e-05,)] [eta: 0:06:41] loss: 4.1442e-01 Norm_mean: 5.5007e-01 
2024-12-13 13:40:57,604 INFO: [flowe..][Iter:     360, lr:(8.200e-04,8.200e-06,8.200e-05,)] [eta: 0:06:39] loss: 5.5883e-01 Norm_mean: 5.5007e-01 
2024-12-13 13:41:00,041 INFO: [flowe..][Iter:     370, lr:(8.150e-04,8.150e-06,8.150e-05,)] [eta: 0:06:37] loss: 5.3625e-02 Norm_mean: 5.5007e-01 
2024-12-13 13:41:02,408 INFO: [flowe..][Iter:     380, lr:(8.100e-04,8.100e-06,8.100e-05,)] [eta: 0:06:34] loss: 2.7688e-02 Norm_mean: 5.5007e-01 
2024-12-13 13:41:04,850 INFO: [flowe..][Iter:     390, lr:(8.050e-04,8.050e-06,8.050e-05,)] [eta: 0:06:31] loss: 9.3942e-01 Norm_mean: 5.5007e-01 
2024-12-13 13:41:07,346 INFO: [flowe..][Iter:     400, lr:(8.000e-04,8.000e-06,8.000e-05,)] [eta: 0:06:29] loss: 1.4098e-01 Norm_mean: 5.5007e-01 
2024-12-13 13:41:09,682 INFO: [flowe..][Iter:     410, lr:(7.950e-04,7.950e-06,7.950e-05,)] [eta: 0:06:26] loss: 4.9189e-01 Norm_mean: 5.5007e-01 
2024-12-13 13:41:12,047 INFO: [flowe..][Iter:     420, lr:(7.900e-04,7.900e-06,7.900e-05,)] [eta: 0:06:24] loss: 3.9771e-01 Norm_mean: 5.5007e-01 
2024-12-13 13:41:14,376 INFO: [flowe..][Iter:     430, lr:(7.850e-04,7.850e-06,7.850e-05,)] [eta: 0:06:21] loss: 4.9839e-01 Norm_mean: 5.5007e-01 
2024-12-13 13:41:16,886 INFO: [flowe..][Iter:     440, lr:(7.800e-04,7.800e-06,7.800e-05,)] [eta: 0:06:19] loss: 1.8583e-01 Norm_mean: 5.5007e-01 
2024-12-13 13:41:19,335 INFO: [flowe..][Iter:     450, lr:(7.750e-04,7.750e-06,7.750e-05,)] [eta: 0:06:16] loss: 4.4866e-01 Norm_mean: 5.5007e-01 
2024-12-13 13:41:21,899 INFO: [flowe..][Iter:     460, lr:(7.700e-04,7.700e-06,7.700e-05,)] [eta: 0:06:14] loss: 2.0264e-01 Norm_mean: 5.5007e-01 
2024-12-13 13:41:24,635 INFO: [flowe..][Iter:     470, lr:(7.650e-04,7.650e-06,7.650e-05,)] [eta: 0:06:13] loss: 3.2844e-01 Norm_mean: 5.5007e-01 
2024-12-13 13:41:27,066 INFO: [flowe..][Iter:     480, lr:(7.600e-04,7.600e-06,7.600e-05,)] [eta: 0:06:10] loss: 3.8540e-01 Norm_mean: 5.5007e-01 
2024-12-13 13:41:29,432 INFO: [flowe..][Iter:     490, lr:(7.550e-04,7.550e-06,7.550e-05,)] [eta: 0:06:08] loss: 3.6783e-01 Norm_mean: 5.5007e-01 
2024-12-13 13:41:31,797 INFO: [flowe..][Iter:     500, lr:(7.500e-04,7.500e-06,7.500e-05,)] [eta: 0:06:05] loss: 6.9425e-01 Norm_mean: 5.5007e-01 
2024-12-13 13:41:34,384 INFO: [flowe..][Iter:     510, lr:(7.450e-04,7.450e-06,7.450e-05,)] [eta: 0:06:03] loss: 7.7078e-01 Norm_mean: 5.5007e-01 
2024-12-13 13:41:36,815 INFO: [flowe..][Iter:     520, lr:(7.400e-04,7.400e-06,7.400e-05,)] [eta: 0:06:01] loss: 1.3846e+00 Norm_mean: 5.5007e-01 
2024-12-13 13:41:39,232 INFO: [flowe..][Iter:     530, lr:(7.350e-04,7.350e-06,7.350e-05,)] [eta: 0:05:58] loss: 3.3307e-01 Norm_mean: 5.5007e-01 
2024-12-13 13:41:41,705 INFO: [flowe..][Iter:     540, lr:(7.300e-04,7.300e-06,7.300e-05,)] [eta: 0:05:56] loss: 7.3852e-01 Norm_mean: 5.5007e-01 
2024-12-13 13:41:44,065 INFO: [flowe..][Iter:     550, lr:(7.250e-04,7.250e-06,7.250e-05,)] [eta: 0:05:53] loss: 8.2897e-01 Norm_mean: 5.5007e-01 
2024-12-13 13:41:46,373 INFO: [flowe..][Iter:     560, lr:(7.200e-04,7.200e-06,7.200e-05,)] [eta: 0:05:50] loss: 5.7762e-01 Norm_mean: 5.5007e-01 
2024-12-13 13:41:48,657 INFO: [flowe..][Iter:     570, lr:(7.150e-04,7.150e-06,7.150e-05,)] [eta: 0:05:47] loss: 1.5362e-01 Norm_mean: 5.5007e-01 
2024-12-13 13:41:50,962 INFO: [flowe..][Iter:     580, lr:(7.100e-04,7.100e-06,7.100e-05,)] [eta: 0:05:45] loss: 3.5160e-01 Norm_mean: 5.5007e-01 
2024-12-13 13:41:53,257 INFO: [flowe..][Iter:     590, lr:(7.050e-04,7.050e-06,7.050e-05,)] [eta: 0:05:42] loss: 4.5198e-01 Norm_mean: 5.5007e-01 
2024-12-13 13:41:55,627 INFO: [flowe..][Iter:     600, lr:(7.000e-04,7.000e-06,7.000e-05,)] [eta: 0:05:39] loss: 7.9128e-01 Norm_mean: 5.5007e-01 
2024-12-13 13:41:58,097 INFO: [flowe..][Iter:     610, lr:(6.950e-04,6.950e-06,6.950e-05,)] [eta: 0:05:37] loss: 1.8317e-02 Norm_mean: 5.5007e-01 
2024-12-13 13:42:00,525 INFO: [flowe..][Iter:     620, lr:(6.900e-04,6.900e-06,6.900e-05,)] [eta: 0:05:35] loss: 6.8028e-01 Norm_mean: 5.5007e-01 
2024-12-13 13:42:02,921 INFO: [flowe..][Iter:     630, lr:(6.850e-04,6.850e-06,6.850e-05,)] [eta: 0:05:32] loss: 7.7664e-01 Norm_mean: 5.5007e-01 
2024-12-13 13:42:05,389 INFO: [flowe..][Iter:     640, lr:(6.800e-04,6.800e-06,6.800e-05,)] [eta: 0:05:30] loss: 3.6835e-01 Norm_mean: 5.5007e-01 
2024-12-13 13:42:07,840 INFO: [flowe..][Iter:     650, lr:(6.750e-04,6.750e-06,6.750e-05,)] [eta: 0:05:27] loss: 1.0811e+00 Norm_mean: 5.5007e-01 
2024-12-13 13:42:10,236 INFO: [flowe..][Iter:     660, lr:(6.700e-04,6.700e-06,6.700e-05,)] [eta: 0:05:25] loss: 2.7761e-01 Norm_mean: 5.5007e-01 
2024-12-13 13:42:12,625 INFO: [flowe..][Iter:     670, lr:(6.650e-04,6.650e-06,6.650e-05,)] [eta: 0:05:22] loss: 5.7092e-02 Norm_mean: 5.5007e-01 
2024-12-13 13:42:14,997 INFO: [flowe..][Iter:     680, lr:(6.600e-04,6.600e-06,6.600e-05,)] [eta: 0:05:20] loss: 1.0500e+00 Norm_mean: 5.5007e-01 
2024-12-13 13:42:17,576 INFO: [flowe..][Iter:     690, lr:(6.550e-04,6.550e-06,6.550e-05,)] [eta: 0:05:18] loss: 3.4295e-01 Norm_mean: 5.5007e-01 
2024-12-13 13:42:19,751 INFO: [flowe..][Iter:     700, lr:(6.500e-04,6.500e-06,6.500e-05,)] [eta: 0:05:15] loss: 2.1362e-01 Norm_mean: 5.5007e-01 
2024-12-13 13:42:22,348 INFO: [flowe..][Iter:     710, lr:(6.450e-04,6.450e-06,6.450e-05,)] [eta: 0:05:13] loss: 7.9898e-01 Norm_mean: 5.5007e-01 
2024-12-13 13:42:24,685 INFO: [flowe..][Iter:     720, lr:(6.400e-04,6.400e-06,6.400e-05,)] [eta: 0:05:10] loss: 5.5650e-01 Norm_mean: 5.5007e-01 
2024-12-13 13:42:27,216 INFO: [flowe..][Iter:     730, lr:(6.350e-04,6.350e-06,6.350e-05,)] [eta: 0:05:08] loss: 3.9536e-01 Norm_mean: 5.5007e-01 
2024-12-13 13:42:29,680 INFO: [flowe..][Iter:     740, lr:(6.300e-04,6.300e-06,6.300e-05,)] [eta: 0:05:05] loss: 2.2632e-01 Norm_mean: 5.5007e-01 
2024-12-13 13:42:32,230 INFO: [flowe..][Iter:     750, lr:(6.250e-04,6.250e-06,6.250e-05,)] [eta: 0:05:03] loss: 1.0756e-01 Norm_mean: 5.5007e-01 
2024-12-13 13:42:34,540 INFO: [flowe..][Iter:     760, lr:(6.200e-04,6.200e-06,6.200e-05,)] [eta: 0:05:01] loss: 1.0132e+00 Norm_mean: 5.5007e-01 
2024-12-13 13:42:36,895 INFO: [flowe..][Iter:     770, lr:(6.150e-04,6.150e-06,6.150e-05,)] [eta: 0:04:58] loss: 7.5049e-02 Norm_mean: 5.5007e-01 
2024-12-13 13:42:39,410 INFO: [flowe..][Iter:     780, lr:(6.100e-04,6.100e-06,6.100e-05,)] [eta: 0:04:56] loss: 6.3836e-02 Norm_mean: 5.5007e-01 
2024-12-13 13:42:41,666 INFO: [flowe..][Iter:     790, lr:(6.050e-04,6.050e-06,6.050e-05,)] [eta: 0:04:53] loss: 1.0803e-01 Norm_mean: 5.5007e-01 
2024-12-13 13:42:44,192 INFO: [flowe..][Iter:     800, lr:(6.000e-04,6.000e-06,6.000e-05,)] [eta: 0:04:51] loss: 2.3564e-01 Norm_mean: 5.5007e-01 
2024-12-13 13:42:46,616 INFO: [flowe..][Iter:     810, lr:(5.950e-04,5.950e-06,5.950e-05,)] [eta: 0:04:48] loss: 6.7942e-01 Norm_mean: 5.5007e-01 
2024-12-13 13:42:48,925 INFO: [flowe..][Iter:     820, lr:(5.900e-04,5.900e-06,5.900e-05,)] [eta: 0:04:46] loss: 1.0017e-01 Norm_mean: 5.5007e-01 
2024-12-13 13:42:51,283 INFO: [flowe..][Iter:     830, lr:(5.850e-04,5.850e-06,5.850e-05,)] [eta: 0:04:43] loss: 1.3288e+00 Norm_mean: 5.5007e-01 
2024-12-13 13:42:53,638 INFO: [flowe..][Iter:     840, lr:(5.800e-04,5.800e-06,5.800e-05,)] [eta: 0:04:41] loss: 1.2359e-01 Norm_mean: 5.5007e-01 
2024-12-13 13:42:56,029 INFO: [flowe..][Iter:     850, lr:(5.750e-04,5.750e-06,5.750e-05,)] [eta: 0:04:38] loss: 1.6301e+00 Norm_mean: 5.5007e-01 
2024-12-13 13:42:58,538 INFO: [flowe..][Iter:     860, lr:(5.700e-04,5.700e-06,5.700e-05,)] [eta: 0:04:36] loss: 1.2601e-01 Norm_mean: 5.5007e-01 
2024-12-13 13:43:01,052 INFO: [flowe..][Iter:     870, lr:(5.650e-04,5.650e-06,5.650e-05,)] [eta: 0:04:34] loss: 6.6831e-01 Norm_mean: 5.5007e-01 
2024-12-13 13:43:03,323 INFO: [flowe..][Iter:     880, lr:(5.600e-04,5.600e-06,5.600e-05,)] [eta: 0:04:31] loss: 2.7994e-01 Norm_mean: 5.5007e-01 
2024-12-13 13:43:05,678 INFO: [flowe..][Iter:     890, lr:(5.550e-04,5.550e-06,5.550e-05,)] [eta: 0:04:28] loss: 1.0003e+00 Norm_mean: 5.5007e-01 
2024-12-13 13:43:08,154 INFO: [flowe..][Iter:     900, lr:(5.500e-04,5.500e-06,5.500e-05,)] [eta: 0:04:26] loss: 1.2593e+00 Norm_mean: 5.5007e-01 
2024-12-13 13:43:10,540 INFO: [flowe..][Iter:     910, lr:(5.450e-04,5.450e-06,5.450e-05,)] [eta: 0:04:24] loss: 1.0917e+00 Norm_mean: 5.5007e-01 
2024-12-13 13:43:12,952 INFO: [flowe..][Iter:     920, lr:(5.400e-04,5.400e-06,5.400e-05,)] [eta: 0:04:21] loss: 1.8846e-01 Norm_mean: 5.5007e-01 
2024-12-13 13:43:15,383 INFO: [flowe..][Iter:     930, lr:(5.350e-04,5.350e-06,5.350e-05,)] [eta: 0:04:19] loss: 8.1214e-01 Norm_mean: 5.5007e-01 
2024-12-13 13:43:17,785 INFO: [flowe..][Iter:     940, lr:(5.300e-04,5.300e-06,5.300e-05,)] [eta: 0:04:16] loss: 1.5508e+00 Norm_mean: 5.5007e-01 
2024-12-13 13:43:20,283 INFO: [flowe..][Iter:     950, lr:(5.250e-04,5.250e-06,5.250e-05,)] [eta: 0:04:14] loss: 3.8665e-01 Norm_mean: 5.5007e-01 
2024-12-13 13:43:22,888 INFO: [flowe..][Iter:     960, lr:(5.200e-04,5.200e-06,5.200e-05,)] [eta: 0:04:12] loss: 2.8306e-02 Norm_mean: 5.5007e-01 
2024-12-13 13:43:25,156 INFO: [flowe..][Iter:     970, lr:(5.150e-04,5.150e-06,5.150e-05,)] [eta: 0:04:09] loss: 7.4852e-01 Norm_mean: 5.5007e-01 
2024-12-13 13:43:27,567 INFO: [flowe..][Iter:     980, lr:(5.100e-04,5.100e-06,5.100e-05,)] [eta: 0:04:07] loss: 1.1649e+00 Norm_mean: 5.5007e-01 
2024-12-13 13:43:30,127 INFO: [flowe..][Iter:     990, lr:(5.050e-04,5.050e-06,5.050e-05,)] [eta: 0:04:04] loss: 1.7969e-01 Norm_mean: 5.5007e-01 
2024-12-13 13:43:32,637 INFO: [flowe..][Iter:   1,000, lr:(5.000e-04,5.000e-06,5.000e-05,)] [eta: 0:04:02] loss: 4.0308e-01 Norm_mean: 5.5007e-01 
2024-12-13 13:43:35,033 INFO: [flowe..][Iter:   1,010, lr:(4.950e-04,4.950e-06,4.950e-05,)] [eta: 0:04:00] loss: 7.2790e-02 Norm_mean: 5.5007e-01 
2024-12-13 13:43:37,117 INFO: [flowe..][Iter:   1,020, lr:(4.900e-04,4.900e-06,4.900e-05,)] [eta: 0:03:57] loss: 1.2856e+00 Norm_mean: 5.5007e-01 
2024-12-13 13:43:39,555 INFO: [flowe..][Iter:   1,030, lr:(4.850e-04,4.850e-06,4.850e-05,)] [eta: 0:03:54] loss: 6.6665e-02 Norm_mean: 5.5007e-01 
2024-12-13 13:43:42,084 INFO: [flowe..][Iter:   1,040, lr:(4.800e-04,4.800e-06,4.800e-05,)] [eta: 0:03:52] loss: 1.6445e+00 Norm_mean: 5.5007e-01 
2024-12-13 13:43:44,695 INFO: [flowe..][Iter:   1,050, lr:(4.750e-04,4.750e-06,4.750e-05,)] [eta: 0:03:50] loss: 3.0828e-01 Norm_mean: 5.5007e-01 
2024-12-13 13:43:47,203 INFO: [flowe..][Iter:   1,060, lr:(4.700e-04,4.700e-06,4.700e-05,)] [eta: 0:03:47] loss: 6.5105e-01 Norm_mean: 5.5007e-01 
2024-12-13 13:43:49,612 INFO: [flowe..][Iter:   1,070, lr:(4.650e-04,4.650e-06,4.650e-05,)] [eta: 0:03:45] loss: 8.3422e-01 Norm_mean: 5.5007e-01 
2024-12-13 13:43:52,266 INFO: [flowe..][Iter:   1,080, lr:(4.600e-04,4.600e-06,4.600e-05,)] [eta: 0:03:43] loss: 2.2076e+00 Norm_mean: 5.5007e-01 
2024-12-13 13:43:54,624 INFO: [flowe..][Iter:   1,090, lr:(4.550e-04,4.550e-06,4.550e-05,)] [eta: 0:03:40] loss: 2.7813e-02 Norm_mean: 5.5007e-01 
2024-12-13 13:43:56,974 INFO: [flowe..][Iter:   1,100, lr:(4.500e-04,4.500e-06,4.500e-05,)] [eta: 0:03:38] loss: 8.5461e-02 Norm_mean: 5.5007e-01 
2024-12-13 13:43:59,311 INFO: [flowe..][Iter:   1,110, lr:(4.450e-04,4.450e-06,4.450e-05,)] [eta: 0:03:35] loss: 1.4570e-01 Norm_mean: 5.5007e-01 
2024-12-13 13:44:01,707 INFO: [flowe..][Iter:   1,120, lr:(4.400e-04,4.400e-06,4.400e-05,)] [eta: 0:03:33] loss: 5.9758e-01 Norm_mean: 5.5007e-01 
2024-12-13 13:44:04,247 INFO: [flowe..][Iter:   1,130, lr:(4.350e-04,4.350e-06,4.350e-05,)] [eta: 0:03:31] loss: 5.4887e-01 Norm_mean: 5.5007e-01 
2024-12-13 13:44:06,715 INFO: [flowe..][Iter:   1,140, lr:(4.300e-04,4.300e-06,4.300e-05,)] [eta: 0:03:28] loss: 1.1663e-01 Norm_mean: 5.5007e-01 
2024-12-13 13:44:09,141 INFO: [flowe..][Iter:   1,150, lr:(4.250e-04,4.250e-06,4.250e-05,)] [eta: 0:03:26] loss: 1.0172e+00 Norm_mean: 5.5007e-01 
2024-12-13 13:44:11,577 INFO: [flowe..][Iter:   1,160, lr:(4.200e-04,4.200e-06,4.200e-05,)] [eta: 0:03:23] loss: 2.6039e-01 Norm_mean: 5.5007e-01 
2024-12-13 13:44:14,031 INFO: [flowe..][Iter:   1,170, lr:(4.150e-04,4.150e-06,4.150e-05,)] [eta: 0:03:21] loss: 2.1091e-01 Norm_mean: 5.5007e-01 
2024-12-13 13:44:16,313 INFO: [flowe..][Iter:   1,180, lr:(4.100e-04,4.100e-06,4.100e-05,)] [eta: 0:03:18] loss: 5.4221e-01 Norm_mean: 5.5007e-01 
2024-12-13 13:44:18,659 INFO: [flowe..][Iter:   1,190, lr:(4.050e-04,4.050e-06,4.050e-05,)] [eta: 0:03:16] loss: 7.9574e-01 Norm_mean: 5.5007e-01 
2024-12-13 13:44:21,143 INFO: [flowe..][Iter:   1,200, lr:(4.000e-04,4.000e-06,4.000e-05,)] [eta: 0:03:13] loss: 3.3686e-01 Norm_mean: 5.5007e-01 
2024-12-13 13:44:23,807 INFO: [flowe..][Iter:   1,210, lr:(3.950e-04,3.950e-06,3.950e-05,)] [eta: 0:03:11] loss: 1.2977e+00 Norm_mean: 5.5007e-01 
2024-12-13 13:44:26,351 INFO: [flowe..][Iter:   1,220, lr:(3.900e-04,3.900e-06,3.900e-05,)] [eta: 0:03:09] loss: 3.1492e-01 Norm_mean: 5.5007e-01 
2024-12-13 13:44:28,669 INFO: [flowe..][Iter:   1,230, lr:(3.850e-04,3.850e-06,3.850e-05,)] [eta: 0:03:06] loss: 2.7795e+00 Norm_mean: 5.5007e-01 
2024-12-13 13:44:30,864 INFO: [flowe..][Iter:   1,240, lr:(3.800e-04,3.800e-06,3.800e-05,)] [eta: 0:03:04] loss: 1.0424e-01 Norm_mean: 5.5007e-01 
2024-12-13 13:44:33,384 INFO: [flowe..][Iter:   1,250, lr:(3.750e-04,3.750e-06,3.750e-05,)] [eta: 0:03:01] loss: 1.4781e+00 Norm_mean: 5.5007e-01 
2024-12-13 13:44:35,804 INFO: [flowe..][Iter:   1,260, lr:(3.700e-04,3.700e-06,3.700e-05,)] [eta: 0:02:59] loss: 3.1743e-01 Norm_mean: 5.5007e-01 
2024-12-13 13:44:38,404 INFO: [flowe..][Iter:   1,270, lr:(3.650e-04,3.650e-06,3.650e-05,)] [eta: 0:02:57] loss: 1.2801e+00 Norm_mean: 5.5007e-01 
2024-12-13 13:44:40,989 INFO: [flowe..][Iter:   1,280, lr:(3.600e-04,3.600e-06,3.600e-05,)] [eta: 0:02:54] loss: 3.1210e-02 Norm_mean: 5.5007e-01 
2024-12-13 13:44:43,431 INFO: [flowe..][Iter:   1,290, lr:(3.550e-04,3.550e-06,3.550e-05,)] [eta: 0:02:52] loss: 6.1108e-01 Norm_mean: 5.5007e-01 
2024-12-13 13:44:45,970 INFO: [flowe..][Iter:   1,300, lr:(3.500e-04,3.500e-06,3.500e-05,)] [eta: 0:02:49] loss: 1.5441e+00 Norm_mean: 5.5007e-01 
2024-12-13 13:44:48,405 INFO: [flowe..][Iter:   1,310, lr:(3.450e-04,3.450e-06,3.450e-05,)] [eta: 0:02:47] loss: 9.8350e-01 Norm_mean: 5.5007e-01 
2024-12-13 13:44:50,754 INFO: [flowe..][Iter:   1,320, lr:(3.400e-04,3.400e-06,3.400e-05,)] [eta: 0:02:45] loss: 4.2722e-01 Norm_mean: 5.5007e-01 
2024-12-13 13:44:53,215 INFO: [flowe..][Iter:   1,330, lr:(3.350e-04,3.350e-06,3.350e-05,)] [eta: 0:02:42] loss: 2.8228e-01 Norm_mean: 5.5007e-01 
2024-12-13 13:44:55,795 INFO: [flowe..][Iter:   1,340, lr:(3.300e-04,3.300e-06,3.300e-05,)] [eta: 0:02:40] loss: 1.7942e-01 Norm_mean: 5.5007e-01 
2024-12-13 13:44:58,189 INFO: [flowe..][Iter:   1,350, lr:(3.250e-04,3.250e-06,3.250e-05,)] [eta: 0:02:37] loss: 7.4568e-02 Norm_mean: 5.5007e-01 
2024-12-13 13:45:00,584 INFO: [flowe..][Iter:   1,360, lr:(3.200e-04,3.200e-06,3.200e-05,)] [eta: 0:02:35] loss: 7.1946e-01 Norm_mean: 5.5007e-01 
2024-12-13 13:45:03,124 INFO: [flowe..][Iter:   1,370, lr:(3.150e-04,3.150e-06,3.150e-05,)] [eta: 0:02:33] loss: 1.0627e+00 Norm_mean: 5.5007e-01 
2024-12-13 13:45:05,591 INFO: [flowe..][Iter:   1,380, lr:(3.100e-04,3.100e-06,3.100e-05,)] [eta: 0:02:30] loss: 1.0710e+00 Norm_mean: 5.5007e-01 
2024-12-13 13:45:08,158 INFO: [flowe..][Iter:   1,390, lr:(3.050e-04,3.050e-06,3.050e-05,)] [eta: 0:02:28] loss: 1.0181e+00 Norm_mean: 5.5007e-01 
2024-12-13 13:45:10,540 INFO: [flowe..][Iter:   1,400, lr:(3.000e-04,3.000e-06,3.000e-05,)] [eta: 0:02:25] loss: 7.9476e-01 Norm_mean: 5.5007e-01 
2024-12-13 13:45:13,069 INFO: [flowe..][Iter:   1,410, lr:(2.950e-04,2.950e-06,2.950e-05,)] [eta: 0:02:23] loss: 4.8880e-02 Norm_mean: 5.5007e-01 
2024-12-13 13:45:15,401 INFO: [flowe..][Iter:   1,420, lr:(2.900e-04,2.900e-06,2.900e-05,)] [eta: 0:02:20] loss: 2.8442e-02 Norm_mean: 5.5007e-01 
2024-12-13 13:45:17,781 INFO: [flowe..][Iter:   1,430, lr:(2.850e-04,2.850e-06,2.850e-05,)] [eta: 0:02:18] loss: 1.7790e-01 Norm_mean: 5.5007e-01 
2024-12-13 13:45:20,084 INFO: [flowe..][Iter:   1,440, lr:(2.800e-04,2.800e-06,2.800e-05,)] [eta: 0:02:15] loss: 6.4214e-02 Norm_mean: 5.5007e-01 
2024-12-13 13:45:22,526 INFO: [flowe..][Iter:   1,450, lr:(2.750e-04,2.750e-06,2.750e-05,)] [eta: 0:02:13] loss: 8.6201e-01 Norm_mean: 5.5007e-01 
2024-12-13 13:45:25,066 INFO: [flowe..][Iter:   1,460, lr:(2.700e-04,2.700e-06,2.700e-05,)] [eta: 0:02:11] loss: 8.9661e-01 Norm_mean: 5.5007e-01 
2024-12-13 13:45:27,450 INFO: [flowe..][Iter:   1,470, lr:(2.650e-04,2.650e-06,2.650e-05,)] [eta: 0:02:08] loss: 1.5198e-01 Norm_mean: 5.5007e-01 
2024-12-13 13:45:30,002 INFO: [flowe..][Iter:   1,480, lr:(2.600e-04,2.600e-06,2.600e-05,)] [eta: 0:02:06] loss: 8.9094e-01 Norm_mean: 5.5007e-01 
2024-12-13 13:45:32,596 INFO: [flowe..][Iter:   1,490, lr:(2.550e-04,2.550e-06,2.550e-05,)] [eta: 0:02:03] loss: 9.5428e-01 Norm_mean: 5.5007e-01 
2024-12-13 13:45:34,903 INFO: [flowe..][Iter:   1,500, lr:(2.500e-04,2.500e-06,2.500e-05,)] [eta: 0:02:01] loss: 1.5036e+00 Norm_mean: 5.5007e-01 
2024-12-13 13:45:37,485 INFO: [flowe..][Iter:   1,510, lr:(2.450e-04,2.450e-06,2.450e-05,)] [eta: 0:01:59] loss: 3.2973e-01 Norm_mean: 5.5007e-01 
2024-12-13 13:45:39,947 INFO: [flowe..][Iter:   1,520, lr:(2.400e-04,2.400e-06,2.400e-05,)] [eta: 0:01:56] loss: 6.5191e-01 Norm_mean: 5.5007e-01 
2024-12-13 13:45:42,453 INFO: [flowe..][Iter:   1,530, lr:(2.350e-04,2.350e-06,2.350e-05,)] [eta: 0:01:54] loss: 3.0832e-01 Norm_mean: 5.5007e-01 
2024-12-13 13:45:44,925 INFO: [flowe..][Iter:   1,540, lr:(2.300e-04,2.300e-06,2.300e-05,)] [eta: 0:01:51] loss: 8.1530e-01 Norm_mean: 5.5007e-01 
2024-12-13 13:45:47,298 INFO: [flowe..][Iter:   1,550, lr:(2.250e-04,2.250e-06,2.250e-05,)] [eta: 0:01:49] loss: 5.2800e-01 Norm_mean: 5.5007e-01 
2024-12-13 13:45:49,722 INFO: [flowe..][Iter:   1,560, lr:(2.200e-04,2.200e-06,2.200e-05,)] [eta: 0:01:46] loss: 3.1458e-01 Norm_mean: 5.5007e-01 
2024-12-13 13:45:52,038 INFO: [flowe..][Iter:   1,570, lr:(2.150e-04,2.150e-06,2.150e-05,)] [eta: 0:01:44] loss: 1.0054e-01 Norm_mean: 5.5007e-01 
2024-12-13 13:45:54,489 INFO: [flowe..][Iter:   1,580, lr:(2.100e-04,2.100e-06,2.100e-05,)] [eta: 0:01:41] loss: 7.9382e-01 Norm_mean: 5.5007e-01 
2024-12-13 13:45:56,996 INFO: [flowe..][Iter:   1,590, lr:(2.050e-04,2.050e-06,2.050e-05,)] [eta: 0:01:39] loss: 1.9775e-01 Norm_mean: 5.5007e-01 
2024-12-13 13:45:59,474 INFO: [flowe..][Iter:   1,600, lr:(2.000e-04,2.000e-06,2.000e-05,)] [eta: 0:01:37] loss: 6.9746e-01 Norm_mean: 5.5007e-01 
2024-12-13 13:46:01,919 INFO: [flowe..][Iter:   1,610, lr:(1.950e-04,1.950e-06,1.950e-05,)] [eta: 0:01:34] loss: 2.9629e-01 Norm_mean: 5.5007e-01 
2024-12-13 13:46:04,379 INFO: [flowe..][Iter:   1,620, lr:(1.900e-04,1.900e-06,1.900e-05,)] [eta: 0:01:32] loss: 5.0551e-01 Norm_mean: 5.5007e-01 
2024-12-13 13:46:06,826 INFO: [flowe..][Iter:   1,630, lr:(1.850e-04,1.850e-06,1.850e-05,)] [eta: 0:01:29] loss: 3.8229e-01 Norm_mean: 5.5007e-01 
2024-12-13 13:46:09,355 INFO: [flowe..][Iter:   1,640, lr:(1.800e-04,1.800e-06,1.800e-05,)] [eta: 0:01:27] loss: 1.4675e-01 Norm_mean: 5.5007e-01 
2024-12-13 13:46:11,709 INFO: [flowe..][Iter:   1,650, lr:(1.750e-04,1.750e-06,1.750e-05,)] [eta: 0:01:24] loss: 1.2621e+00 Norm_mean: 5.5007e-01 
2024-12-13 13:46:14,161 INFO: [flowe..][Iter:   1,660, lr:(1.700e-04,1.700e-06,1.700e-05,)] [eta: 0:01:22] loss: 1.1906e+00 Norm_mean: 5.5007e-01 
2024-12-13 13:46:16,472 INFO: [flowe..][Iter:   1,670, lr:(1.650e-04,1.650e-06,1.650e-05,)] [eta: 0:01:20] loss: 6.9379e-01 Norm_mean: 5.5007e-01 
2024-12-13 13:46:18,949 INFO: [flowe..][Iter:   1,680, lr:(1.600e-04,1.600e-06,1.600e-05,)] [eta: 0:01:17] loss: 1.4344e+00 Norm_mean: 5.5007e-01 
2024-12-13 13:46:21,421 INFO: [flowe..][Iter:   1,690, lr:(1.550e-04,1.550e-06,1.550e-05,)] [eta: 0:01:15] loss: 1.0616e-01 Norm_mean: 5.5007e-01 
2024-12-13 13:46:23,881 INFO: [flowe..][Iter:   1,700, lr:(1.500e-04,1.500e-06,1.500e-05,)] [eta: 0:01:12] loss: 5.2189e-01 Norm_mean: 5.5007e-01 
2024-12-13 13:46:26,351 INFO: [flowe..][Iter:   1,710, lr:(1.450e-04,1.450e-06,1.450e-05,)] [eta: 0:01:10] loss: 4.5841e-01 Norm_mean: 5.5007e-01 
2024-12-13 13:46:28,794 INFO: [flowe..][Iter:   1,720, lr:(1.400e-04,1.400e-06,1.400e-05,)] [eta: 0:01:07] loss: 1.6995e-01 Norm_mean: 5.5007e-01 
2024-12-13 13:46:31,069 INFO: [flowe..][Iter:   1,730, lr:(1.350e-04,1.350e-06,1.350e-05,)] [eta: 0:01:05] loss: 2.1867e-01 Norm_mean: 5.5007e-01 
2024-12-13 13:46:33,587 INFO: [flowe..][Iter:   1,740, lr:(1.300e-04,1.300e-06,1.300e-05,)] [eta: 0:01:03] loss: 1.2815e+00 Norm_mean: 5.5007e-01 
2024-12-13 13:46:36,084 INFO: [flowe..][Iter:   1,750, lr:(1.250e-04,1.250e-06,1.250e-05,)] [eta: 0:01:00] loss: 1.8158e-01 Norm_mean: 5.5007e-01 
2024-12-13 13:46:38,352 INFO: [flowe..][Iter:   1,760, lr:(1.200e-04,1.200e-06,1.200e-05,)] [eta: 0:00:58] loss: 8.6653e-02 Norm_mean: 5.5007e-01 
2024-12-13 13:46:40,672 INFO: [flowe..][Iter:   1,770, lr:(1.150e-04,1.150e-06,1.150e-05,)] [eta: 0:00:55] loss: 8.3601e-01 Norm_mean: 5.5007e-01 
2024-12-13 13:46:43,005 INFO: [flowe..][Iter:   1,780, lr:(1.100e-04,1.100e-06,1.100e-05,)] [eta: 0:00:53] loss: 5.8347e-01 Norm_mean: 5.5007e-01 
2024-12-13 13:46:45,439 INFO: [flowe..][Iter:   1,790, lr:(1.050e-04,1.050e-06,1.050e-05,)] [eta: 0:00:50] loss: 7.6962e-01 Norm_mean: 5.5007e-01 
2024-12-13 13:46:47,951 INFO: [flowe..][Iter:   1,800, lr:(1.000e-04,1.000e-06,1.000e-05,)] [eta: 0:00:48] loss: 3.4019e-01 Norm_mean: 5.5007e-01 
2024-12-13 13:46:50,210 INFO: [flowe..][Iter:   1,810, lr:(9.500e-05,9.500e-07,9.500e-06,)] [eta: 0:00:45] loss: 4.8398e-01 Norm_mean: 5.5007e-01 
2024-12-13 13:46:52,629 INFO: [flowe..][Iter:   1,820, lr:(9.000e-05,9.000e-07,9.000e-06,)] [eta: 0:00:43] loss: 4.0335e-01 Norm_mean: 5.5007e-01 
2024-12-13 13:46:55,014 INFO: [flowe..][Iter:   1,830, lr:(8.500e-05,8.500e-07,8.500e-06,)] [eta: 0:00:41] loss: 1.6595e-01 Norm_mean: 5.5007e-01 
2024-12-13 13:46:57,315 INFO: [flowe..][Iter:   1,840, lr:(8.000e-05,8.000e-07,8.000e-06,)] [eta: 0:00:38] loss: 8.8634e-01 Norm_mean: 5.5007e-01 
2024-12-13 13:46:59,685 INFO: [flowe..][Iter:   1,850, lr:(7.500e-05,7.500e-07,7.500e-06,)] [eta: 0:00:36] loss: 1.3095e+00 Norm_mean: 5.5007e-01 
2024-12-13 13:47:02,033 INFO: [flowe..][Iter:   1,860, lr:(7.000e-05,7.000e-07,7.000e-06,)] [eta: 0:00:33] loss: 7.7056e-01 Norm_mean: 5.5007e-01 
2024-12-13 13:47:04,497 INFO: [flowe..][Iter:   1,870, lr:(6.500e-05,6.500e-07,6.500e-06,)] [eta: 0:00:31] loss: 4.7027e-01 Norm_mean: 5.5007e-01 
2024-12-13 13:47:06,936 INFO: [flowe..][Iter:   1,880, lr:(6.000e-05,6.000e-07,6.000e-06,)] [eta: 0:00:28] loss: 5.2104e-01 Norm_mean: 5.5007e-01 
2024-12-13 13:47:09,428 INFO: [flowe..][Iter:   1,890, lr:(5.500e-05,5.500e-07,5.500e-06,)] [eta: 0:00:26] loss: 7.4606e-01 Norm_mean: 5.5007e-01 
2024-12-13 13:47:11,995 INFO: [flowe..][Iter:   1,900, lr:(5.000e-05,5.000e-07,5.000e-06,)] [eta: 0:00:24] loss: 9.9813e-01 Norm_mean: 5.5007e-01 
2024-12-13 13:47:14,380 INFO: [flowe..][Iter:   1,910, lr:(4.500e-05,4.500e-07,4.500e-06,)] [eta: 0:00:21] loss: 1.3800e-01 Norm_mean: 5.5007e-01 
2024-12-13 13:47:16,756 INFO: [flowe..][Iter:   1,920, lr:(4.000e-05,4.000e-07,4.000e-06,)] [eta: 0:00:19] loss: 3.5606e-01 Norm_mean: 5.5007e-01 
2024-12-13 13:47:19,230 INFO: [flowe..][Iter:   1,930, lr:(3.500e-05,3.500e-07,3.500e-06,)] [eta: 0:00:16] loss: 7.0179e-01 Norm_mean: 5.5007e-01 
2024-12-13 13:47:21,644 INFO: [flowe..][Iter:   1,940, lr:(3.000e-05,3.000e-07,3.000e-06,)] [eta: 0:00:14] loss: 7.1181e-02 Norm_mean: 5.5007e-01 
2024-12-13 13:47:24,066 INFO: [flowe..][Iter:   1,950, lr:(2.500e-05,2.500e-07,2.500e-06,)] [eta: 0:00:11] loss: 8.1600e-01 Norm_mean: 5.5007e-01 
2024-12-13 13:47:26,453 INFO: [flowe..][Iter:   1,960, lr:(2.000e-05,2.000e-07,2.000e-06,)] [eta: 0:00:09] loss: 9.4009e-02 Norm_mean: 5.5007e-01 
2024-12-13 13:47:28,838 INFO: [flowe..][Iter:   1,970, lr:(1.500e-05,1.500e-07,1.500e-06,)] [eta: 0:00:07] loss: 4.9713e-01 Norm_mean: 5.5007e-01 
2024-12-13 13:47:31,424 INFO: [flowe..][Iter:   1,980, lr:(1.000e-05,1.000e-07,1.000e-06,)] [eta: 0:00:04] loss: 1.5640e+00 Norm_mean: 5.5007e-01 
2024-12-13 13:47:33,851 INFO: [flowe..][Iter:   1,990, lr:(5.000e-06,5.000e-08,5.000e-07,)] [eta: 0:00:02] loss: 6.8125e-01 Norm_mean: 5.5007e-01 
2024-12-13 13:47:36,466 INFO: [flowe..][Iter:   2,000, lr:(0.000e+00,0.000e+00,0.000e+00,)] [eta: 0:00:00] loss: 8.0884e-02 Norm_mean: 5.5007e-01 
2024-12-13 13:47:36,474 INFO: Save state to /home/iampoo/dlcv2024/final/Concept-Conductor/experiments/flower_1/models/edlora_model-latest.pth
2024-12-13 13:47:36,474 INFO: Start validation /home/iampoo/dlcv2024/final/Concept-Conductor/experiments/flower_1/models/edlora_model-latest.pth:
